#
# A fatal error has been detected by the Java Runtime Environment:
#
#  Internal Error (jvmciRuntime.cpp:1609), pid=24, tid=48
#  fatal error: Fatal exception in JVMCI: Error calling jdk.vm.ci.services.Services.serializeSavedProperties
#
# JRE version: OpenJDK Runtime Environment GraalVM CE 22.3.0 (17.0.5+8) (build 17.0.5+8-jvmci-22.3-b08)
# Java VM: OpenJDK 64-Bit Server VM GraalVM CE 22.3.0 (17.0.5+8-jvmci-22.3-b08, mixed mode, sharing, tiered, jvmci, jvmci compiler, compressed oops, compressed class ptrs, parallel gc, linux-amd64)
# Problematic frame:
# V  [libjvm.so+0x972714]  JVMCIRuntime::fatal_exception(JVMCIEnv*, char const*)+0x74
#
# Core dump will be written. Default location: Core dumps may be processed with "/usr/share/apport/apport -p%p -s%s -c%c -d%d -P%P -u%u -g%g -- %E" (or dumping to /home/runner/javaBasics/core.24)
#
# If you would like to submit a bug report, please visit:
#   https://github.com/oracle/graal/issues
#

---------------  S U M M A R Y ------------

Command Line: -XX:ThreadPriorityPolicy=1 -XX:+UnlockExperimentalVMOptions -XX:+EnableJVMCIProduct -XX:JVMCIThreadsPerNativeLibraryRuntime=1 -XX:-UnlockExperimentalVMOptions -Declipse.application=org.eclipse.jdt.ls.core.id1 -Dosgi.bundles.defaultStartLevel=4 -Declipse.product=org.eclipse.jdt.ls.core.product -Dlog.level=ALL -Xverify:none -XX:+UseParallelGC -XX:GCTimeRatio=4 -XX:AdaptiveSizePolicyWeight=90 -Dsun.zip.disableMemoryMapping=true -Xmx512m -Xms100m /nix/store/a7s9klvriqi68xz3qjc0qyfl5h86xc16-jdt-language-server-1.9.0/share/java/plugins/org.eclipse.equinox.launcher_1.6.400.v20210924-0641.jar --add-modules=ALL-SYSTEM --add-opens java.base/java.util=ALL-UNNAMED --add-opens java.base/java.lang=ALL-UNNAMED -configuration /home/runner/.cache/jdt-language-server/config -data /home/runner/.cache/jdt-language-server/data/home/runner/javaBasics

Host: Intel(R) Xeon(R) CPU @ 2.20GHz, 4 cores, 1G, Ubuntu 20.04.2 LTS
Time: Sat Sep 30 14:03:25 2023 UTC elapsed time: 2346.757631 seconds (0d 0h 39m 6s)

---------------  T H R E A D  ---------------

Current thread (0x00007fc63c0b1c30):  JavaThread "JVMCI-native CompilerThread0" daemon [_thread_in_vm, id=48, stack(0x00007fc622700000,0x00007fc622900000)]


Current CompileTask:
JVMCI-native:2346760 8978       4       java.util.ArrayList::remove (26 bytes)

Stack: [0x00007fc622700000,0x00007fc622900000],  sp=0x00007fc6228fe380,  free space=2040k
Native frames: (J=compiled Java code, j=interpreted, Vv=VM code, C=native code)
V  [libjvm.so+0x972714]  JVMCIRuntime::fatal_exception(JVMCIEnv*, char const*)+0x74
V  [libjvm.so+0x93e2fe]  JVMCIEnv::copy_saved_properties()+0x14e
V  [libjvm.so+0x9732a9]  JVMCIRuntime::initialize(JVMCIEnv*)+0xb19
V  [libjvm.so+0x9738a2]  JVMCIRuntime::get_HotSpotJVMCIRuntime(JVMCIEnv*)+0x12
V  [libjvm.so+0x9749f2]  JVMCIRuntime::compile_method(JVMCIEnv*, JVMCICompiler*, methodHandle const&, int)+0xd2
V  [libjvm.so+0x5b0d20]  CompileBroker::invoke_compiler_on_method(CompileTask*)+0x1470
V  [libjvm.so+0x5b12e8]  CompileBroker::compiler_thread_loop()+0x528
V  [libjvm.so+0xd82460]  JavaThread::thread_main_inner()+0xd0
V  [libjvm.so+0xd85a40]  Thread::call_run()+0xc0
V  [libjvm.so+0xbdb1e1]  thread_native_entry(Thread*)+0xe1

Register to memory mapping:

RAX=0x00007fc642400000 points into unknown readable memory: 0x0000000000000058 | 58 00 00 00 00 00 00 00
RBX=0x00007fc6434fb398: <offset 0x0000000000ef5398> in /nix/store/gpxl5qgg8kicmcvivwmybwjlpf7wh20l-graalvm17-ce-22.3.0/lib/server/libjvm.so at 0x00007fc642606000
RCX=0x00007fc6434b31e8: <offset 0x0000000000ead1e8> in /nix/store/gpxl5qgg8kicmcvivwmybwjlpf7wh20l-graalvm17-ce-22.3.0/lib/server/libjvm.so at 0x00007fc642606000
RDX=0x0000000000000649 is an unknown value
RSP=0x00007fc6228fe380 is pointing into the stack for thread: 0x00007fc63c0b1c30
RBP=0x00007fc6228fe3a0 is pointing into the stack for thread: 0x00007fc63c0b1c30
RSI=0x00007fc6434fbc48: <offset 0x0000000000ef5c48> in /nix/store/gpxl5qgg8kicmcvivwmybwjlpf7wh20l-graalvm17-ce-22.3.0/lib/server/libjvm.so at 0x00007fc642606000
RDI=0x00000000e0000000 is an oop: [Ljava.security.ProtectionDomain; 
{0x00000000e0000000} - klass: 'java/security/ProtectionDomain'[]
 - length: 1
R8 =0x00007fc6434fb398: <offset 0x0000000000ef5398> in /nix/store/gpxl5qgg8kicmcvivwmybwjlpf7wh20l-graalvm17-ce-22.3.0/lib/server/libjvm.so at 0x00007fc642606000
R9 =0x0000000000000003 is an unknown value
R10=0x00007fc64384cda0: <offset 0x0000000001246da0> in /nix/store/gpxl5qgg8kicmcvivwmybwjlpf7wh20l-graalvm17-ce-22.3.0/lib/server/libjvm.so at 0x00007fc642606000
R11=0x000000080044f048 is pointing into metadata
R12=0x0 is NULL
R13=0x00007fc63c0b1c30 is a thread
R14=0x00007fc63c000b80 points into unknown readable memory: 0x00007fc64372ca38 | 38 ca 72 43 c6 7f 00 00
R15=0x00007fc64383ae40: <offset 0x0000000001234e40> in /nix/store/gpxl5qgg8kicmcvivwmybwjlpf7wh20l-graalvm17-ce-22.3.0/lib/server/libjvm.so at 0x00007fc642606000


Registers:
RAX=0x00007fc642400000, RBX=0x00007fc6434fb398, RCX=0x00007fc6434b31e8, RDX=0x0000000000000649
RSP=0x00007fc6228fe380, RBP=0x00007fc6228fe3a0, RSI=0x00007fc6434fbc48, RDI=0x00000000e0000000
R8 =0x00007fc6434fb398, R9 =0x0000000000000003, R10=0x00007fc64384cda0, R11=0x000000080044f048
R12=0x0000000000000000, R13=0x00007fc63c0b1c30, R14=0x00007fc63c000b80, R15=0x00007fc64383ae40
RIP=0x00007fc642f78714, EFLAGS=0x0000000000010206, CSGSFS=0x002b000000000033, ERR=0x0000000000000006
  TRAPNO=0x000000000000000e

Top of Stack: (sp=0x00007fc6228fe380)
0x00007fc6228fe380:   00007fc6228fe940 00007fc63c0b1c30
0x00007fc6228fe390:   00007fc640d918c8 0000000800c417a0
0x00007fc6228fe3a0:   00007fc6228fe500 00007fc642f442fe
0x00007fc6228fe3b0:   00007fc6228fe3e0 00007fc6228fe440 

Instructions: (pc=0x00007fc642f78714)
0x00007fc642f78614:   30 e8 f6 cf e8 ff 4c 89 e7 e8 2e 48 d1 ff 84 db
0x00007fc642f78624:   75 2a 4d 85 ed 74 04 4d 8b 6d 00 48 83 c4 08 44
0x00007fc642f78634:   89 f9 4c 89 f2 4c 89 ee 5b 4c 89 e7 41 5c 41 5d
0x00007fc642f78644:   41 5e 41 5f 5d e9 e2 47 d1 ff 66 90 48 83 c4 08
0x00007fc642f78654:   5b 41 5c 41 5d 41 5e 41 5f 5d c3 90 31 d2 be 08
0x00007fc642f78664:   00 00 00 4c 89 ff e8 b1 78 a3 ff 49 89 c5 e9 37
0x00007fc642f78674:   ff ff ff 66 0f 1f 84 00 00 00 00 00 48 8b 7a 08
0x00007fc642f78684:   e9 6d ff ff ff 0f 1f 80 00 00 00 00 e8 5b 48 0a
0x00007fc642f78694:   00 84 c0 75 89 e9 6a ff ff ff 66 90 55 48 89 e5
0x00007fc642f786a4:   41 56 41 55 41 54 49 89 fc 53 48 89 f3 66 48 8d
0x00007fc642f786b4:   3d 27 5e 85 00 66 66 48 e8 df 43 8d ff 4c 8b 28
0x00007fc642f786c4:   8b 05 be 72 8a 00 85 c0 75 14 ba 01 00 00 00 48
0x00007fc642f786d4:   8d 0d ae 72 8a 00 f0 0f b1 11 85 c0 74 4e be c8
0x00007fc642f786e4:   00 00 00 4c 89 ef e8 01 0b 41 00 48 8d 05 12 ac
0x00007fc642f786f4:   85 00 49 89 d8 48 8d 0d e8 aa 53 00 ba 49 06 00
0x00007fc642f78704:   00 48 8d 35 3c 35 58 00 bf 00 00 00 e0 48 8b 00
0x00007fc642f78714:   c6 00 58 31 c0 e8 e2 91 c6 ff 5b 41 5c 41 5d 41
0x00007fc642f78724:   5e 5d e9 55 34 26 00 0f 1f 44 00 00 48 8d 05 81
0x00007fc642f78734:   a3 8b 00 48 89 df 4c 8b 30 e8 9e 43 8d ff 48 89
0x00007fc642f78744:   de 48 89 c2 49 8b 06 4c 89 f7 ff 50 08 4c 89 f7
0x00007fc642f78754:   e8 a7 5c 27 00 4d 85 e4 74 12 be 01 00 00 00 4c
0x00007fc642f78764:   89 e7 e8 35 43 fc ff eb 82 0f 1f 00 be 01 00 00
0x00007fc642f78774:   00 4c 89 ef e8 d3 fd ff ff e9 6d ff ff ff 66 66
0x00007fc642f78784:   2e 0f 1f 84 00 00 00 00 00 0f 1f 00 55 48 89 e5
0x00007fc642f78794:   41 57 41 56 41 55 41 54 53 48 81 ec 08 02 00 00
0x00007fc642f787a4:   64 48 8b 04 25 28 00 00 00 48 89 45 c8 8b 07 83
0x00007fc642f787b4:   f8 02 0f 84 11 04 00 00 4c 8b 6f 18 49 89 ff 49
0x00007fc642f787c4:   89 f4 4d 85 ed 74 14 4c 89 ef e8 5d 57 22 00 41
0x00007fc642f787d4:   8b 07 83 f8 02 0f 84 19 04 00 00 48 8d 1d 9a 06
0x00007fc642f787e4:   8a 00 4c 8d 35 0b 3c 58 00 eb 38 90 48 85 d2 7f
0x00007fc642f787f4:   0d 48 8d 05 b4 c0 85 00 48 83 38 00 7e 0e 41 8b
0x00007fc642f78804:   77 2c 4c 89 f7 31 c0 e8 a0 b2 f7 ff 49 8b 7f 18 


Stack slot to memory mapping:
stack at sp + 0 slots: 0x00007fc6228fe940 is pointing into the stack for thread: 0x00007fc63c0b1c30
stack at sp + 1 slots: 0x00007fc63c0b1c30 is a thread
stack at sp + 2 slots: 0x00007fc640d918c8 points into unknown readable memory: 0x65730018052dffff | ff ff 2d 05 18 00 73 65
stack at sp + 3 slots: 0x0000000800c417a0 is a pointer to class: 
jdk.vm.ci.services.Services {0x0000000800c417a0}
 - instance size:     2
 - klass size:        65
 - access:            public final synchronized 
 - state:             fully_initialized
 - name:              'jdk/vm/ci/services/Services'
 - super:             'java/lang/Object'
 - sub:               
 - arrays:            NULL
 - methods:           Array<T>(0x00007fc622c436e0)
 - method ordering:   Array<T>(0x0000000800928960)
 - default_methods:   Array<T>(0x0000000000000000)
 - local interfaces:  Array<T>(0x00000008005ce810)
 - trans. interfaces: Array<T>(0x00000008005ce810)
 - constants:         constant pool [427] {0x00007fc622c427c0} for 'jdk/vm/ci/services/Services' cache=0x00007fc622c449b0
 - class loader data:  loader data: 0x00007fc63c027cc0 of 'bootstrap'
 - source file:       'Services.java'
 - class annotations:       Array<T>(0x0000000000000000)
 - class type annotations:  Array<T>(0x0000000000000000)
 - field annotations:       Array<T>(0x0000000000000000)
 - field type annotations:  Array<T>(0x0000000000000000)
 - inner classes:     Array<T>(0x00007fc622c44980)
 - nest members:     Array<T>(0x00007fc622c449a0)
 - permitted subclasses:     Array<T>(0x00000008005ce7a0)
 - java mirror:       a 'java/lang/Class'{0x00000000e017c428} = 'jdk/vm/ci/services/Services'
 - vtable length      5  (start addr: 0x0000000800c41970)
 - itable length      2 (start addr: 0x0000000800c41998)
 - ---- static fields (3 words):
 - public static final 'IS_BUILDING_NATIVE_IMAGE' 'Z' @128 
 - public static final 'IS_IN_NATIVE_IMAGE' 'Z' @129 
 - private static volatile 'savedProperties' 'Ljava/util/Map;' @112 
 - static final 'JVMCI_ENABLED' 'Z' @130 
 - private static final 'servicesCache' 'Ljava/util/Map;' @116 
 - private static final 'MAX_UNICODE_IN_UTF8_LENGTH' 'I' @120 
 - private static final 'MAX_UTF8_PROPERTY_STRING_LENGTH' 'I' @124 
 - ---- non-static fields (0 words):
 - non-static oop maps: 
stack at sp + 4 slots: 0x00007fc6228fe500 is pointing into the stack for thread: 0x00007fc63c0b1c30
stack at sp + 5 slots: 0x00007fc642f442fe: <offset 0x000000000093e2fe> in /nix/store/gpxl5qgg8kicmcvivwmybwjlpf7wh20l-graalvm17-ce-22.3.0/lib/server/libjvm.so at 0x00007fc642606000
stack at sp + 6 slots: 0x00007fc6228fe3e0 is pointing into the stack for thread: 0x00007fc63c0b1c30
stack at sp + 7 slots: 0x00007fc6228fe440 is pointing into the stack for thread: 0x00007fc63c0b1c30


---------------  P R O C E S S  ---------------

Threads class SMR info:
_java_thread_list=0x00007fc5f0001140, length=24, elements={
0x00007fc63c025f60, 0x00007fc63c0a5f00, 0x00007fc63c0a7340, 0x00007fc63c0adaa0,
0x00007fc63c0aee50, 0x00007fc63c0b0240, 0x00007fc63c0b1c30, 0x00007fc63c0b3140,
0x00007fc63c0b4590, 0x00007fc63c0d7fe0, 0x00007fc63c11fb10, 0x00007fc63c310310,
0x00007fc63c29c410, 0x00007fc63c329520, 0x00007fc63c3669a0, 0x00007fc5d001a630,
0x00007fc5d029f9f0, 0x00007fc5c00010d0, 0x00007fc5d0467bf0, 0x00007fc5d0622100,
0x00007fc5c40017e0, 0x00007fc63c38e490, 0x00007fc63c4a6fd0, 0x00007fc5c8001b30
}

Java Threads: ( => current thread )
  0x00007fc63c025f60 JavaThread "main" [_thread_blocked, id=40, stack(0x00007fc642421000,0x00007fc642521000)]
  0x00007fc63c0a5f00 JavaThread "Reference Handler" daemon [_thread_blocked, id=43, stack(0x00007fc640438000,0x00007fc640538000)]
  0x00007fc63c0a7340 JavaThread "Finalizer" daemon [_thread_blocked, id=44, stack(0x00007fc640338000,0x00007fc640438000)]
  0x00007fc63c0adaa0 JavaThread "Signal Dispatcher" daemon [_thread_blocked, id=45, stack(0x00007fc622b00000,0x00007fc622c00000)]
  0x00007fc63c0aee50 JavaThread "Service Thread" daemon [_thread_blocked, id=46, stack(0x00007fc622a00000,0x00007fc622b00000)]
  0x00007fc63c0b0240 JavaThread "Monitor Deflation Thread" daemon [_thread_blocked, id=47, stack(0x00007fc622900000,0x00007fc622a00000)]
=>0x00007fc63c0b1c30 JavaThread "JVMCI-native CompilerThread0" daemon [_thread_in_vm, id=48, stack(0x00007fc622700000,0x00007fc622900000)]
  0x00007fc63c0b3140 JavaThread "C1 CompilerThread0" daemon [_thread_blocked, id=49, stack(0x00007fc622500000,0x00007fc622700000)]
  0x00007fc63c0b4590 JavaThread "Sweeper thread" daemon [_thread_blocked, id=50, stack(0x00007fc622400000,0x00007fc622500000)]
  0x00007fc63c0d7fe0 JavaThread "Common-Cleaner" daemon [_thread_blocked, id=57, stack(0x00007fc622300000,0x00007fc622400000)]
  0x00007fc63c11fb10 JavaThread "Notification Thread" daemon [_thread_blocked, id=64, stack(0x00007fc622200000,0x00007fc622300000)]
  0x00007fc63c310310 JavaThread "Active Thread: Equinox Container: 4bbd9e7b-f30b-441c-bfce-c18c79abc6ad" [_thread_blocked, id=183, stack(0x00007fc620e00000,0x00007fc620f00000)]
  0x00007fc63c29c410 JavaThread "Framework Event Dispatcher: Equinox Container: 4bbd9e7b-f30b-441c-bfce-c18c79abc6ad" daemon [_thread_blocked, id=210, stack(0x00007fc620c00000,0x00007fc620d00000)]
  0x00007fc63c329520 JavaThread "Start Level: Equinox Container: 4bbd9e7b-f30b-441c-bfce-c18c79abc6ad" daemon [_thread_blocked, id=213, stack(0x00007fc620a00000,0x00007fc620b00000)]
  0x00007fc63c3669a0 JavaThread "Refresh Thread: Equinox Container: 4bbd9e7b-f30b-441c-bfce-c18c79abc6ad" daemon [_thread_blocked, id=247, stack(0x00007fc620800000,0x00007fc620900000)]
  0x00007fc5d001a630 JavaThread "SCR Component Actor" daemon [_thread_blocked, id=284, stack(0x00007fc620600000,0x00007fc620700000)]
  0x00007fc5d029f9f0 JavaThread "Worker-JM" [_thread_blocked, id=297, stack(0x00007fc620200000,0x00007fc620300000)]
  0x00007fc5c00010d0 JavaThread "Worker-1" [_thread_blocked, id=299, stack(0x00007fc5e9b00000,0x00007fc5e9c00000)]
  0x00007fc5d0467bf0 JavaThread "Java indexing" daemon [_thread_blocked, id=303, stack(0x00007fc5e9900000,0x00007fc5e9a00000)]
  0x00007fc5d0622100 JavaThread "Bundle File Closer" daemon [_thread_blocked, id=311, stack(0x00007fc5e9700000,0x00007fc5e9800000)]
  0x00007fc5c40017e0 JavaThread "Worker-2: Java indexing... " [_thread_blocked, id=317, stack(0x00007fc5e9500000,0x00007fc5e9600000)]
  0x00007fc63c38e490 JavaThread "pool-3-thread-1" [_thread_blocked, id=323, stack(0x00007fc620400000,0x00007fc620500000)]
  0x00007fc63c4a6fd0 JavaThread "pool-2-thread-1" [_thread_blocked, id=324, stack(0x00007fc5e9300000,0x00007fc5e9400000)]
  0x00007fc5c8001b30 JavaThread "Worker-4" [_thread_blocked, id=326, stack(0x00007fc5e8f00000,0x00007fc5e9000000)]

Other Threads:
  0x00007fc63c0a1640 VMThread "VM Thread" [stack: 0x00007fc64053a000,0x00007fc64063a000] [id=42] _threads_hazard_ptr=0x00007fc5f0001140
  0x00007fc63c1214b0 WatcherThread [stack: 0x00007fc622100000,0x00007fc622200000] [id=65]
  0x00007fc63c03d860 GCTaskThread "GC Thread#0" [stack: 0x00007fc641fe4000,0x00007fc6420e4000] [id=41]

Threads with active compile tasks:
JVMCI-native CompilerThread0  2346867 8978       4       java.util.ArrayList::remove (26 bytes)

VM state: synchronizing (normal execution)

VM Mutex/Monitor currently owned by a thread:  ([mutex/lock_event])
[0x00007fc63c023110] Threads_lock - owner thread: 0x00007fc63c0a1640
[0x00007fc63c0238c0] Heap_lock - owner thread: 0x00007fc63c4a6fd0

OutOfMemory and StackOverflow Exception counts:
OutOfMemoryError java_heap_errors=2
LinkageErrors=66

Heap address: 0x00000000e0000000, size: 512 MB, Compressed Oops mode: 32-bit

CDS archive(s) mapped at: [0x0000000800000000-0x0000000800bc8000-0x0000000800bc8000), size 12353536, SharedBaseAddress: 0x0000000800000000, ArchiveRelocationMode: 0.
Compressed class space mapped at: 0x0000000800c00000-0x0000000840c00000, reserved size: 1073741824
Narrow klass base: 0x0000000800000000, Narrow klass shift: 0, Narrow klass range: 0x100000000

GC Precious Log:
 CPUs: 4 total, 1 available
 Memory: 1024M
 Large Page Support: Disabled
 NUMA Support: Disabled
 Compressed Oops: Enabled (32-bit)
 Alignments: Space 512K, Generation 512K, Heap 2M
 Heap Min Capacity: 100M
 Heap Initial Capacity: 100M
 Heap Max Capacity: 512M
 Pre-touch: Disabled
 Parallel Workers: 1

Heap:
 PSYoungGen      total 51712K, used 34303K [0x00000000f5580000, 0x00000000f9a80000, 0x0000000100000000)
  eden space 34304K, 99% used [0x00000000f5580000,0x00000000f76ffff8,0x00000000f7700000)
  from space 17408K, 0% used [0x00000000f7700000,0x00000000f7700000,0x00000000f8800000)
  to   space 17408K, 0% used [0x00000000f8800000,0x00000000f8800000,0x00000000f9900000)
 ParOldGen       total 349696K, used 349693K [0x00000000e0000000, 0x00000000f5580000, 0x00000000f5580000)
  object space 349696K, 99% used [0x00000000e0000000,0x00000000f557f6f8,0x00000000f5580000)
 Metaspace       used 56794K, committed 57920K, reserved 1105920K
  class space    used 5578K, committed 5952K, reserved 1048576K

Card table byte_map: [0x00007fc6420e4000,0x00007fc6421e5000] _byte_map_base: 0x00007fc6419e4000

Marking Bits: (ParMarkBitMap*) 0x00007fc6438344c0
 Begin Bits: [0x00007fc640f37000, 0x00007fc641737000)
 End Bits:   [0x00007fc641737000, 0x00007fc641f37000)

Polling page: 0x00007fc6423fe000

Metaspace:

Usage:
  Non-class:     50.02 MB used.
      Class:      5.45 MB used.
       Both:     55.46 MB used.

Virtual space:
  Non-class space:       56.00 MB reserved,      50.75 MB ( 91%) committed,  7 nodes.
      Class space:        1.00 GB reserved,       5.81 MB ( <1%) committed,  1 nodes.
             Both:        1.05 GB reserved,      56.56 MB (  5%) committed. 

Chunk freelists:
   Non-Class:  1.41 MB
       Class:  2.29 MB
        Both:  3.71 MB

MaxMetaspaceSize: unlimited
CompressedClassSpaceSize: 1.00 GB
Initial GC threshold: 21.00 MB
Current GC threshold: 94.06 MB
CDS: on
MetaspaceReclaimPolicy: balanced
 - commit_granule_bytes: 65536.
 - commit_granule_words: 8192.
 - virtual_space_node_default_size: 1048576.
 - enlarge_chunks_in_place: 1.
 - new_chunks_are_fully_committed: 0.
 - uncommit_free_chunks: 1.
 - use_allocation_guard: 0.
 - handle_deallocations: 1.


Internal statistics:

num_allocs_failed_limit: 6.
num_arena_births: 478.
num_arena_deaths: 148.
num_vsnodes_births: 8.
num_vsnodes_deaths: 0.
num_space_committed: 904.
num_space_uncommitted: 0.
num_chunks_returned_to_freelist: 210.
num_chunks_taken_from_freelist: 2676.
num_chunk_merges: 84.
num_chunk_splits: 1737.
num_chunks_enlarged: 1084.
num_purges: 4.
num_inconsistent_stats: 0.

CodeHeap 'non-profiled nmethods': size=120036Kb used=2486Kb max_used=2570Kb free=117549Kb
 bounds [0x00007fc62af7a000, 0x00007fc62b20a000, 0x00007fc6324b3000]
CodeHeap 'profiled nmethods': size=120032Kb used=14010Kb max_used=16474Kb free=106021Kb
 bounds [0x00007fc623a42000, 0x00007fc624a62000, 0x00007fc62af7a000]
CodeHeap 'non-nmethods': size=5692Kb used=1372Kb max_used=1385Kb free=4319Kb
 bounds [0x00007fc6234b3000, 0x00007fc623723000, 0x00007fc623a42000]
 total_blobs=7531 nmethods=6822 adapters=610
 compilation: enabled
              stopped_count=0, restarted_count=0
 full_count=0

JVMCI Events (20 events):
Event: 1763.974 Thread 0x00007fc63c0b1c30 destroyed JavaVM[6]@0x00007fc5e829e340 for JVMCI runtime 0
Event: 1763.974 Thread 0x00007fc63c0b1c30 compacted oop handles in JVMCI runtime 0 from 43 to 43
Event: 1763.974 Thread 0x00007fc63c0b1c30 releasing handles for JVMCI runtime 0: oop handles=43, metadata handles={total=86, live=75, blocks=42}
Event: 1763.974 Thread 0x00007fc63c0b1c30 detached from JVMCI runtime 0
Event: 2103.001 Thread 0x00007fc63c0b1c30 attached to JVMCI runtime 0
Event: 2103.005 Thread 0x00007fc63c0b1c30 created JavaVM[7]@0x00007fc5e829e340 for JVMCI runtime 0
Event: 2103.005 Thread 0x00007fc63c0b1c30 initializing JVMCI runtime 0
Event: 2103.005 Thread 0x00007fc63c0b1c30 done waiting for JavaVM references initialization in JVMCI runtime 0
Event: 2141.105 Thread 0x00007fc63c0b1c30 initialized JVMCI runtime 0
Event: 2175.263 Thread 0x00007fc63c0b1c30 detaching from JVMCI runtime 0: releasing idle compiler thread (0 other threads still attached)
Event: 2175.263 Thread 0x00007fc63c0b1c30 shutting down HotSpotJVMCIRuntime for JVMCI runtime 0
Event: 2175.263 Thread 0x00007fc63c0b1c30 shut down JVMCI runtime 0
Event: 2175.265 Thread 0x00007fc63c0b1c30 destroyed JavaVM[7]@0x00007fc5e829e340 for JVMCI runtime 0
Event: 2175.265 Thread 0x00007fc63c0b1c30 compacted oop handles in JVMCI runtime 0 from 47 to 47
Event: 2175.265 Thread 0x00007fc63c0b1c30 releasing handles for JVMCI runtime 0: oop handles=47, metadata handles={total=96, live=85, blocks=42}
Event: 2175.265 Thread 0x00007fc63c0b1c30 detached from JVMCI runtime 0
Event: 2326.703 Thread 0x00007fc63c0b1c30 attached to JVMCI runtime 0
Event: 2326.707 Thread 0x00007fc63c0b1c30 created JavaVM[8]@0x00007fc5e829e340 for JVMCI runtime 0
Event: 2326.707 Thread 0x00007fc63c0b1c30 initializing JVMCI runtime 0
Event: 2326.707 Thread 0x00007fc63c0b1c30 done waiting for JavaVM references initialization in JVMCI runtime 0

Compilation events (20 events):
Event: 1857.633 Thread 0x00007fc63c0b3140 nmethod 8967 0x00007fc623d10890 code [0x00007fc623d10a40, 0x00007fc623d10e10]
Event: 1954.902 Thread 0x00007fc63c0b3140 8969       1       org.eclipse.osgi.internal.location.BasicLocation::isReadOnly (5 bytes)
Event: 1954.902 Thread 0x00007fc63c0b3140 nmethod 8969 0x00007fc62b161a10 code [0x00007fc62b161ba0, 0x00007fc62b161c70]
Event: 1963.742 Thread 0x00007fc63c0b3140 8970       1       java.text.DontCareFieldPosition::getFieldDelegate (5 bytes)
Event: 1963.742 Thread 0x00007fc63c0b3140 nmethod 8970 0x00007fc62b161490 code [0x00007fc62b161620, 0x00007fc62b1616f0]
Event: 1978.031 Thread 0x00007fc63c0b3140 8971       3       java.lang.StringBuffer::append (6 bytes)
Event: 1978.032 Thread 0x00007fc63c0b3140 nmethod 8971 0x00007fc623f81290 code [0x00007fc623f81440, 0x00007fc623f816c0]
Event: 1982.122 Thread 0x00007fc63c0b3140 8972       3       java.io.BufferedOutputStream::flushBuffer (29 bytes)
Event: 1984.318 Thread 0x00007fc63c0b3140 nmethod 8972 0x00007fc623e7d310 code [0x00007fc623e7d4c0, 0x00007fc623e7d840]
Event: 2010.603 Thread 0x00007fc63c0b3140 8973       3       java.net.URI::quote (214 bytes)
Event: 2010.608 Thread 0x00007fc63c0b3140 nmethod 8973 0x00007fc623ad6610 code [0x00007fc623ad6a00, 0x00007fc623ad8490]
Event: 2059.426 Thread 0x00007fc63c0b3140 8974       3       java.util.concurrent.ScheduledThreadPoolExecutor$ScheduledFutureTask::getDelay (16 bytes)
Event: 2059.427 Thread 0x00007fc63c0b3140 nmethod 8974 0x00007fc623a89510 code [0x00007fc623a896c0, 0x00007fc623a89840]
Event: 2100.761 Thread 0x00007fc63c0b3140 8975       3       org.eclipse.jdt.ls.core.internal.filesystem.JLSFile::getFileStore (95 bytes)
Event: 2103.001 Thread 0x00007fc63c0b3140 nmethod 8975 0x00007fc623a6f790 code [0x00007fc623a6fc60, 0x00007fc623a71f10]
Event: 2103.001 Thread 0x00007fc63c0b1c30 8976       4       org.eclipse.core.runtime.Path::computeHashCode (56 bytes)
Event: 2167.245 Thread 0x00007fc63c0b1c30 nmethod 8976 0x00007fc62b068090 code [0x00007fc62b068220, 0x00007fc62b068688]
Event: 2167.245 Thread 0x00007fc63c0b1c30 8977       4       org.eclipse.core.internal.dtree.AbstractDataTreeNode::childAtOrNull (21 bytes)
Event: 2173.103 Thread 0x00007fc63c0b1c30 nmethod 8977 0x00007fc62b067810 code [0x00007fc62b0679a0, 0x00007fc62b067c40]
Event: 2326.703 Thread 0x00007fc63c0b1c30 8978       4       java.util.ArrayList::remove (26 bytes)

GC Heap History (20 events):
Event: 2324.338 GC heap before
{Heap before GC invocations=1039 (full 929):
 PSYoungGen      total 51712K, used 34303K [0x00000000f5580000, 0x00000000f9a80000, 0x0000000100000000)
  eden space 34304K, 99% used [0x00000000f5580000,0x00000000f76ffdc0,0x00000000f7700000)
  from space 17408K, 0% used [0x00000000f7700000,0x00000000f7700000,0x00000000f8800000)
  to   space 17408K, 0% used [0x00000000f8800000,0x00000000f8800000,0x00000000f9900000)
 ParOldGen       total 349696K, used 349691K [0x00000000e0000000, 0x00000000f5580000, 0x00000000f5580000)
  object space 349696K, 99% used [0x00000000e0000000,0x00000000f557eed0,0x00000000f5580000)
 Metaspace       used 56794K, committed 57920K, reserved 1105920K
  class space    used 5578K, committed 5952K, reserved 1048576K
}
Event: 2326.701 GC heap after
{Heap after GC invocations=1039 (full 929):
 PSYoungGen      total 51712K, used 34303K [0x00000000f5580000, 0x00000000f9a80000, 0x0000000100000000)
  eden space 34304K, 99% used [0x00000000f5580000,0x00000000f76ffdc0,0x00000000f7700000)
  from space 17408K, 0% used [0x00000000f8800000,0x00000000f8800000,0x00000000f9900000)
  to   space 17408K, 0% used [0x00000000f7700000,0x00000000f7700000,0x00000000f8800000)
 ParOldGen       total 349696K, used 349691K [0x00000000e0000000, 0x00000000f5580000, 0x00000000f5580000)
  object space 349696K, 99% used [0x00000000e0000000,0x00000000f557eed0,0x00000000f5580000)
 Metaspace       used 56794K, committed 57920K, reserved 1105920K
  class space    used 5578K, committed 5952K, reserved 1048576K
}
Event: 2326.708 GC heap before
{Heap before GC invocations=1040 (full 930):
 PSYoungGen      total 51712K, used 34304K [0x00000000f5580000, 0x00000000f9a80000, 0x0000000100000000)
  eden space 34304K, 100% used [0x00000000f5580000,0x00000000f7700000,0x00000000f7700000)
  from space 17408K, 0% used [0x00000000f8800000,0x00000000f8800000,0x00000000f9900000)
  to   space 17408K, 0% used [0x00000000f7700000,0x00000000f7700000,0x00000000f8800000)
 ParOldGen       total 349696K, used 349693K [0x00000000e0000000, 0x00000000f5580000, 0x00000000f5580000)
  object space 349696K, 99% used [0x00000000e0000000,0x00000000f557f538,0x00000000f5580000)
 Metaspace       used 56794K, committed 57920K, reserved 1105920K
  class space    used 5578K, committed 5952K, reserved 1048576K
}
Event: 2329.143 GC heap after
{Heap after GC invocations=1040 (full 930):
 PSYoungGen      total 51712K, used 34303K [0x00000000f5580000, 0x00000000f9a80000, 0x0000000100000000)
  eden space 34304K, 99% used [0x00000000f5580000,0x00000000f76ffcf0,0x00000000f7700000)
  from space 17408K, 0% used [0x00000000f7700000,0x00000000f7700000,0x00000000f8800000)
  to   space 17408K, 0% used [0x00000000f8800000,0x00000000f8800000,0x00000000f9900000)
 ParOldGen       total 349696K, used 349689K [0x00000000e0000000, 0x00000000f5580000, 0x00000000f5580000)
  object space 349696K, 99% used [0x00000000e0000000,0x00000000f557e680,0x00000000f5580000)
 Metaspace       used 56794K, committed 57920K, reserved 1105920K
  class space    used 5578K, committed 5952K, reserved 1048576K
}
Event: 2329.143 GC heap before
{Heap before GC invocations=1041 (full 931):
 PSYoungGen      total 51712K, used 34303K [0x00000000f5580000, 0x00000000f9a80000, 0x0000000100000000)
  eden space 34304K, 99% used [0x00000000f5580000,0x00000000f76fffe8,0x00000000f7700000)
  from space 17408K, 0% used [0x00000000f7700000,0x00000000f7700000,0x00000000f8800000)
  to   space 17408K, 0% used [0x00000000f8800000,0x00000000f8800000,0x00000000f9900000)
 ParOldGen       total 349696K, used 349689K [0x00000000e0000000, 0x00000000f5580000, 0x00000000f5580000)
  object space 349696K, 99% used [0x00000000e0000000,0x00000000f557e680,0x00000000f5580000)
 Metaspace       used 56794K, committed 57920K, reserved 1105920K
  class space    used 5578K, committed 5952K, reserved 1048576K
}
Event: 2331.133 GC heap after
{Heap after GC invocations=1041 (full 931):
 PSYoungGen      total 51712K, used 34303K [0x00000000f5580000, 0x00000000f9a80000, 0x0000000100000000)
  eden space 34304K, 99% used [0x00000000f5580000,0x00000000f76fff38,0x00000000f7700000)
  from space 17408K, 0% used [0x00000000f8800000,0x00000000f8800000,0x00000000f9900000)
  to   space 17408K, 0% used [0x00000000f7700000,0x00000000f7700000,0x00000000f8800000)
 ParOldGen       total 349696K, used 349689K [0x00000000e0000000, 0x00000000f5580000, 0x00000000f5580000)
  object space 349696K, 99% used [0x00000000e0000000,0x00000000f557e680,0x00000000f5580000)
 Metaspace       used 56794K, committed 57920K, reserved 1105920K
  class space    used 5578K, committed 5952K, reserved 1048576K
}
Event: 2331.134 GC heap before
{Heap before GC invocations=1042 (full 932):
 PSYoungGen      total 51712K, used 34304K [0x00000000f5580000, 0x00000000f9a80000, 0x0000000100000000)
  eden space 34304K, 100% used [0x00000000f5580000,0x00000000f7700000,0x00000000f7700000)
  from space 17408K, 0% used [0x00000000f8800000,0x00000000f8800000,0x00000000f9900000)
  to   space 17408K, 0% used [0x00000000f7700000,0x00000000f7700000,0x00000000f8800000)
 ParOldGen       total 349696K, used 349689K [0x00000000e0000000, 0x00000000f5580000, 0x00000000f5580000)
  object space 349696K, 99% used [0x00000000e0000000,0x00000000f557e680,0x00000000f5580000)
 Metaspace       used 56794K, committed 57920K, reserved 1105920K
  class space    used 5578K, committed 5952K, reserved 1048576K
}
Event: 2333.439 GC heap after
{Heap after GC invocations=1042 (full 932):
 PSYoungGen      total 51712K, used 34304K [0x00000000f5580000, 0x00000000f9a80000, 0x0000000100000000)
  eden space 34304K, 100% used [0x00000000f5580000,0x00000000f7700000,0x00000000f7700000)
  from space 17408K, 0% used [0x00000000f7700000,0x00000000f7700000,0x00000000f8800000)
  to   space 17408K, 0% used [0x00000000f8800000,0x00000000f8800000,0x00000000f9900000)
 ParOldGen       total 349696K, used 349689K [0x00000000e0000000, 0x00000000f5580000, 0x00000000f5580000)
  object space 349696K, 99% used [0x00000000e0000000,0x00000000f557e680,0x00000000f5580000)
 Metaspace       used 56794K, committed 57920K, reserved 1105920K
  class space    used 5578K, committed 5952K, reserved 1048576K
}
Event: 2333.452 GC heap before
{Heap before GC invocations=1043 (full 933):
 PSYoungGen      total 51712K, used 34304K [0x00000000f5580000, 0x00000000f9a80000, 0x0000000100000000)
  eden space 34304K, 100% used [0x00000000f5580000,0x00000000f7700000,0x00000000f7700000)
  from space 17408K, 0% used [0x00000000f7700000,0x00000000f7700000,0x00000000f8800000)
  to   space 17408K, 0% used [0x00000000f8800000,0x00000000f8800000,0x00000000f9900000)
 ParOldGen       total 349696K, used 349691K [0x00000000e0000000, 0x00000000f5580000, 0x00000000f5580000)
  object space 349696K, 99% used [0x00000000e0000000,0x00000000f557ee60,0x00000000f5580000)
 Metaspace       used 56794K, committed 57920K, reserved 1105920K
  class space    used 5578K, committed 5952K, reserved 1048576K
}
Event: 2335.722 GC heap after
{Heap after GC invocations=1043 (full 933):
 PSYoungGen      total 51712K, used 34303K [0x00000000f5580000, 0x00000000f9a80000, 0x0000000100000000)
  eden space 34304K, 99% used [0x00000000f5580000,0x00000000f76ffda0,0x00000000f7700000)
  from space 17408K, 0% used [0x00000000f8800000,0x00000000f8800000,0x00000000f9900000)
  to   space 17408K, 0% used [0x00000000f7700000,0x00000000f7700000,0x00000000f8800000)
 ParOldGen       total 349696K, used 349689K [0x00000000e0000000, 0x00000000f5580000, 0x00000000f5580000)
  object space 349696K, 99% used [0x00000000e0000000,0x00000000f557e6a0,0x00000000f5580000)
 Metaspace       used 56794K, committed 57920K, reserved 1105920K
  class space    used 5578K, committed 5952K, reserved 1048576K
}
Event: 2335.723 GC heap before
{Heap before GC invocations=1044 (full 934):
 PSYoungGen      total 51712K, used 34303K [0x00000000f5580000, 0x00000000f9a80000, 0x0000000100000000)
  eden space 34304K, 99% used [0x00000000f5580000,0x00000000f76ffff8,0x00000000f7700000)
  from space 17408K, 0% used [0x00000000f8800000,0x00000000f8800000,0x00000000f9900000)
  to   space 17408K, 0% used [0x00000000f7700000,0x00000000f7700000,0x00000000f8800000)
 ParOldGen       total 349696K, used 349689K [0x00000000e0000000, 0x00000000f5580000, 0x00000000f5580000)
  object space 349696K, 99% used [0x00000000e0000000,0x00000000f557e6a0,0x00000000f5580000)
 Metaspace       used 56794K, committed 57920K, reserved 1105920K
  class space    used 5578K, committed 5952K, reserved 1048576K
}
Event: 2338.033 GC heap after
{Heap after GC invocations=1044 (full 934):
 PSYoungGen      total 51712K, used 34303K [0x00000000f5580000, 0x00000000f9a80000, 0x0000000100000000)
  eden space 34304K, 99% used [0x00000000f5580000,0x00000000f76fff18,0x00000000f7700000)
  from space 17408K, 0% used [0x00000000f7700000,0x00000000f7700000,0x00000000f8800000)
  to   space 17408K, 0% used [0x00000000f8800000,0x00000000f8800000,0x00000000f9900000)
 ParOldGen       total 349696K, used 349689K [0x00000000e0000000, 0x00000000f5580000, 0x00000000f5580000)
  object space 349696K, 99% used [0x00000000e0000000,0x00000000f557e6a0,0x00000000f5580000)
 Metaspace       used 56794K, committed 57920K, reserved 1105920K
  class space    used 5578K, committed 5952K, reserved 1048576K
}
Event: 2338.041 GC heap before
{Heap before GC invocations=1045 (full 935):
 PSYoungGen      total 51712K, used 34303K [0x00000000f5580000, 0x00000000f9a80000, 0x0000000100000000)
  eden space 34304K, 99% used [0x00000000f5580000,0x00000000f76ffff8,0x00000000f7700000)
  from space 17408K, 0% used [0x00000000f7700000,0x00000000f7700000,0x00000000f8800000)
  to   space 17408K, 0% used [0x00000000f8800000,0x00000000f8800000,0x00000000f9900000)
 ParOldGen       total 349696K, used 349689K [0x00000000e0000000, 0x00000000f5580000, 0x00000000f5580000)
  object space 349696K, 99% used [0x00000000e0000000,0x00000000f557e6a0,0x00000000f5580000)
 Metaspace       used 56794K, committed 57920K, reserved 1105920K
  class space    used 5578K, committed 5952K, reserved 1048576K
}
Event: 2339.919 GC heap after
{Heap after GC invocations=1045 (full 935):
 PSYoungGen      total 51712K, used 34303K [0x00000000f5580000, 0x00000000f9a80000, 0x0000000100000000)
  eden space 34304K, 99% used [0x00000000f5580000,0x00000000f76fff18,0x00000000f7700000)
  from space 17408K, 0% used [0x00000000f8800000,0x00000000f8800000,0x00000000f9900000)
  to   space 17408K, 0% used [0x00000000f7700000,0x00000000f7700000,0x00000000f8800000)
 ParOldGen       total 349696K, used 349689K [0x00000000e0000000, 0x00000000f5580000, 0x00000000f5580000)
  object space 349696K, 99% used [0x00000000e0000000,0x00000000f557e6a0,0x00000000f5580000)
 Metaspace       used 56794K, committed 57920K, reserved 1105920K
  class space    used 5578K, committed 5952K, reserved 1048576K
}
Event: 2339.919 GC heap before
{Heap before GC invocations=1046 (full 936):
 PSYoungGen      total 51712K, used 34303K [0x00000000f5580000, 0x00000000f9a80000, 0x0000000100000000)
  eden space 34304K, 99% used [0x00000000f5580000,0x00000000f76fff40,0x00000000f7700000)
  from space 17408K, 0% used [0x00000000f8800000,0x00000000f8800000,0x00000000f9900000)
  to   space 17408K, 0% used [0x00000000f7700000,0x00000000f7700000,0x00000000f8800000)
 ParOldGen       total 349696K, used 349689K [0x00000000e0000000, 0x00000000f5580000, 0x00000000f5580000)
  object space 349696K, 99% used [0x00000000e0000000,0x00000000f557e6a0,0x00000000f5580000)
 Metaspace       used 56794K, committed 57920K, reserved 1105920K
  class space    used 5578K, committed 5952K, reserved 1048576K
}
Event: 2342.146 GC heap after
{Heap after GC invocations=1046 (full 936):
 PSYoungGen      total 51712K, used 34303K [0x00000000f5580000, 0x00000000f9a80000, 0x0000000100000000)
  eden space 34304K, 99% used [0x00000000f5580000,0x00000000f76fff30,0x00000000f7700000)
  from space 17408K, 0% used [0x00000000f7700000,0x00000000f7700000,0x00000000f8800000)
  to   space 17408K, 0% used [0x00000000f8800000,0x00000000f8800000,0x00000000f9900000)
 ParOldGen       total 349696K, used 349689K [0x00000000e0000000, 0x00000000f5580000, 0x00000000f5580000)
  object space 349696K, 99% used [0x00000000e0000000,0x00000000f557e6a0,0x00000000f5580000)
 Metaspace       used 56794K, committed 57920K, reserved 1105920K
  class space    used 5578K, committed 5952K, reserved 1048576K
}
Event: 2342.146 GC heap before
{Heap before GC invocations=1047 (full 937):
 PSYoungGen      total 51712K, used 34304K [0x00000000f5580000, 0x00000000f9a80000, 0x0000000100000000)
  eden space 34304K, 100% used [0x00000000f5580000,0x00000000f7700000,0x00000000f7700000)
  from space 17408K, 0% used [0x00000000f7700000,0x00000000f7700000,0x00000000f8800000)
  to   space 17408K, 0% used [0x00000000f8800000,0x00000000f8800000,0x00000000f9900000)
 ParOldGen       total 349696K, used 349694K [0x00000000e0000000, 0x00000000f5580000, 0x00000000f5580000)
  object space 349696K, 99% used [0x00000000e0000000,0x00000000f557f9d8,0x00000000f5580000)
 Metaspace       used 56794K, committed 57920K, reserved 1105920K
  class space    used 5578K, committed 5952K, reserved 1048576K
}
Event: 2344.515 GC heap after
{Heap after GC invocations=1047 (full 937):
 PSYoungGen      total 51712K, used 34303K [0x00000000f5580000, 0x00000000f9a80000, 0x0000000100000000)
  eden space 34304K, 99% used [0x00000000f5580000,0x00000000f76fffc0,0x00000000f7700000)
  from space 17408K, 0% used [0x00000000f8800000,0x00000000f8800000,0x00000000f9900000)
  to   space 17408K, 0% used [0x00000000f7700000,0x00000000f7700000,0x00000000f8800000)
 ParOldGen       total 349696K, used 349693K [0x00000000e0000000, 0x00000000f5580000, 0x00000000f5580000)
  object space 349696K, 99% used [0x00000000e0000000,0x00000000f557f4f8,0x00000000f5580000)
 Metaspace       used 56794K, committed 57920K, reserved 1105920K
  class space    used 5578K, committed 5952K, reserved 1048576K
}
Event: 2344.515 GC heap before
{Heap before GC invocations=1048 (full 938):
 PSYoungGen      total 51712K, used 34303K [0x00000000f5580000, 0x00000000f9a80000, 0x0000000100000000)
  eden space 34304K, 99% used [0x00000000f5580000,0x00000000f76fffc0,0x00000000f7700000)
  from space 17408K, 0% used [0x00000000f8800000,0x00000000f8800000,0x00000000f9900000)
  to   space 17408K, 0% used [0x00000000f7700000,0x00000000f7700000,0x00000000f8800000)
 ParOldGen       total 349696K, used 349693K [0x00000000e0000000, 0x00000000f5580000, 0x00000000f5580000)
  object space 349696K, 99% used [0x00000000e0000000,0x00000000f557f4f8,0x00000000f5580000)
 Metaspace       used 56794K, committed 57920K, reserved 1105920K
  class space    used 5578K, committed 5952K, reserved 1048576K
}
Event: 2346.697 GC heap after
{Heap after GC invocations=1048 (full 938):
 PSYoungGen      total 51712K, used 34303K [0x00000000f5580000, 0x00000000f9a80000, 0x0000000100000000)
  eden space 34304K, 99% used [0x00000000f5580000,0x00000000f76fffc0,0x00000000f7700000)
  from space 17408K, 0% used [0x00000000f7700000,0x00000000f7700000,0x00000000f8800000)
  to   space 17408K, 0% used [0x00000000f8800000,0x00000000f8800000,0x00000000f9900000)
 ParOldGen       total 349696K, used 349693K [0x00000000e0000000, 0x00000000f5580000, 0x00000000f5580000)
  object space 349696K, 99% used [0x00000000e0000000,0x00000000f557f4f8,0x00000000f5580000)
 Metaspace       used 56794K, committed 57920K, reserved 1105920K
  class space    used 5578K, committed 5952K, reserved 1048576K
}

Dll operation events (9 events):
Event: 0.037 Loaded shared library /nix/store/gpxl5qgg8kicmcvivwmybwjlpf7wh20l-graalvm17-ce-22.3.0/lib/libjava.so
Event: 0.111 Loaded shared library /nix/store/gpxl5qgg8kicmcvivwmybwjlpf7wh20l-graalvm17-ce-22.3.0/lib/libjsvml.so
Event: 4.343 Loaded shared library /nix/store/gpxl5qgg8kicmcvivwmybwjlpf7wh20l-graalvm17-ce-22.3.0/lib/libnio.so
Event: 4.374 Loaded shared library /nix/store/gpxl5qgg8kicmcvivwmybwjlpf7wh20l-graalvm17-ce-22.3.0/lib/libzip.so
Event: 4.412 Loaded shared library /nix/store/gpxl5qgg8kicmcvivwmybwjlpf7wh20l-graalvm17-ce-22.3.0/lib/libjvmcicompiler.so
Event: 7.015 Loaded shared library /nix/store/gpxl5qgg8kicmcvivwmybwjlpf7wh20l-graalvm17-ce-22.3.0/lib/libjimage.so
Event: 10.824 Loaded shared library /nix/store/gpxl5qgg8kicmcvivwmybwjlpf7wh20l-graalvm17-ce-22.3.0/lib/libnet.so
Event: 58.220 Loaded shared library /home/runner/.cache/jdt-language-server/config/org.eclipse.equinox.launcher/org.eclipse.equinox.launcher.gtk.linux.x86_64_1.2.400.v20211117-0650/eclipse_11600.so
Event: 92.006 Loaded shared library /nix/store/gpxl5qgg8kicmcvivwmybwjlpf7wh20l-graalvm17-ce-22.3.0/lib/libextnet.so

Deoptimization events (20 events):
Event: 163.802 Thread 0x00007fc5d0467bf0 DEOPT PACKING pc=0x00007fc62457dcdd sp=0x00007fc5e99fe530
Event: 163.802 Thread 0x00007fc5d0467bf0 DEOPT UNPACKING pc=0x00007fc623505325 sp=0x00007fc5e99fda20 mode 0
Event: 163.804 Thread 0x00007fc5d0467bf0 DEOPT PACKING pc=0x00007fc62457dcdd sp=0x00007fc5e99fe530
Event: 163.804 Thread 0x00007fc5d0467bf0 DEOPT UNPACKING pc=0x00007fc623505325 sp=0x00007fc5e99fda20 mode 0
Event: 163.815 Thread 0x00007fc5d0467bf0 DEOPT PACKING pc=0x00007fc62457dcdd sp=0x00007fc5e99fe530
Event: 163.815 Thread 0x00007fc5d0467bf0 DEOPT UNPACKING pc=0x00007fc623505325 sp=0x00007fc5e99fda20 mode 0
Event: 163.825 Thread 0x00007fc5d0467bf0 DEOPT PACKING pc=0x00007fc62457dcdd sp=0x00007fc5e99fe530
Event: 163.825 Thread 0x00007fc5d0467bf0 DEOPT UNPACKING pc=0x00007fc623505325 sp=0x00007fc5e99fda20 mode 0
Event: 163.848 Thread 0x00007fc5d0467bf0 DEOPT PACKING pc=0x00007fc62457dcdd sp=0x00007fc5e99fe530
Event: 163.848 Thread 0x00007fc5d0467bf0 DEOPT UNPACKING pc=0x00007fc623505325 sp=0x00007fc5e99fda20 mode 0
Event: 163.909 Thread 0x00007fc5d0467bf0 DEOPT PACKING pc=0x00007fc62457dcdd sp=0x00007fc5e99fe530
Event: 163.909 Thread 0x00007fc5d0467bf0 DEOPT UNPACKING pc=0x00007fc623505325 sp=0x00007fc5e99fda20 mode 0
Event: 163.917 Thread 0x00007fc5d0467bf0 DEOPT PACKING pc=0x00007fc62457dcdd sp=0x00007fc5e99fe530
Event: 163.918 Thread 0x00007fc5d0467bf0 DEOPT UNPACKING pc=0x00007fc623505325 sp=0x00007fc5e99fda20 mode 0
Event: 650.358 Thread 0x00007fc5e0002e40 Uncommon trap: trap_request=0xffffffed fr.pc=0x00007fc62b19625b relative=0x000000000000005b
Event: 650.358 Thread 0x00007fc5e0002e40 Uncommon trap: reason=null_assert_or_unreached0 action=reinterpret pc=0x00007fc62b19625b method=java.lang.Thread.interrupted()Z @ 8 jvmci
Event: 650.358 Thread 0x00007fc5e0002e40 DEOPT PACKING pc=0x00007fc62b19625b sp=0x00007fc5e8cfe650
Event: 650.358 Thread 0x00007fc5e0002e40 DEOPT UNPACKING pc=0x00007fc623505325 sp=0x00007fc5e8cfdae0 mode 3
Event: 1619.705 Thread 0x00007fc63c4a6fd0 DEOPT PACKING pc=0x00007fc624303006 sp=0x00007fc5e93fcbd0
Event: 1619.705 Thread 0x00007fc63c4a6fd0 DEOPT UNPACKING pc=0x00007fc623505325 sp=0x00007fc5e93fc088 mode 0

Classes unloaded (20 events):
Event: 210.833 Thread 0x00007fc63c0a1640 Unloading class 0x0000000801058800 'java/lang/invoke/LambdaForm$MH+0x0000000801058800'
Event: 210.833 Thread 0x00007fc63c0a1640 Unloading class 0x0000000801058400 'java/lang/invoke/LambdaForm$MH+0x0000000801058400'
Event: 210.833 Thread 0x00007fc63c0a1640 Unloading class 0x0000000801058000 'java/lang/invoke/LambdaForm$MH+0x0000000801058000'
Event: 210.834 Thread 0x00007fc63c0a1640 Unloading class 0x0000000800f0d000 'jdk/internal/reflect/GeneratedConstructorAccessor14'
Event: 210.834 Thread 0x00007fc63c0a1640 Unloading class 0x0000000800f0c800 'jdk/internal/reflect/GeneratedConstructorAccessor12'
Event: 210.834 Thread 0x00007fc63c0a1640 Unloading class 0x0000000800f0c400 'jdk/internal/reflect/GeneratedConstructorAccessor11'
Event: 210.834 Thread 0x00007fc63c0a1640 Unloading class 0x0000000800f0c000 'jdk/internal/reflect/GeneratedConstructorAccessor10'
Event: 210.834 Thread 0x00007fc63c0a1640 Unloading class 0x0000000800da5000 'java/lang/invoke/LambdaForm$MH+0x0000000800da5000'
Event: 210.834 Thread 0x00007fc63c0a1640 Unloading class 0x0000000800da4c00 'java/lang/invoke/LambdaForm$MH+0x0000000800da4c00'
Event: 210.834 Thread 0x00007fc63c0a1640 Unloading class 0x0000000800da4800 'java/lang/invoke/LambdaForm$MH+0x0000000800da4800'
Event: 210.834 Thread 0x00007fc63c0a1640 Unloading class 0x0000000800da4400 'java/lang/invoke/LambdaForm$MH+0x0000000800da4400'
Event: 210.834 Thread 0x00007fc63c0a1640 Unloading class 0x0000000800da4000 'jdk/internal/reflect/GeneratedConstructorAccessor3'
Event: 210.834 Thread 0x00007fc63c0a1640 Unloading class 0x0000000800d08800 'java/lang/invoke/LambdaForm$MH+0x0000000800d08800'
Event: 210.834 Thread 0x00007fc63c0a1640 Unloading class 0x0000000800d08000 'java/lang/invoke/LambdaForm$MH+0x0000000800d08000'
Event: 210.834 Thread 0x00007fc63c0a1640 Unloading class 0x0000000800d03c00 'java/lang/invoke/LambdaForm$MH+0x0000000800d03c00'
Event: 210.834 Thread 0x00007fc63c0a1640 Unloading class 0x0000000800d03800 'java/lang/invoke/LambdaForm$MH+0x0000000800d03800'
Event: 210.834 Thread 0x00007fc63c0a1640 Unloading class 0x0000000800d03000 'java/lang/invoke/LambdaForm$MH+0x0000000800d03000'
Event: 210.834 Thread 0x00007fc63c0a1640 Unloading class 0x0000000800d02c00 'java/lang/invoke/LambdaForm$MH+0x0000000800d02c00'
Event: 210.834 Thread 0x00007fc63c0a1640 Unloading class 0x0000000800d02800 'java/lang/invoke/LambdaForm$MH+0x0000000800d02800'
Event: 210.834 Thread 0x00007fc63c0a1640 Unloading class 0x0000000800d02000 'java/lang/invoke/LambdaForm$MH+0x0000000800d02000'

Classes redefined (0 events):
No events

Internal exceptions (20 events):
Event: 128.715 Thread 0x00007fc63c4a6fd0 Exception <a 'java/lang/NoSuchMethodError'{0x00000000f60e18f8}: 'java.lang.Object java.lang.invoke.DirectMethodHandle$Holder.invokeInterface(java.lang.Object, java.lang.Object, java.lang.Object)'> (0x00000000f60e18f8) 
thrown [src/hotspot/share/interpreter/linkResolver.cpp, line 758]
Event: 129.015 Thread 0x00007fc5c00010d0 Exception <a 'java/lang/NoSuchMethodError'{0x00000000f59be410}: static [Lorg/eclipse/core/runtime/IPath;.<clinit>()V> (0x00000000f59be410) 
thrown [src/hotspot/share/prims/jni.cpp, line 1107]
Event: 129.045 Thread 0x00007fc5c00010d0 Exception <a 'java/lang/NoSuchMethodError'{0x00000000f59f1ee8}: static [J.<clinit>()V> (0x00000000f59f1ee8) 
thrown [src/hotspot/share/prims/jni.cpp, line 1107]
Event: 129.235 Thread 0x00007fc5c0131a50 Exception <a 'java/lang/NoSuchMethodError'{0x00000000f5ab5160}: 'java.lang.Object java.lang.invoke.DirectMethodHandle$Holder.newInvokeSpecial(java.lang.Object, java.lang.Object, java.lang.Object, int, java.lang.Object)'> (0x00000000f5ab5160) 
thrown [src/hotspot/share/interpreter/linkResolver.cpp, line 758]
Event: 129.236 Thread 0x00007fc5c0131a50 Exception <a 'java/lang/NoSuchMethodError'{0x00000000f5ab9068}: 'java.lang.Object java.lang.invoke.DirectMethodHandle$Holder.invokeSpecial(java.lang.Object, java.lang.Object, java.lang.Object, java.lang.Object, int, java.lang.Object)'> (0x00000000f5ab9068) 
thrown [src/hotspot/share/interpreter/linkResolver.cpp, line 758]
Event: 129.252 Thread 0x00007fc5c0131a50 Exception <a 'java/lang/NoSuchMethodError'{0x00000000f5abc8a8}: 'java.lang.Object java.lang.invoke.Invokers$Holder.linkToTargetMethod(java.lang.Object, java.lang.Object, int, java.lang.Object, java.lang.Object)'> (0x00000000f5abc8a8) 
thrown [src/hotspot/share/interpreter/linkResolver.cpp, line 758]
Event: 132.428 Thread 0x00007fc5c0131a50 Exception <a 'java/lang/NoSuchMethodError'{0x00000000f5a11ea0}: 'java.lang.Object java.lang.invoke.DirectMethodHandle$Holder.invokeStatic(java.lang.Object, java.lang.Object, java.lang.Object, long)'> (0x00000000f5a11ea0) 
thrown [src/hotspot/share/interpreter/linkResolver.cpp, line 758]
Event: 132.429 Thread 0x00007fc5c0131a50 Exception <a 'java/lang/NoSuchMethodError'{0x00000000f5d43158}: 'java.lang.Object java.lang.invoke.DirectMethodHandle$Holder.newInvokeSpecial(java.lang.Object, java.lang.Object, java.lang.Object, long)'> (0x00000000f5d43158) 
thrown [src/hotspot/share/interpreter/linkResolver.cpp, line 758]
Event: 132.430 Thread 0x00007fc5c0131a50 Exception <a 'java/lang/NoSuchMethodError'{0x00000000f5d47770}: 'java.lang.Object java.lang.invoke.DirectMethodHandle$Holder.invokeSpecial(java.lang.Object, java.lang.Object, java.lang.Object, java.lang.Object, long)'> (0x00000000f5d47770) 
thrown [src/hotspot/share/interpreter/linkResolver.cpp, line 758]
Event: 132.430 Thread 0x00007fc5c0131a50 Exception <a 'java/lang/NoSuchMethodError'{0x00000000f5d6bc10}: 'java.lang.Object java.lang.invoke.Invokers$Holder.linkToTargetMethod(java.lang.Object, java.lang.Object, long, java.lang.Object)'> (0x00000000f5d6bc10) 
thrown [src/hotspot/share/interpreter/linkResolver.cpp, line 758]
Event: 132.509 Thread 0x00007fc5c0131a50 Exception <a 'java/io/FileNotFoundException'{0x00000000f5f3ee48}> (0x00000000f5f3ee48) 
thrown [src/hotspot/share/prims/jni.cpp, line 516]
Event: 132.542 Thread 0x00007fc5c0131a50 Exception <a 'java/lang/NoSuchMethodError'{0x00000000f60c05a0}: 'java.lang.Object java.lang.invoke.DirectMethodHandle$Holder.newInvokeSpecial(java.lang.Object, java.lang.Object, int, java.lang.Object, java.lang.Object)'> (0x00000000f60c05a0) 
thrown [src/hotspot/share/interpreter/linkResolver.cpp, line 758]
Event: 132.598 Thread 0x00007fc5c0131a50 Exception <a 'java/lang/NoSuchMethodError'{0x00000000f60c4c80}: 'java.lang.Object java.lang.invoke.DirectMethodHandle$Holder.invokeSpecial(java.lang.Object, java.lang.Object, java.lang.Object, int, java.lang.Object, java.lang.Object)'> (0x00000000f60c4c80) 
thrown [src/hotspot/share/interpreter/linkResolver.cpp, line 758]
Event: 134.237 Thread 0x00007fc5c00010d0 Implicit null exception at 0x00007fc62afa8bd5 to 0x00007fc62afa8ee5
Event: 134.237 Thread 0x00007fc5c00010d0 Implicit null exception at 0x00007fc62afa6890 to 0x00007fc62afa6b65
Event: 135.103 Thread 0x00007fc5c00010d0 Implicit null exception at 0x00007fc62b195d22 to 0x00007fc62b1960b2
Event: 135.714 Thread 0x00007fc5c00010d0 Implicit null exception at 0x00007fc62b0daec1 to 0x00007fc62b0dafeb
Event: 2326.702 Thread 0x00007fc63c4a6fd0 Exception <a 'java/lang/OutOfMemoryError'{0x00000000e0011db8}> (0x00000000e0011db8) 
thrown [src/hotspot/share/gc/shared/memAllocator.cpp, line 136]
Event: 2329.143 Thread 0x00007fc63c4a6fd0 Exception <a 'java/lang/reflect/InvocationTargetException'{0x00000000f557e4c0}> (0x00000000f557e4c0) 
thrown [src/hotspot/share/runtime/reflection.cpp, line 1119]
Event: 2346.697 Thread 0x00007fc63c0b1c30 Exception <a 'java/lang/OutOfMemoryError'{0x00000000e0012088}> (0x00000000e0012088) 
thrown [src/hotspot/share/gc/shared/memAllocator.cpp, line 136]

VM Operations (20 events):
Event: 2320.103 Executing VM operation: ParallelGCFailedAllocation
Event: 2322.106 Executing VM operation: ParallelGCFailedAllocation done
Event: 2322.107 Executing VM operation: ParallelGCFailedAllocation
Event: 2326.701 Executing VM operation: ParallelGCFailedAllocation done
Event: 2326.708 Executing VM operation: ParallelGCFailedAllocation
Event: 2329.143 Executing VM operation: ParallelGCFailedAllocation done
Event: 2329.143 Executing VM operation: ParallelGCFailedAllocation
Event: 2331.133 Executing VM operation: ParallelGCFailedAllocation done
Event: 2331.134 Executing VM operation: ParallelGCFailedAllocation
Event: 2333.440 Executing VM operation: ParallelGCFailedAllocation done
Event: 2333.444 Executing VM operation: ParallelGCFailedAllocation
Event: 2335.723 Executing VM operation: ParallelGCFailedAllocation done
Event: 2335.723 Executing VM operation: ParallelGCFailedAllocation
Event: 2338.036 Executing VM operation: ParallelGCFailedAllocation done
Event: 2338.040 Executing VM operation: ParallelGCFailedAllocation
Event: 2339.919 Executing VM operation: ParallelGCFailedAllocation done
Event: 2339.919 Executing VM operation: ParallelGCFailedAllocation
Event: 2342.146 Executing VM operation: ParallelGCFailedAllocation done
Event: 2342.146 Executing VM operation: ParallelGCFailedAllocation
Event: 2346.697 Executing VM operation: ParallelGCFailedAllocation done

Events (20 events):
Event: 155.349 Thread 0x00007fc63c0b4590 flushing nmethod 0x00007fc62493a710
Event: 155.349 Thread 0x00007fc63c0b4590 flushing nmethod 0x00007fc6249ba810
Event: 155.349 Thread 0x00007fc63c0b4590 flushing nmethod 0x00007fc6249bfd90
Event: 155.349 Thread 0x00007fc63c0b4590 flushing nmethod 0x00007fc6249c0a90
Event: 155.349 Thread 0x00007fc63c0b4590 flushing nmethod 0x00007fc6249c2190
Event: 155.349 Thread 0x00007fc63c0b4590 flushing nmethod 0x00007fc6249cbb10
Event: 183.774 Thread 0x00007fc5e0004090 Thread exited: 0x00007fc5e0004090
Event: 183.774 Thread 0x00007fc5c841fd50 Thread exited: 0x00007fc5c841fd50
Event: 195.344 Thread 0x00007fc5c0387c20 Thread exited: 0x00007fc5c0387c20
Event: 195.344 Thread 0x00007fc5c0131a50 Thread exited: 0x00007fc5c0131a50
Event: 202.613 Thread 0x00007fc5d0301750 Thread exited: 0x00007fc5d0301750
Event: 643.041 loading class java/io/InterruptedIOException
Event: 643.041 loading class java/io/InterruptedIOException done
Event: 643.041 loading class javax/net/ssl/SSLException
Event: 643.041 loading class javax/net/ssl/SSLException done
Event: 643.041 loading class java/lang/AssertionError
Event: 643.041 loading class java/lang/AssertionError done
Event: 647.609 Thread 0x00007fc5c841a920 Thread exited: 0x00007fc5c841a920
Event: 654.809 Thread 0x00007fc5e0002e40 Thread exited: 0x00007fc5e0002e40
Event: 762.946 Thread 0x00007fc5c841b430 Thread exited: 0x00007fc5c841b430


Dynamic libraries:
e0000000-f5100000 rw-p 00000000 00:00 0 
f5100000-f9a80000 rw-p 00000000 00:00 0 
f9a80000-100000000 ---p 00000000 00:00 0 
800000000-800449000 rw-p 00001000 00:2c1 4611686019135357769             /nix/store/gpxl5qgg8kicmcvivwmybwjlpf7wh20l-graalvm17-ce-22.3.0/lib/server/classes.jsa
800449000-800bc8000 r--p 0044a000 00:2c1 4611686019135357769             /nix/store/gpxl5qgg8kicmcvivwmybwjlpf7wh20l-graalvm17-ce-22.3.0/lib/server/classes.jsa
800bc8000-800c00000 ---p 00000000 00:00 0 
800c00000-800c10000 rw-p 00000000 00:00 0 
800c10000-800c30000 rw-p 00000000 00:00 0 
800c30000-800cb0000 rw-p 00000000 00:00 0 
800cb0000-800cf0000 rw-p 00000000 00:00 0 
800cf0000-800db0000 rw-p 00000000 00:00 0 
800db0000-800df0000 rw-p 00000000 00:00 0 
800df0000-800f30000 rw-p 00000000 00:00 0 
800f30000-800fb0000 rw-p 00000000 00:00 0 
800fb0000-8011d0000 rw-p 00000000 00:00 0 
8011d0000-840c00000 ---p 00000000 00:00 0 
55f82e6c1000-55f82e6c2000 r-xp 00000000 00:2c1 4611686019099417844       /nix/store/gpxl5qgg8kicmcvivwmybwjlpf7wh20l-graalvm17-ce-22.3.0/bin/.java-wrapped
55f82e6c3000-55f82e6c4000 r--p 00001000 00:2c1 4611686019099417844       /nix/store/gpxl5qgg8kicmcvivwmybwjlpf7wh20l-graalvm17-ce-22.3.0/bin/.java-wrapped
55f82e6c4000-55f82e6c5000 rw-p 00002000 00:2c1 4611686019099417844       /nix/store/gpxl5qgg8kicmcvivwmybwjlpf7wh20l-graalvm17-ce-22.3.0/bin/.java-wrapped
55f82e6c5000-55f82e6c6000 rw-p 00004000 00:2c1 4611686019099417844       /nix/store/gpxl5qgg8kicmcvivwmybwjlpf7wh20l-graalvm17-ce-22.3.0/bin/.java-wrapped
55f82e6c6000-55f82e6c7000 rw-p 00005000 00:2c1 4611686019099417844       /nix/store/gpxl5qgg8kicmcvivwmybwjlpf7wh20l-graalvm17-ce-22.3.0/bin/.java-wrapped
55f83066b000-55f830740000 rw-p 00000000 00:00 0                          [heap]
7fc5b4400000-7fc5b46d0000 rw-p 00000000 00:00 0 
7fc5b46d0000-7fc5b4c00000 ---p 00000000 00:00 0 
7fc5b5400000-7fc5b5950000 rw-p 00000000 00:00 0 
7fc5b5950000-7fc5b5c00000 rw-p 00000000 00:00 0 
7fc5b64b3000-7fc5c0000000 r--s 00000000 00:2c1 4611686019135192581       /nix/store/gpxl5qgg8kicmcvivwmybwjlpf7wh20l-graalvm17-ce-22.3.0/lib/modules
7fc5c0000000-7fc5c0418000 rw-p 00000000 00:00 0 
7fc5c0418000-7fc5c4000000 ---p 00000000 00:00 0 
7fc5c4000000-7fc5c41cb000 rw-p 00000000 00:00 0 
7fc5c41cb000-7fc5c8000000 ---p 00000000 00:00 0 
7fc5c8000000-7fc5c84f0000 rw-p 00000000 00:00 0 
7fc5c84f0000-7fc5cc000000 ---p 00000000 00:00 0 
7fc5cc000000-7fc5cc14f000 rw-p 00000000 00:00 0 
7fc5cc14f000-7fc5d0000000 ---p 00000000 00:00 0 
7fc5d0000000-7fc5d08a4000 rw-p 00000000 00:00 0 
7fc5d08a4000-7fc5d4000000 ---p 00000000 00:00 0 
7fc5d4000000-7fc5d402a000 rw-p 00000000 00:00 0 
7fc5d402a000-7fc5d8000000 ---p 00000000 00:00 0 
7fc5d8000000-7fc5d8067000 rw-p 00000000 00:00 0 
7fc5d8067000-7fc5dc000000 ---p 00000000 00:00 0 
7fc5dc000000-7fc5dc021000 rw-p 00000000 00:00 0 
7fc5dc021000-7fc5e0000000 ---p 00000000 00:00 0 
7fc5e0000000-7fc5e0021000 rw-p 00000000 00:00 0 
7fc5e0021000-7fc5e4000000 ---p 00000000 00:00 0 
7fc5e4000000-7fc5e46f0000 rw-p 00000000 00:00 0 
7fc5e46f0000-7fc5e47f0000 rw-p 00000000 00:00 0 
7fc5e47f0000-7fc5e4800000 ---p 00000000 00:00 0 
7fc5e4800000-7fc5e4890000 rw-p 00000000 00:00 0 
7fc5e4890000-7fc5e48b0000 rw-p 00000000 00:00 0 
7fc5e48b0000-7fc5e48f0000 rw-p 00000000 00:00 0 
7fc5e48f0000-7fc5e4af0000 rw-p 00000000 00:00 0 
7fc5e4af0000-7fc5e4bf0000 rw-p 00000000 00:00 0 
7fc5e4bf0000-7fc5e4cf0000 rw-p 00000000 00:00 0 
7fc5e4cf0000-7fc5e4df0000 rw-p 00000000 00:00 0 
7fc5e4df0000-7fc5e4ef0000 rw-p 00000000 00:00 0 
7fc5e4ef0000-7fc5e4ff0000 rw-p 00000000 00:00 0 
7fc5e4ff0000-7fc5e50f0000 rw-p 00000000 00:00 0 
7fc5e50f0000-7fc5e51f0000 rw-p 00000000 00:00 0 
7fc5e51f0000-7fc5e57f0000 rw-p 00000000 00:00 0 
7fc5e57f0000-7fc5e58f0000 rw-p 00000000 00:00 0 
7fc5e58f0000-7fc5e59f0000 rw-p 00000000 00:00 0 
7fc5e59f0000-7fc5e5cf0000 rw-p 00000000 00:00 0 
7fc5e5cf0000-7fc5e5df0000 rw-p 00000000 00:00 0 
7fc5e5df0000-7fc5e6000000 rw-p 00000000 00:00 0 
7fc5e6800000-7fc5e6810000 r-xp 00000000 00:2b1 366                       /home/runner/.cache/jdt-language-server/config/org.eclipse.equinox.launcher/org.eclipse.equinox.launcher.gtk.linux.x86_64_1.2.400.v20211117-0650/eclipse_11600.so
7fc5e6810000-7fc5e6a0f000 ---p 00010000 00:2b1 366                       /home/runner/.cache/jdt-language-server/config/org.eclipse.equinox.launcher/org.eclipse.equinox.launcher.gtk.linux.x86_64_1.2.400.v20211117-0650/eclipse_11600.so
7fc5e6a0f000-7fc5e6a10000 r--p 0000f000 00:2b1 366                       /home/runner/.cache/jdt-language-server/config/org.eclipse.equinox.launcher/org.eclipse.equinox.launcher.gtk.linux.x86_64_1.2.400.v20211117-0650/eclipse_11600.so
7fc5e6a10000-7fc5e6a11000 rw-p 00010000 00:2b1 366                       /home/runner/.cache/jdt-language-server/config/org.eclipse.equinox.launcher/org.eclipse.equinox.launcher.gtk.linux.x86_64_1.2.400.v20211117-0650/eclipse_11600.so
7fc5e7600000-7fc5e7700000 ---p 00000000 00:00 0 
7fc5e7700000-7fc5e7caf000 r--p 01122000 00:2c1 4611686019135190040       /nix/store/gpxl5qgg8kicmcvivwmybwjlpf7wh20l-graalvm17-ce-22.3.0/lib/libjvmcicompiler.so
7fc5e7caf000-7fc5e7e00000 r--p 00000000 00:00 0 
7fc5e7e00000-7fc5e7e3d000 rw-p 00000000 00:00 0 
7fc5e7e3d000-7fc5e835d000 rw-p 0185f000 00:2c1 4611686019135190040       /nix/store/gpxl5qgg8kicmcvivwmybwjlpf7wh20l-graalvm17-ce-22.3.0/lib/libjvmcicompiler.so
7fc5e835d000-7fc5e8744000 r--p 01d7f000 00:2c1 4611686019135190040       /nix/store/gpxl5qgg8kicmcvivwmybwjlpf7wh20l-graalvm17-ce-22.3.0/lib/libjvmcicompiler.so
7fc5e8800000-7fc5e8804000 ---p 00000000 00:00 0 
7fc5e8804000-7fc5e8900000 rw-p 00000000 00:00 0 
7fc5e8900000-7fc5e8904000 ---p 00000000 00:00 0 
7fc5e8904000-7fc5e8a00000 rw-p 00000000 00:00 0 
7fc5e8c00000-7fc5e8c04000 ---p 00000000 00:00 0 
7fc5e8c04000-7fc5e8d00000 rw-p 00000000 00:00 0 
7fc5e8d00000-7fc5e8d04000 ---p 00000000 00:00 0 
7fc5e8d04000-7fc5e8e00000 rw-p 00000000 00:00 0 
7fc5e8f00000-7fc5e8f04000 ---p 00000000 00:00 0 
7fc5e8f04000-7fc5e9000000 rw-p 00000000 00:00 0 
7fc5e9000000-7fc5e9004000 ---p 00000000 00:00 0 
7fc5e9004000-7fc5e9100000 rw-p 00000000 00:00 0 
7fc5e9100000-7fc5e9104000 ---p 00000000 00:00 0 
7fc5e9104000-7fc5e9200000 rw-p 00000000 00:00 0 
7fc5e9300000-7fc5e9304000 ---p 00000000 00:00 0 
7fc5e9304000-7fc5e9400000 rw-p 00000000 00:00 0 
7fc5e9500000-7fc5e9504000 ---p 00000000 00:00 0 
7fc5e9504000-7fc5e9600000 rw-p 00000000 00:00 0 
7fc5e9700000-7fc5e9704000 ---p 00000000 00:00 0 
7fc5e9704000-7fc5e9800000 rw-p 00000000 00:00 0 
7fc5e9900000-7fc5e9904000 ---p 00000000 00:00 0 
7fc5e9904000-7fc5e9a00000 rw-p 00000000 00:00 0 
7fc5e9b00000-7fc5e9b04000 ---p 00000000 00:00 0 
7fc5e9b04000-7fc5e9c00000 rw-p 00000000 00:00 0 
7fc5e9c00000-7fc5ebd6a000 r-xp 00000000 00:2c1 4611686019135190040       /nix/store/gpxl5qgg8kicmcvivwmybwjlpf7wh20l-graalvm17-ce-22.3.0/lib/libjvmcicompiler.so
7fc5ebd6a000-7fc5ebf69000 ---p 0216a000 00:2c1 4611686019135190040       /nix/store/gpxl5qgg8kicmcvivwmybwjlpf7wh20l-graalvm17-ce-22.3.0/lib/libjvmcicompiler.so
7fc5ebf69000-7fc5ebf6a000 r--p 02169000 00:2c1 4611686019135190040       /nix/store/gpxl5qgg8kicmcvivwmybwjlpf7wh20l-graalvm17-ce-22.3.0/lib/libjvmcicompiler.so
7fc5ebf6a000-7fc5ebf6c000 rw-p 0216a000 00:2c1 4611686019135190040       /nix/store/gpxl5qgg8kicmcvivwmybwjlpf7wh20l-graalvm17-ce-22.3.0/lib/libjvmcicompiler.so
7fc5ebf6c000-7fc5ebf6d000 rw-p 00000000 00:00 0 
7fc5ebf6d000-7fc5ebf72000 rw-p 023c3000 00:2c1 4611686019135190040       /nix/store/gpxl5qgg8kicmcvivwmybwjlpf7wh20l-graalvm17-ce-22.3.0/lib/libjvmcicompiler.so
7fc5ec000000-7fc5ec021000 rw-p 00000000 00:00 0 
7fc5ec021000-7fc5f0000000 ---p 00000000 00:00 0 
7fc5f0000000-7fc5f0021000 rw-p 00000000 00:00 0 
7fc5f0021000-7fc5f4000000 ---p 00000000 00:00 0 
7fc5f4000000-7fc5f4021000 rw-p 00000000 00:00 0 
7fc5f4021000-7fc5f8000000 ---p 00000000 00:00 0 
7fc5f8000000-7fc5f8021000 rw-p 00000000 00:00 0 
7fc5f8021000-7fc5fc000000 ---p 00000000 00:00 0 
7fc5fc000000-7fc5fc0ca000 rw-p 00000000 00:00 0 
7fc5fc0ca000-7fc600000000 ---p 00000000 00:00 0 
7fc600000000-7fc600bde000 rw-p 00000000 00:00 0 
7fc600bde000-7fc604000000 ---p 00000000 00:00 0 
7fc604000000-7fc604021000 rw-p 00000000 00:00 0 
7fc604021000-7fc608000000 ---p 00000000 00:00 0 
7fc608000000-7fc608021000 rw-p 00000000 00:00 0 
7fc608021000-7fc60c000000 ---p 00000000 00:00 0 
7fc60c000000-7fc60c021000 rw-p 00000000 00:00 0 
7fc60c021000-7fc610000000 ---p 00000000 00:00 0 
7fc610000000-7fc610021000 rw-p 00000000 00:00 0 
7fc610021000-7fc614000000 ---p 00000000 00:00 0 
7fc614000000-7fc614021000 rw-p 00000000 00:00 0 
7fc614021000-7fc618000000 ---p 00000000 00:00 0 
7fc618000000-7fc618021000 rw-p 00000000 00:00 0 
7fc618021000-7fc61c000000 ---p 00000000 00:00 0 
7fc61c000000-7fc61c05c000 rw-p 00000000 00:00 0 
7fc61c05c000-7fc620004000 ---p 00000000 00:00 0 
7fc620004000-7fc620100000 rw-p 00000000 00:00 0 
7fc620200000-7fc620204000 ---p 00000000 00:00 0 
7fc620204000-7fc620300000 rw-p 00000000 00:00 0 
7fc620400000-7fc620404000 ---p 00000000 00:00 0 
7fc620404000-7fc620500000 rw-p 00000000 00:00 0 
7fc620600000-7fc620604000 ---p 00000000 00:00 0 
7fc620604000-7fc620700000 rw-p 00000000 00:00 0 
7fc620800000-7fc620804000 ---p 00000000 00:00 0 
7fc620804000-7fc620900000 rw-p 00000000 00:00 0 
7fc620900000-7fc620904000 ---p 00000000 00:00 0 
7fc620904000-7fc620a00000 rw-p 00000000 00:00 0 
7fc620a00000-7fc620a04000 ---p 00000000 00:00 0 
7fc620a04000-7fc620b00000 rw-p 00000000 00:00 0 
7fc620b00000-7fc620b04000 ---p 00000000 00:00 0 
7fc620b04000-7fc620c00000 rw-p 00000000 00:00 0 
7fc620c00000-7fc620c04000 ---p 00000000 00:00 0 
7fc620c04000-7fc620d00000 rw-p 00000000 00:00 0 
7fc620e00000-7fc620e04000 ---p 00000000 00:00 0 
7fc620e04000-7fc620f00000 rw-p 00000000 00:00 0 
7fc621b68000-7fc622000000 rw-p 00000000 00:00 0 
7fc6220fe000-7fc6220ff000 ---p 00000000 00:00 0 
7fc6220ff000-7fc622200000 rw-p 00000000 00:00 0 
7fc622200000-7fc622204000 ---p 00000000 00:00 0 
7fc622204000-7fc622300000 rw-p 00000000 00:00 0 
7fc622300000-7fc622304000 ---p 00000000 00:00 0 
7fc622304000-7fc622400000 rw-p 00000000 00:00 0 
7fc622400000-7fc622404000 ---p 00000000 00:00 0 
7fc622404000-7fc622500000 rw-p 00000000 00:00 0 
7fc622500000-7fc622504000 ---p 00000000 00:00 0 
7fc622504000-7fc622700000 rw-p 00000000 00:00 0 
7fc622700000-7fc622704000 ---p 00000000 00:00 0 
7fc622704000-7fc622900000 rw-p 00000000 00:00 0 
7fc622900000-7fc622904000 ---p 00000000 00:00 0 
7fc622904000-7fc622a00000 rw-p 00000000 00:00 0 
7fc622a00000-7fc622a04000 ---p 00000000 00:00 0 
7fc622a04000-7fc622b00000 rw-p 00000000 00:00 0 
7fc622b00000-7fc622b04000 ---p 00000000 00:00 0 
7fc622b04000-7fc622ff0000 rw-p 00000000 00:00 0 
7fc622ff0000-7fc6231f0000 rw-p 00000000 00:00 0 
7fc6231f0000-7fc6232f0000 rw-p 00000000 00:00 0 
7fc6232f0000-7fc623400000 rw-p 00000000 00:00 0 
7fc623491000-7fc623495000 ---p 00000000 00:00 0 
7fc623495000-7fc6234b3000 rw-p 00000000 00:00 0 
7fc6234b3000-7fc623723000 rwxp 00000000 00:00 0 
7fc623723000-7fc623a42000 ---p 00000000 00:00 0 
7fc623a42000-7fc624a62000 rwxp 00000000 00:00 0 
7fc624a62000-7fc62af7a000 ---p 00000000 00:00 0 
7fc62af7a000-7fc62b20a000 rwxp 00000000 00:00 0 
7fc62b20a000-7fc6324b3000 ---p 00000000 00:00 0 
7fc6324b3000-7fc63c000000 r--s 00000000 00:2c1 4611686019135192581       /nix/store/gpxl5qgg8kicmcvivwmybwjlpf7wh20l-graalvm17-ce-22.3.0/lib/modules
7fc63c000000-7fc63c602000 rw-p 00000000 00:00 0 
7fc63c602000-7fc640000000 ---p 00000000 00:00 0 
7fc64000c000-7fc64000e000 r-xp 00000000 00:2c1 4611686019135190017       /nix/store/gpxl5qgg8kicmcvivwmybwjlpf7wh20l-graalvm17-ce-22.3.0/lib/libextnet.so
7fc64000e000-7fc64000f000 r--p 00001000 00:2c1 4611686019135190017       /nix/store/gpxl5qgg8kicmcvivwmybwjlpf7wh20l-graalvm17-ce-22.3.0/lib/libextnet.so
7fc64000f000-7fc640010000 rw-p 00002000 00:2c1 4611686019135190017       /nix/store/gpxl5qgg8kicmcvivwmybwjlpf7wh20l-graalvm17-ce-22.3.0/lib/libextnet.so
7fc640010000-7fc640011000 rw-p 00004000 00:2c1 4611686019135190017       /nix/store/gpxl5qgg8kicmcvivwmybwjlpf7wh20l-graalvm17-ce-22.3.0/lib/libextnet.so
7fc640011000-7fc640018000 r-xp 00000000 00:2c1 4611686019135192580       /nix/store/gpxl5qgg8kicmcvivwmybwjlpf7wh20l-graalvm17-ce-22.3.0/lib/libzip.so
7fc640018000-7fc640019000 ---p 00007000 00:2c1 4611686019135192580       /nix/store/gpxl5qgg8kicmcvivwmybwjlpf7wh20l-graalvm17-ce-22.3.0/lib/libzip.so
7fc640019000-7fc64001a000 r--p 00007000 00:2c1 4611686019135192580       /nix/store/gpxl5qgg8kicmcvivwmybwjlpf7wh20l-graalvm17-ce-22.3.0/lib/libzip.so
7fc64001a000-7fc64001b000 rw-p 00008000 00:2c1 4611686019135192580       /nix/store/gpxl5qgg8kicmcvivwmybwjlpf7wh20l-graalvm17-ce-22.3.0/lib/libzip.so
7fc64001b000-7fc64001d000 rw-p 0000b000 00:2c1 4611686019135192580       /nix/store/gpxl5qgg8kicmcvivwmybwjlpf7wh20l-graalvm17-ce-22.3.0/lib/libzip.so
7fc64001d000-7fc640032000 r-xp 00000000 00:2c1 4611686019135192570       /nix/store/gpxl5qgg8kicmcvivwmybwjlpf7wh20l-graalvm17-ce-22.3.0/lib/libnet.so
7fc640032000-7fc640033000 ---p 00015000 00:2c1 4611686019135192570       /nix/store/gpxl5qgg8kicmcvivwmybwjlpf7wh20l-graalvm17-ce-22.3.0/lib/libnet.so
7fc640033000-7fc640034000 r--p 00015000 00:2c1 4611686019135192570       /nix/store/gpxl5qgg8kicmcvivwmybwjlpf7wh20l-graalvm17-ce-22.3.0/lib/libnet.so
7fc640034000-7fc640035000 rw-p 00016000 00:2c1 4611686019135192570       /nix/store/gpxl5qgg8kicmcvivwmybwjlpf7wh20l-graalvm17-ce-22.3.0/lib/libnet.so
7fc640035000-7fc640038000 rw-p 0001b000 00:2c1 4611686019135192570       /nix/store/gpxl5qgg8kicmcvivwmybwjlpf7wh20l-graalvm17-ce-22.3.0/lib/libnet.so
7fc640038000-7fc64004b000 r-xp 00000000 00:2c1 4611686019135192571       /nix/store/gpxl5qgg8kicmcvivwmybwjlpf7wh20l-graalvm17-ce-22.3.0/lib/libnio.so
7fc64004b000-7fc64004c000 r--p 00012000 00:2c1 4611686019135192571       /nix/store/gpxl5qgg8kicmcvivwmybwjlpf7wh20l-graalvm17-ce-22.3.0/lib/libnio.so
7fc64004c000-7fc64004d000 rw-p 00013000 00:2c1 4611686019135192571       /nix/store/gpxl5qgg8kicmcvivwmybwjlpf7wh20l-graalvm17-ce-22.3.0/lib/libnio.so
7fc64004d000-7fc640052000 rw-p 00019000 00:2c1 4611686019135192571       /nix/store/gpxl5qgg8kicmcvivwmybwjlpf7wh20l-graalvm17-ce-22.3.0/lib/libnio.so
7fc640052000-7fc640338000 r--p 00000000 00:29d 28444448                  /usr/lib/locale/locale-archive
7fc640338000-7fc64033c000 ---p 00000000 00:00 0 
7fc64033c000-7fc640438000 rw-p 00000000 00:00 0 
7fc640438000-7fc64043c000 ---p 00000000 00:00 0 
7fc64043c000-7fc640538000 rw-p 00000000 00:00 0 
7fc640538000-7fc640539000 ---p 00000000 00:00 0 
7fc640539000-7fc64063a000 rw-p 00000000 00:00 0 
7fc64063a000-7fc640708000 r-xp 00000000 00:2c1 4611686019135190036       /nix/store/gpxl5qgg8kicmcvivwmybwjlpf7wh20l-graalvm17-ce-22.3.0/lib/libjsvml.so
7fc640708000-7fc640709000 r--p 000cd000 00:2c1 4611686019135190036       /nix/store/gpxl5qgg8kicmcvivwmybwjlpf7wh20l-graalvm17-ce-22.3.0/lib/libjsvml.so
7fc640709000-7fc64070a000 rw-p 000ce000 00:2c1 4611686019135190036       /nix/store/gpxl5qgg8kicmcvivwmybwjlpf7wh20l-graalvm17-ce-22.3.0/lib/libjsvml.so
7fc64070a000-7fc641fe2000 rw-p 00000000 00:00 0 
7fc641fe2000-7fc641fe3000 ---p 00000000 00:00 0 
7fc641fe3000-7fc64218d000 rw-p 00000000 00:00 0 
7fc64218d000-7fc6421b2000 rw-p 00000000 00:00 0 
7fc6421b2000-7fc6421e4000 ---p 00000000 00:00 0 
7fc6421e4000-7fc6421eb000 rw-p 00000000 00:00 0 
7fc6421eb000-7fc6422d0000 ---p 00000000 00:00 0 
7fc6422d0000-7fc6422f1000 rw-p 00000000 00:00 0 
7fc6422f1000-7fc6423bb000 ---p 00000000 00:00 0 
7fc6423bb000-7fc6423c0000 rw-p 00000000 00:00 0 
7fc6423c0000-7fc6423c7000 ---p 00000000 00:00 0 
7fc6423c7000-7fc6423eb000 r-xp 00000000 00:2c1 4611686019135190028       /nix/store/gpxl5qgg8kicmcvivwmybwjlpf7wh20l-graalvm17-ce-22.3.0/lib/libjava.so
7fc6423eb000-7fc6423ec000 ---p 00024000 00:2c1 4611686019135190028       /nix/store/gpxl5qgg8kicmcvivwmybwjlpf7wh20l-graalvm17-ce-22.3.0/lib/libjava.so
7fc6423ec000-7fc6423ed000 r--p 00024000 00:2c1 4611686019135190028       /nix/store/gpxl5qgg8kicmcvivwmybwjlpf7wh20l-graalvm17-ce-22.3.0/lib/libjava.so
7fc6423ed000-7fc6423ee000 rw-p 00025000 00:2c1 4611686019135190028       /nix/store/gpxl5qgg8kicmcvivwmybwjlpf7wh20l-graalvm17-ce-22.3.0/lib/libjava.so
7fc6423ee000-7fc6423ef000 rw-p 00000000 00:00 0 
7fc6423ef000-7fc6423f6000 rw-p 0002f000 00:2c1 4611686019135190028       /nix/store/gpxl5qgg8kicmcvivwmybwjlpf7wh20l-graalvm17-ce-22.3.0/lib/libjava.so
7fc6423f6000-7fc6423fe000 rw-s 00000000 00:125 363                       /tmp/hsperfdata_runner/24
7fc6423fe000-7fc6423ff000 ---p 00000000 00:00 0 
7fc6423ff000-7fc642400000 r--p 00000000 00:00 0 
7fc642400000-7fc642401000 rwxp 00000000 00:00 0 
7fc642401000-7fc64241c000 r-xp 00000000 00:2c1 4611686019135190032       /nix/store/gpxl5qgg8kicmcvivwmybwjlpf7wh20l-graalvm17-ce-22.3.0/lib/libjimage.so
7fc64241c000-7fc64241d000 ---p 0001b000 00:2c1 4611686019135190032       /nix/store/gpxl5qgg8kicmcvivwmybwjlpf7wh20l-graalvm17-ce-22.3.0/lib/libjimage.so
7fc64241d000-7fc64241f000 r--p 0001b000 00:2c1 4611686019135190032       /nix/store/gpxl5qgg8kicmcvivwmybwjlpf7wh20l-graalvm17-ce-22.3.0/lib/libjimage.so
7fc64241f000-7fc642420000 rw-p 0001d000 00:2c1 4611686019135190032       /nix/store/gpxl5qgg8kicmcvivwmybwjlpf7wh20l-graalvm17-ce-22.3.0/lib/libjimage.so
7fc642420000-7fc642421000 rw-p 00024000 00:2c1 4611686019135190032       /nix/store/gpxl5qgg8kicmcvivwmybwjlpf7wh20l-graalvm17-ce-22.3.0/lib/libjimage.so
7fc642421000-7fc642425000 ---p 00000000 00:00 0 
7fc642425000-7fc642521000 rw-p 00000000 00:00 0 
7fc642521000-7fc64252f000 r--p 00000000 00:2c1 4611686019027979927       /nix/store/4nlgxhb09sdr51nc9hdm8az5b08vzkgx-glibc-2.35-163/lib/libm.so.6
7fc64252f000-7fc6425a2000 r-xp 0000e000 00:2c1 4611686019027979927       /nix/store/4nlgxhb09sdr51nc9hdm8az5b08vzkgx-glibc-2.35-163/lib/libm.so.6
7fc6425a2000-7fc6425ff000 r--p 00081000 00:2c1 4611686019027979927       /nix/store/4nlgxhb09sdr51nc9hdm8az5b08vzkgx-glibc-2.35-163/lib/libm.so.6
7fc6425ff000-7fc642600000 r--p 000dd000 00:2c1 4611686019027979927       /nix/store/4nlgxhb09sdr51nc9hdm8az5b08vzkgx-glibc-2.35-163/lib/libm.so.6
7fc642600000-7fc642601000 rw-p 000de000 00:2c1 4611686019027979927       /nix/store/4nlgxhb09sdr51nc9hdm8az5b08vzkgx-glibc-2.35-163/lib/libm.so.6
7fc642601000-7fc642602000 r--p 00000000 00:2c1 4611686019027979946       /nix/store/4nlgxhb09sdr51nc9hdm8az5b08vzkgx-glibc-2.35-163/lib/librt.so.1
7fc642602000-7fc642603000 r-xp 00001000 00:2c1 4611686019027979946       /nix/store/4nlgxhb09sdr51nc9hdm8az5b08vzkgx-glibc-2.35-163/lib/librt.so.1
7fc642603000-7fc642604000 r--p 00002000 00:2c1 4611686019027979946       /nix/store/4nlgxhb09sdr51nc9hdm8az5b08vzkgx-glibc-2.35-163/lib/librt.so.1
7fc642604000-7fc642605000 r--p 00002000 00:2c1 4611686019027979946       /nix/store/4nlgxhb09sdr51nc9hdm8az5b08vzkgx-glibc-2.35-163/lib/librt.so.1
7fc642605000-7fc642606000 rw-p 00003000 00:2c1 4611686019027979946       /nix/store/4nlgxhb09sdr51nc9hdm8az5b08vzkgx-glibc-2.35-163/lib/librt.so.1
7fc642606000-7fc643719000 r-xp 00000000 00:2c1 4611686019135360866       /nix/store/gpxl5qgg8kicmcvivwmybwjlpf7wh20l-graalvm17-ce-22.3.0/lib/server/libjvm.so
7fc643719000-7fc64371a000 ---p 01113000 00:2c1 4611686019135360866       /nix/store/gpxl5qgg8kicmcvivwmybwjlpf7wh20l-graalvm17-ce-22.3.0/lib/server/libjvm.so
7fc64371a000-7fc6437cf000 r--p 01113000 00:2c1 4611686019135360866       /nix/store/gpxl5qgg8kicmcvivwmybwjlpf7wh20l-graalvm17-ce-22.3.0/lib/server/libjvm.so
7fc6437cf000-7fc643803000 rw-p 011c8000 00:2c1 4611686019135360866       /nix/store/gpxl5qgg8kicmcvivwmybwjlpf7wh20l-graalvm17-ce-22.3.0/lib/server/libjvm.so
7fc643803000-7fc64385f000 rw-p 00000000 00:00 0 
7fc64385f000-7fc643887000 r--p 00000000 00:2c1 4611686019027979918       /nix/store/4nlgxhb09sdr51nc9hdm8az5b08vzkgx-glibc-2.35-163/lib/libc.so.6
7fc643887000-7fc6439fd000 r-xp 00028000 00:2c1 4611686019027979918       /nix/store/4nlgxhb09sdr51nc9hdm8az5b08vzkgx-glibc-2.35-163/lib/libc.so.6
7fc6439fd000-7fc643a55000 r--p 0019e000 00:2c1 4611686019027979918       /nix/store/4nlgxhb09sdr51nc9hdm8az5b08vzkgx-glibc-2.35-163/lib/libc.so.6
7fc643a55000-7fc643a59000 r--p 001f6000 00:2c1 4611686019027979918       /nix/store/4nlgxhb09sdr51nc9hdm8az5b08vzkgx-glibc-2.35-163/lib/libc.so.6
7fc643a59000-7fc643a5b000 rw-p 001fa000 00:2c1 4611686019027979918       /nix/store/4nlgxhb09sdr51nc9hdm8az5b08vzkgx-glibc-2.35-163/lib/libc.so.6
7fc643a5b000-7fc643a6a000 rw-p 00000000 00:00 0 
7fc643a6a000-7fc643a6b000 r--p 00000000 00:2c1 4611686019027979923       /nix/store/4nlgxhb09sdr51nc9hdm8az5b08vzkgx-glibc-2.35-163/lib/libdl.so.2
7fc643a6b000-7fc643a6c000 r-xp 00001000 00:2c1 4611686019027979923       /nix/store/4nlgxhb09sdr51nc9hdm8az5b08vzkgx-glibc-2.35-163/lib/libdl.so.2
7fc643a6c000-7fc643a6d000 r--p 00002000 00:2c1 4611686019027979923       /nix/store/4nlgxhb09sdr51nc9hdm8az5b08vzkgx-glibc-2.35-163/lib/libdl.so.2
7fc643a6d000-7fc643a6e000 r--p 00002000 00:2c1 4611686019027979923       /nix/store/4nlgxhb09sdr51nc9hdm8az5b08vzkgx-glibc-2.35-163/lib/libdl.so.2
7fc643a6e000-7fc643a6f000 rw-p 00003000 00:2c1 4611686019027979923       /nix/store/4nlgxhb09sdr51nc9hdm8az5b08vzkgx-glibc-2.35-163/lib/libdl.so.2
7fc643a6f000-7fc643a70000 r--p 00000000 00:2c1 4611686019027979942       /nix/store/4nlgxhb09sdr51nc9hdm8az5b08vzkgx-glibc-2.35-163/lib/libpthread.so.0
7fc643a70000-7fc643a71000 r-xp 00001000 00:2c1 4611686019027979942       /nix/store/4nlgxhb09sdr51nc9hdm8az5b08vzkgx-glibc-2.35-163/lib/libpthread.so.0
7fc643a71000-7fc643a72000 r--p 00002000 00:2c1 4611686019027979942       /nix/store/4nlgxhb09sdr51nc9hdm8az5b08vzkgx-glibc-2.35-163/lib/libpthread.so.0
7fc643a72000-7fc643a73000 r--p 00002000 00:2c1 4611686019027979942       /nix/store/4nlgxhb09sdr51nc9hdm8az5b08vzkgx-glibc-2.35-163/lib/libpthread.so.0
7fc643a73000-7fc643a74000 rw-p 00003000 00:2c1 4611686019027979942       /nix/store/4nlgxhb09sdr51nc9hdm8az5b08vzkgx-glibc-2.35-163/lib/libpthread.so.0
7fc643a74000-7fc643a82000 r-xp 00000000 00:2c1 4611686019135190033       /nix/store/gpxl5qgg8kicmcvivwmybwjlpf7wh20l-graalvm17-ce-22.3.0/lib/libjli.so
7fc643a82000-7fc643a83000 ---p 0000e000 00:2c1 4611686019135190033       /nix/store/gpxl5qgg8kicmcvivwmybwjlpf7wh20l-graalvm17-ce-22.3.0/lib/libjli.so
7fc643a83000-7fc643a84000 r--p 0000e000 00:2c1 4611686019135190033       /nix/store/gpxl5qgg8kicmcvivwmybwjlpf7wh20l-graalvm17-ce-22.3.0/lib/libjli.so
7fc643a84000-7fc643a85000 rw-p 0000f000 00:2c1 4611686019135190033       /nix/store/gpxl5qgg8kicmcvivwmybwjlpf7wh20l-graalvm17-ce-22.3.0/lib/libjli.so
7fc643a85000-7fc643a86000 rw-p 00012000 00:2c1 4611686019135190033       /nix/store/gpxl5qgg8kicmcvivwmybwjlpf7wh20l-graalvm17-ce-22.3.0/lib/libjli.so
7fc643a86000-7fc643a89000 r--p 00000000 00:2c1 4611686019106210071       /nix/store/026hln0aq1hyshaxsdvhg0kmcm6yf45r-zlib-1.2.13/lib/libz.so.1.2.13
7fc643a89000-7fc643a9b000 r-xp 00003000 00:2c1 4611686019106210071       /nix/store/026hln0aq1hyshaxsdvhg0kmcm6yf45r-zlib-1.2.13/lib/libz.so.1.2.13
7fc643a9b000-7fc643aa2000 r--p 00015000 00:2c1 4611686019106210071       /nix/store/026hln0aq1hyshaxsdvhg0kmcm6yf45r-zlib-1.2.13/lib/libz.so.1.2.13
7fc643aa2000-7fc643aa3000 r--p 0001b000 00:2c1 4611686019106210071       /nix/store/026hln0aq1hyshaxsdvhg0kmcm6yf45r-zlib-1.2.13/lib/libz.so.1.2.13
7fc643aa3000-7fc643aa4000 rw-p 0001c000 00:2c1 4611686019106210071       /nix/store/026hln0aq1hyshaxsdvhg0kmcm6yf45r-zlib-1.2.13/lib/libz.so.1.2.13
7fc643aa4000-7fc643aa6000 rw-p 00000000 00:00 0 
7fc643aa6000-7fc643aa8000 r--p 00000000 00:2c1 4611686019027979912       /nix/store/4nlgxhb09sdr51nc9hdm8az5b08vzkgx-glibc-2.35-163/lib/ld-linux-x86-64.so.2
7fc643aa8000-7fc643acf000 r-xp 00002000 00:2c1 4611686019027979912       /nix/store/4nlgxhb09sdr51nc9hdm8az5b08vzkgx-glibc-2.35-163/lib/ld-linux-x86-64.so.2
7fc643acf000-7fc643adb000 r--p 00029000 00:2c1 4611686019027979912       /nix/store/4nlgxhb09sdr51nc9hdm8az5b08vzkgx-glibc-2.35-163/lib/ld-linux-x86-64.so.2
7fc643adb000-7fc643add000 r--p 00034000 00:2c1 4611686019027979912       /nix/store/4nlgxhb09sdr51nc9hdm8az5b08vzkgx-glibc-2.35-163/lib/ld-linux-x86-64.so.2
7fc643add000-7fc643adf000 rw-p 00036000 00:2c1 4611686019027979912       /nix/store/4nlgxhb09sdr51nc9hdm8az5b08vzkgx-glibc-2.35-163/lib/ld-linux-x86-64.so.2
7fffaf4d4000-7fffaf4f8000 rw-p 00000000 00:00 0                          [stack]
7fffaf50d000-7fffaf511000 r--p 00000000 00:00 0                          [vvar]
7fffaf511000-7fffaf513000 r-xp 00000000 00:00 0                          [vdso]
ffffffffff600000-ffffffffff601000 --xp 00000000 00:00 0                  [vsyscall]


VM Arguments:
jvm_args: -XX:ThreadPriorityPolicy=1 -XX:+UnlockExperimentalVMOptions -XX:+EnableJVMCIProduct -XX:JVMCIThreadsPerNativeLibraryRuntime=1 -XX:-UnlockExperimentalVMOptions -Declipse.application=org.eclipse.jdt.ls.core.id1 -Dosgi.bundles.defaultStartLevel=4 -Declipse.product=org.eclipse.jdt.ls.core.product -Dlog.level=ALL -Xverify:none -XX:+UseParallelGC -XX:GCTimeRatio=4 -XX:AdaptiveSizePolicyWeight=90 -Dsun.zip.disableMemoryMapping=true -Xmx512m -Xms100m 
java_command: /nix/store/a7s9klvriqi68xz3qjc0qyfl5h86xc16-jdt-language-server-1.9.0/share/java/plugins/org.eclipse.equinox.launcher_1.6.400.v20210924-0641.jar --add-modules=ALL-SYSTEM --add-opens java.base/java.util=ALL-UNNAMED --add-opens java.base/java.lang=ALL-UNNAMED -configuration /home/runner/.cache/jdt-language-server/config -data /home/runner/.cache/jdt-language-server/data/home/runner/javaBasics
java_class_path (initial): /nix/store/a7s9klvriqi68xz3qjc0qyfl5h86xc16-jdt-language-server-1.9.0/share/java/plugins/org.eclipse.equinox.launcher_1.6.400.v20210924-0641.jar
Launcher Type: SUN_STANDARD

[Global flags]
    uintx AdaptiveSizePolicyWeight                 = 90                                        {product} {command line}
     intx CICompilerCount                          = 2                                         {product} {ergonomic}
     bool EnableJVMCIProduct                       = true                                {JVMCI product} {jimage}
    uintx GCTimeRatio                              = 4                                         {product} {command line}
   size_t InitialHeapSize                          = 104857600                                 {product} {command line}
     uint JVMCIThreadsPerNativeLibraryRuntime      = 1                                   {JVMCI product} {jimage}
   size_t MaxHeapSize                              = 536870912                                 {product} {command line}
   size_t MaxNewSize                               = 178782208                                 {product} {ergonomic}
   size_t MinHeapDeltaBytes                        = 524288                                    {product} {ergonomic}
   size_t MinHeapSize                              = 104857600                                 {product} {command line}
   size_t NewSize                                  = 34603008                                  {product} {ergonomic}
    uintx NonNMethodCodeHeapSize                   = 5826188                                {pd product} {ergonomic}
    uintx NonProfiledCodeHeapSize                  = 122916026                              {pd product} {ergonomic}
   size_t OldSize                                  = 70254592                                  {product} {ergonomic}
    uintx ProfiledCodeHeapSize                     = 122916026                              {pd product} {ergonomic}
    uintx ReservedCodeCacheSize                    = 251658240                              {pd product} {ergonomic}
     bool SegmentedCodeCache                       = true                                      {product} {ergonomic}
   size_t SoftMaxHeapSize                          = 536870912                              {manageable} {ergonomic}
     intx ThreadPriorityPolicy                     = 1                                         {product} {jimage}
     bool UseCompressedClassPointers               = true                           {product lp64_product} {ergonomic}
     bool UseCompressedOops                        = true                           {product lp64_product} {ergonomic}
     bool UseParallelGC                            = true                                      {product} {command line}

Logging:
Log output configuration:
 #0: stdout all=warning uptime,level,tags
 #1: stderr all=off uptime,level,tags

Environment Variables:
JAVA_HOME=/nix/store/gpxl5qgg8kicmcvivwmybwjlpf7wh20l-graalvm17-ce-22.3.0
PATH=/nix/store/1d6ian3r8kdzspw8hacjhl3xkp40g1lj-binutils-wrapper-2.39/bin:/nix/store/dq0xwmsk1g0i2ayg6pb7y87na2knzylh-gcc-wrapper-11.3.0/bin:/nix/store/bap4d0lpcrhpwmpb8ayjcgkmvfj62lnq-bash-interactive-5.1-p16/bin:/nix/store/pr5n59mb4jzmfx6kanwxly0l07p861fg-patchelf-0.15.0/bin:/nix/store/1gf2flfqnpqbr1b4p4qz2f72y42bs56r-gcc-11.3.0/bin:/nix/store/57xv61c5zi8pphjbcwxxjlgc34p61ic9-glibc-2.35-163-bin/bin:/nix/store/a7gvj343m05j2s32xcnwr35v31ynlypr-coreutils-9.1/bin:/nix/store/039g378vc3pc3dvi9dzdlrd0i4q93qwf-binutils-2.39/bin:/nix/store/gpxl5qgg8kicmcvivwmybwjlpf7wh20l-graalvm17-ce-22.3.0/bin:/nix/store/6z9ag3ihc8mq2hzsw48lhbznvzny65nz-apache-maven-3.8.6/bin:/nix/store/a7s9klvriqi68xz3qjc0qyfl5h86xc16-jdt-language-server-1.9.0/bin:/nix/store/48ifl2w60a3zp7yskbpnvn8jp9jdsb7k-java-debug/bin:/nix/store/mydc6f4k2z73xlcz7ilif3v2lcaiqvza-findutils-4.9.0/bin:/nix/store/j9p3g8472iijd50vhdprx0nmk2fqn5gv-diffutils-3.8/bin:/nix/store/89zs7rms6x00xfq4dq6m7mjnhkr8a6r4-gnused-4.8/bin:/nix/store/86bp03jkmsl6f92w0yzg4s59g5mhxwmy-gnugrep-3.7/bin:/nix/store/hwcdqw4jrjnd37wxqgsd47hd0j8bnj09-gawk-5.1.1/bin:/nix/store/cfbhw8r8ags41vwqaz47r583d0p4h4a1-gnutar-1.34/bin:/nix/store/p3m1ndl1lapwrlh698bnb5lvvxh67378-gzip-1.12/bin:/nix/store/a8mhcagrsly7c7mpjrpsnaahk4aax056-bzip2-1.0.8-bin/bin:/nix/store/mblgz65m3zv9x548a3d5m96fj2pbwr09-gnumake-4.3/bin:/nix/store/dsd5gz46hdbdk2rfdimqddhq6m8m8fqs-bash-5.1-p16/bin:/nix/store/v7ljksji50mg3w61dykaa3n3y79n6nil-patch-2.7.6/bin:/nix/store/zlcnmqq14jz5x9439jf937mvayyl63da-xz-5.2.7-bin/bin:/nix/store/y6aj732zm9m87c82fpvf103a1xb22blp-file-5.43/bin:/nix/store/i4kzir3m7mrisxmf5xvlnkw01x4qaqr4-prybar-elisp-0.0.0-e0d9a52/bin:/nix/store/lwwivxf6h7x3cvxp9zv8sj0mv7dak99r-prybar-lua-0.0.0-e0d9a52/bin:/nix/store/gxj28g1cg4hq3qanmjv07156h800qr58-prybar-python3-0.0.0-e0d9a52/bin:/nix/store/hshkjnxrgidigf8x75vg6lqng2xlx9i3-prybar-sqlite-0.0.0-e0d9a52/bin:/nix/store/c4w01bpjgyy5ixmwdk8m1pw87zq4sl26-prybar-tcl-0.0.0-e0d9a52/bin:/nix/store/hpbvrlwd5viqmvcaisb3x0118i913a9n-st
LD_LIBRARY_PATH=/nix/store/a4pff549sk2idnkpzk5nsfps3mdkdnvm-cups-2.4.2-lib/lib:/nix/store/72mqxxhh3cy5yifh92wh2yb8cl2hikyy-cairo-1.16.0/lib:/nix/store/2k366jrbsra97gjfxwvrhvixjfxdach5-glib-2.74.1/lib:/nix/store/2j2znigd8ak37rlwh9khz0ry3clqlw1l-gtk+3-3.24.34/lib:/nix/store/hisqvx32cd57apbpcsnkpx6k3549wql1-libglvnd-1.4.0/lib:/nix/store/p36pgcv991mq5srvg765b78yqpxvk3qs-mesa-21.3.3-drivers/lib:/nix/store/mav4251if1ahjq5vkpwycyyvnmy459c4-pulseaudio-14.2/lib
DISPLAY=:0
LANG=en_US.UTF-8

Signal Handlers:
   SIGSEGV: crash_handler in libjvm.so, mask=11100100010111111101111111111110, flags=SA_RESTART|SA_SIGINFO
    SIGBUS: crash_handler in libjvm.so, mask=11100100010111111101111111111110, flags=SA_RESTART|SA_SIGINFO
    SIGFPE: crash_handler in libjvm.so, mask=11100100010111111101111111111110, flags=SA_RESTART|SA_SIGINFO
   SIGPIPE: IsolateEnterStub_IgnoreSIGPIPEStartupHook_noopSignalHandler_8f19bff2f35b5f630d83b364d6b2339320d4ec70_216e8361c6bc87a8f89f58cc10d3b2fd4415bf87 in libjvmcicompiler.so, mask=00000000000000000000000000000000, flags=SA_RESTART
  *** Handler was modified!
  *** Expected: javaSignalHandler in libjvm.so, mask=11100100110111111111111111111110, flags=SA_RESTART|SA_SIGINFO
   SIGXFSZ: javaSignalHandler in libjvm.so, mask=11100100010111111101111111111110, flags=SA_RESTART|SA_SIGINFO
    SIGILL: crash_handler in libjvm.so, mask=11100100010111111101111111111110, flags=SA_RESTART|SA_SIGINFO
   SIGUSR2: SR_handler in libjvm.so, mask=00000000000000000000000000000000, flags=SA_RESTART|SA_SIGINFO
    SIGHUP: UserHandler in libjvm.so, mask=11100100010111111101111111111110, flags=SA_RESTART|SA_SIGINFO
    SIGINT: UserHandler in libjvm.so, mask=11100100010111111101111111111110, flags=SA_RESTART|SA_SIGINFO
   SIGTERM: UserHandler in libjvm.so, mask=11100100010111111101111111111110, flags=SA_RESTART|SA_SIGINFO
   SIGQUIT: UserHandler in libjvm.so, mask=11100100010111111101111111111110, flags=SA_RESTART|SA_SIGINFO
  *** Handler was modified!
  *** Expected: javaSignalHandler in libjvm.so, mask=11100100110111111111111111111110, flags=SA_RESTART|SA_SIGINFO
   SIGTRAP: crash_handler in libjvm.so, mask=11100100010111111101111111111110, flags=SA_RESTART|SA_SIGINFO


---------------  S Y S T E M  ---------------

OS:
DISTRIB_ID=Ubuntu
DISTRIB_RELEASE=20.04
DISTRIB_CODENAME=focal
DISTRIB_DESCRIPTION="Ubuntu 20.04.2 LTS"
uname: Linux 6.2.0-1014-gcp #14~22.04.1-Ubuntu SMP Mon Sep 11 07:44:43 UTC 2023 x86_64
OS uptime: 0 days 4:57 hours
libc: glibc 2.35 NPTL 2.35 
rlimit (soft/hard): STACK 8192k/infinity , CORE infinity/infinity , NPROC infinity/infinity , NOFILE 5242/5242 , AS infinity/infinity , CPU infinity/infinity , DATA infinity/infinity , FSIZE infinity/infinity , MEMLOCK 8192k/8192k
load average: 11.99 10.21 9.66

/proc/meminfo:
MemTotal:       32856000 kB
MemFree:        19939988 kB
MemAvailable:   25453740 kB
Buffers:          829432 kB
Cached:          4413608 kB
SwapCached:            0 kB
Active:          3680828 kB
Inactive:        8148852 kB
Active(anon):       3540 kB
Inactive(anon):  6387956 kB
Active(file):    3677288 kB
Inactive(file):  1760896 kB
Unevictable:       28580 kB
Mlocked:           28580 kB
SwapTotal:             0 kB
SwapFree:              0 kB
Zswap:                 0 kB
Zswapped:              0 kB
Dirty:              1140 kB
Writeback:             0 kB
AnonPages:       6154024 kB
Mapped:          1061980 kB
Shmem:              7476 kB
KReclaimable:     541260 kB
Slab:             759988 kB
SReclaimable:     541260 kB
SUnreclaim:       218728 kB
KernelStack:       46224 kB
PageTables:       102284 kB
SecPageTables:         0 kB
NFS_Unstable:          0 kB
Bounce:                0 kB
WritebackTmp:          0 kB
CommitLimit:    16428000 kB
Committed_AS:   18947400 kB
VmallocTotal:   34359738367 kB
VmallocUsed:       64408 kB
VmallocChunk:          0 kB
Percpu:             8288 kB
HardwareCorrupted:     0 kB
AnonHugePages:    124928 kB
ShmemHugePages:        0 kB
ShmemPmdMapped:        0 kB
FileHugePages:         0 kB
FilePmdMapped:         0 kB
HugePages_Total:       0
HugePages_Free:        0
HugePages_Rsvd:        0
HugePages_Surp:        0
Hugepagesize:       2048 kB
Hugetlb:               0 kB
DirectMap4k:      224056 kB
DirectMap2M:     9209856 kB
DirectMap1G:    26214400 kB

/sys/kernel/mm/transparent_hugepage/enabled: always [madvise] never
/sys/kernel/mm/transparent_hugepage/defrag (defrag/compaction efforts parameter): always defer defer+madvise [madvise] never

Process Memory:
Virtual Size: 3871920K (peak: 3908976K)
Resident Set Size: 749740K (peak: 792612K) (anon: 563996K, file: 185744K, shmem: 0K)
Swapped out: 0K
C-Heap outstanding allocations: 42496K, retained: 9191K
glibc malloc tunables: (default)

/proc/sys/kernel/threads-max (system-wide limit on the number of threads): 256622
/proc/sys/vm/max_map_count (maximum number of memory map areas a process may have): 65530
/proc/sys/kernel/pid_max (system-wide limit on number of process identifiers): 4194304

container (cgroup) information:
container_type: cgroupv2
cpu_cpuset_cpus: not supported
cpu_memory_nodes: not supported
active_processor_count: 1
cpu_quota: 50000
cpu_period: 100000
cpu_shares: no shares
memory_limit_in_bytes: 1048576 k
memory_and_swap_limit_in_bytes: unlimited
memory_soft_limit_in_bytes: 524288 k
memory_usage_in_bytes: 642688 k
memory_max_usage_in_bytes: not supported
maximum number of tasks: not supported
current number of tasks: not supported

KVM virtualization detected
Steal ticks since vm start: 3651
Steal ticks percentage since vm start:  0.004

CPU: total 4 (initial active 1) (2 cores per cpu, 2 threads per core) family 6 model 79 stepping 0 microcode 0xffffffff, cx8, cmov, fxsr, ht, mmx, 3dnowpref, sse, sse2, sse3, ssse3, sse4.1, sse4.2, popcnt, lzcnt, tsc, tscinvbit, avx, avx2, aes, erms, clmul, bmi1, bmi2, rtm, adx, fma, vzeroupper, clflush, hv
CPU Model and flags from /proc/cpuinfo:
model name	: Intel(R) Xeon(R) CPU @ 2.20GHz
flags		: fpu vme de pse tsc msr pae mce cx8 apic sep mtrr pge mca cmov pat pse36 clflush mmx fxsr sse sse2 ss ht syscall nx pdpe1gb rdtscp lm constant_tsc rep_good nopl xtopology nonstop_tsc cpuid tsc_known_freq pni pclmulqdq ssse3 fma cx16 pcid sse4_1 sse4_2 x2apic movbe popcnt aes xsave avx f16c rdrand hypervisor lahf_lm abm 3dnowprefetch invpcid_single pti ssbd ibrs ibpb stibp fsgsbase tsc_adjust bmi1 hle avx2 smep bmi2 erms invpcid rtm rdseed adx smap xsaveopt arat md_clear arch_capabilities

Online cpus: 0-3
Offline cpus: 
BIOS frequency limitation: <Not Available>
Frequency switch latency (ns): <Not Available>
Available cpu frequencies: <Not Available>
Current governor: <Not Available>
Core performance/turbo boost: <Not Available>

Memory: 4k page, physical 1048576k(405880k free), swap 0k(0k free)
Page Sizes: 4k

vm_info: OpenJDK 64-Bit Server VM (17.0.5+8-jvmci-22.3-b08) for linux-amd64 JRE (17.0.5+8-jvmci-22.3-b08), built on Oct 19 2022 09:01:27 by "buildslave" with gcc 10.3.0

END.
