#
# A fatal error has been detected by the Java Runtime Environment:
#
#  Internal Error (jvmciRuntime.cpp:1609), pid=35, tid=92
#  fatal error: Fatal exception in JVMCI: Error calling jdk.vm.ci.services.Services.serializeSavedProperties
#
# JRE version: OpenJDK Runtime Environment GraalVM CE 22.3.0 (17.0.5+8) (build 17.0.5+8-jvmci-22.3-b08)
# Java VM: OpenJDK 64-Bit Server VM GraalVM CE 22.3.0 (17.0.5+8-jvmci-22.3-b08, mixed mode, sharing, tiered, jvmci, jvmci compiler, compressed oops, compressed class ptrs, parallel gc, linux-amd64)
# Problematic frame:
# V  [libjvm.so+0x972714]  JVMCIRuntime::fatal_exception(JVMCIEnv*, char const*)+0x74
#
# Core dump will be written. Default location: Core dumps may be processed with "/usr/share/apport/apport -p%p -s%s -c%c -d%d -P%P -u%u -g%g -- %E" (or dumping to /home/runner/javaBasics/core.35)
#
# If you would like to submit a bug report, please visit:
#   https://github.com/oracle/graal/issues
#

---------------  S U M M A R Y ------------

Command Line: -XX:ThreadPriorityPolicy=1 -XX:+UnlockExperimentalVMOptions -XX:+EnableJVMCIProduct -XX:JVMCIThreadsPerNativeLibraryRuntime=1 -XX:-UnlockExperimentalVMOptions -Declipse.application=org.eclipse.jdt.ls.core.id1 -Dosgi.bundles.defaultStartLevel=4 -Declipse.product=org.eclipse.jdt.ls.core.product -Dlog.level=ALL -Xverify:none -XX:+UseParallelGC -XX:GCTimeRatio=4 -XX:AdaptiveSizePolicyWeight=90 -Dsun.zip.disableMemoryMapping=true -Xmx512m -Xms100m /nix/store/a7s9klvriqi68xz3qjc0qyfl5h86xc16-jdt-language-server-1.9.0/share/java/plugins/org.eclipse.equinox.launcher_1.6.400.v20210924-0641.jar --add-modules=ALL-SYSTEM --add-opens java.base/java.util=ALL-UNNAMED --add-opens java.base/java.lang=ALL-UNNAMED -configuration /home/runner/.cache/jdt-language-server/config -data /home/runner/.cache/jdt-language-server/data/home/runner/javaBasics

Host: Intel(R) Xeon(R) CPU @ 2.20GHz, 4 cores, 1G, Ubuntu 20.04.2 LTS
Time: Sat Sep  9 05:08:19 2023 UTC elapsed time: 1452.230200 seconds (0d 0h 24m 12s)

---------------  T H R E A D  ---------------

Current thread (0x00007f652c0b1c30):  JavaThread "JVMCI-native CompilerThread0" daemon [_thread_in_vm, id=92, stack(0x00007f6530448000,0x00007f6530648000)]


Current CompileTask:
JVMCI-native:1452232 8599       4       java.io.StringWriter::write (11 bytes)

Stack: [0x00007f6530448000,0x00007f6530648000],  sp=0x00007f6530646380,  free space=2040k
Native frames: (J=compiled Java code, j=interpreted, Vv=VM code, C=native code)
V  [libjvm.so+0x972714]  JVMCIRuntime::fatal_exception(JVMCIEnv*, char const*)+0x74
V  [libjvm.so+0x93e2fe]  JVMCIEnv::copy_saved_properties()+0x14e
V  [libjvm.so+0x9732a9]  JVMCIRuntime::initialize(JVMCIEnv*)+0xb19
V  [libjvm.so+0x9738a2]  JVMCIRuntime::get_HotSpotJVMCIRuntime(JVMCIEnv*)+0x12
V  [libjvm.so+0x9749f2]  JVMCIRuntime::compile_method(JVMCIEnv*, JVMCICompiler*, methodHandle const&, int)+0xd2
V  [libjvm.so+0x5b0d20]  CompileBroker::invoke_compiler_on_method(CompileTask*)+0x1470
V  [libjvm.so+0x5b12e8]  CompileBroker::compiler_thread_loop()+0x528
V  [libjvm.so+0xd82460]  JavaThread::thread_main_inner()+0xd0
V  [libjvm.so+0xd85a40]  Thread::call_run()+0xc0
V  [libjvm.so+0xbdb1e1]  thread_native_entry(Thread*)+0xe1

Register to memory mapping:

RAX=0x00007f653359b000 points into unknown readable memory: 0x0000000000000058 | 58 00 00 00 00 00 00 00
RBX=0x00007f6534696398: <offset 0x0000000000ef5398> in /nix/store/gpxl5qgg8kicmcvivwmybwjlpf7wh20l-graalvm17-ce-22.3.0/lib/server/libjvm.so at 0x00007f65337a1000
RCX=0x00007f653464e1e8: <offset 0x0000000000ead1e8> in /nix/store/gpxl5qgg8kicmcvivwmybwjlpf7wh20l-graalvm17-ce-22.3.0/lib/server/libjvm.so at 0x00007f65337a1000
RDX=0x0000000000000649 is an unknown value
RSP=0x00007f6530646380 is pointing into the stack for thread: 0x00007f652c0b1c30
RBP=0x00007f65306463a0 is pointing into the stack for thread: 0x00007f652c0b1c30
RSI=0x00007f6534696c48: <offset 0x0000000000ef5c48> in /nix/store/gpxl5qgg8kicmcvivwmybwjlpf7wh20l-graalvm17-ce-22.3.0/lib/server/libjvm.so at 0x00007f65337a1000
RDI=0x00000000e0000000 is an oop: [B 
{0x00000000e0000000} - klass: {type array byte}
 - length: 49
R8 =0x00007f6534696398: <offset 0x0000000000ef5398> in /nix/store/gpxl5qgg8kicmcvivwmybwjlpf7wh20l-graalvm17-ce-22.3.0/lib/server/libjvm.so at 0x00007f65337a1000
R9 =0x0000000000000003 is an unknown value
R10=0x00007f65349e7da0: <offset 0x0000000001246da0> in /nix/store/gpxl5qgg8kicmcvivwmybwjlpf7wh20l-graalvm17-ce-22.3.0/lib/server/libjvm.so at 0x00007f65337a1000
R11=0x000000080044f048 is pointing into metadata
R12=0x0 is NULL
R13=0x00007f652c0b1c30 is a thread
R14=0x00007f652c000b80 points into unknown readable memory: 0x00007f65348c7a38 | 38 7a 8c 34 65 7f 00 00
R15=0x00007f65349d5e40: <offset 0x0000000001234e40> in /nix/store/gpxl5qgg8kicmcvivwmybwjlpf7wh20l-graalvm17-ce-22.3.0/lib/server/libjvm.so at 0x00007f65337a1000


Registers:
RAX=0x00007f653359b000, RBX=0x00007f6534696398, RCX=0x00007f653464e1e8, RDX=0x0000000000000649
RSP=0x00007f6530646380, RBP=0x00007f65306463a0, RSI=0x00007f6534696c48, RDI=0x00000000e0000000
R8 =0x00007f6534696398, R9 =0x0000000000000003, R10=0x00007f65349e7da0, R11=0x000000080044f048
R12=0x0000000000000000, R13=0x00007f652c0b1c30, R14=0x00007f652c000b80, R15=0x00007f65349d5e40
RIP=0x00007f6534113714, EFLAGS=0x0000000000010206, CSGSFS=0x002b000000000033, ERR=0x0000000000000006
  TRAPNO=0x000000000000000e

Top of Stack: (sp=0x00007f6530646380)
0x00007f6530646380:   00007f6530646940 00007f652c0b1c30
0x00007f6530646390:   00007f6531f2c8c8 0000000800c417a0
0x00007f65306463a0:   00007f6530646500 00007f65340df2fe
0x00007f65306463b0:   00007f65306463e0 00007f6530646440 

Instructions: (pc=0x00007f6534113714)
0x00007f6534113614:   30 e8 f6 cf e8 ff 4c 89 e7 e8 2e 48 d1 ff 84 db
0x00007f6534113624:   75 2a 4d 85 ed 74 04 4d 8b 6d 00 48 83 c4 08 44
0x00007f6534113634:   89 f9 4c 89 f2 4c 89 ee 5b 4c 89 e7 41 5c 41 5d
0x00007f6534113644:   41 5e 41 5f 5d e9 e2 47 d1 ff 66 90 48 83 c4 08
0x00007f6534113654:   5b 41 5c 41 5d 41 5e 41 5f 5d c3 90 31 d2 be 08
0x00007f6534113664:   00 00 00 4c 89 ff e8 b1 78 a3 ff 49 89 c5 e9 37
0x00007f6534113674:   ff ff ff 66 0f 1f 84 00 00 00 00 00 48 8b 7a 08
0x00007f6534113684:   e9 6d ff ff ff 0f 1f 80 00 00 00 00 e8 5b 48 0a
0x00007f6534113694:   00 84 c0 75 89 e9 6a ff ff ff 66 90 55 48 89 e5
0x00007f65341136a4:   41 56 41 55 41 54 49 89 fc 53 48 89 f3 66 48 8d
0x00007f65341136b4:   3d 27 5e 85 00 66 66 48 e8 df 43 8d ff 4c 8b 28
0x00007f65341136c4:   8b 05 be 72 8a 00 85 c0 75 14 ba 01 00 00 00 48
0x00007f65341136d4:   8d 0d ae 72 8a 00 f0 0f b1 11 85 c0 74 4e be c8
0x00007f65341136e4:   00 00 00 4c 89 ef e8 01 0b 41 00 48 8d 05 12 ac
0x00007f65341136f4:   85 00 49 89 d8 48 8d 0d e8 aa 53 00 ba 49 06 00
0x00007f6534113704:   00 48 8d 35 3c 35 58 00 bf 00 00 00 e0 48 8b 00
0x00007f6534113714:   c6 00 58 31 c0 e8 e2 91 c6 ff 5b 41 5c 41 5d 41
0x00007f6534113724:   5e 5d e9 55 34 26 00 0f 1f 44 00 00 48 8d 05 81
0x00007f6534113734:   a3 8b 00 48 89 df 4c 8b 30 e8 9e 43 8d ff 48 89
0x00007f6534113744:   de 48 89 c2 49 8b 06 4c 89 f7 ff 50 08 4c 89 f7
0x00007f6534113754:   e8 a7 5c 27 00 4d 85 e4 74 12 be 01 00 00 00 4c
0x00007f6534113764:   89 e7 e8 35 43 fc ff eb 82 0f 1f 00 be 01 00 00
0x00007f6534113774:   00 4c 89 ef e8 d3 fd ff ff e9 6d ff ff ff 66 66
0x00007f6534113784:   2e 0f 1f 84 00 00 00 00 00 0f 1f 00 55 48 89 e5
0x00007f6534113794:   41 57 41 56 41 55 41 54 53 48 81 ec 08 02 00 00
0x00007f65341137a4:   64 48 8b 04 25 28 00 00 00 48 89 45 c8 8b 07 83
0x00007f65341137b4:   f8 02 0f 84 11 04 00 00 4c 8b 6f 18 49 89 ff 49
0x00007f65341137c4:   89 f4 4d 85 ed 74 14 4c 89 ef e8 5d 57 22 00 41
0x00007f65341137d4:   8b 07 83 f8 02 0f 84 19 04 00 00 48 8d 1d 9a 06
0x00007f65341137e4:   8a 00 4c 8d 35 0b 3c 58 00 eb 38 90 48 85 d2 7f
0x00007f65341137f4:   0d 48 8d 05 b4 c0 85 00 48 83 38 00 7e 0e 41 8b
0x00007f6534113804:   77 2c 4c 89 f7 31 c0 e8 a0 b2 f7 ff 49 8b 7f 18 


Stack slot to memory mapping:
stack at sp + 0 slots: 0x00007f6530646940 is pointing into the stack for thread: 0x00007f652c0b1c30
stack at sp + 1 slots: 0x00007f652c0b1c30 is a thread
stack at sp + 2 slots: 0x00007f6531f2c8c8 points into unknown readable memory: 0x6573001880c9ffff | ff ff c9 80 18 00 73 65
stack at sp + 3 slots: 0x0000000800c417a0 is a pointer to class: 
jdk.vm.ci.services.Services {0x0000000800c417a0}
 - instance size:     2
 - klass size:        65
 - access:            public final synchronized 
 - state:             fully_initialized
 - name:              'jdk/vm/ci/services/Services'
 - super:             'java/lang/Object'
 - sub:               
 - arrays:            NULL
 - methods:           Array<T>(0x00007f6531043430)
 - method ordering:   Array<T>(0x0000000800928960)
 - default_methods:   Array<T>(0x0000000000000000)
 - local interfaces:  Array<T>(0x00000008005ce810)
 - trans. interfaces: Array<T>(0x00000008005ce810)
 - constants:         constant pool [427] {0x00007f6531042510} for 'jdk/vm/ci/services/Services' cache=0x00007f6531044700
 - class loader data:  loader data: 0x00007f652c027cc0 of 'bootstrap'
 - source file:       'Services.java'
 - class annotations:       Array<T>(0x0000000000000000)
 - class type annotations:  Array<T>(0x0000000000000000)
 - field annotations:       Array<T>(0x0000000000000000)
 - field type annotations:  Array<T>(0x0000000000000000)
 - inner classes:     Array<T>(0x00007f65310446d0)
 - nest members:     Array<T>(0x00007f65310446f0)
 - permitted subclasses:     Array<T>(0x00000008005ce7a0)
 - java mirror:       a 'java/lang/Class'{0x00000000e017c090} = 'jdk/vm/ci/services/Services'
 - vtable length      5  (start addr: 0x0000000800c41970)
 - itable length      2 (start addr: 0x0000000800c41998)
 - ---- static fields (3 words):
 - public static final 'IS_BUILDING_NATIVE_IMAGE' 'Z' @128 
 - public static final 'IS_IN_NATIVE_IMAGE' 'Z' @129 
 - private static volatile 'savedProperties' 'Ljava/util/Map;' @112 
 - static final 'JVMCI_ENABLED' 'Z' @130 
 - private static final 'servicesCache' 'Ljava/util/Map;' @116 
 - private static final 'MAX_UNICODE_IN_UTF8_LENGTH' 'I' @120 
 - private static final 'MAX_UTF8_PROPERTY_STRING_LENGTH' 'I' @124 
 - ---- non-static fields (0 words):
 - non-static oop maps: 
stack at sp + 4 slots: 0x00007f6530646500 is pointing into the stack for thread: 0x00007f652c0b1c30
stack at sp + 5 slots: 0x00007f65340df2fe: <offset 0x000000000093e2fe> in /nix/store/gpxl5qgg8kicmcvivwmybwjlpf7wh20l-graalvm17-ce-22.3.0/lib/server/libjvm.so at 0x00007f65337a1000
stack at sp + 6 slots: 0x00007f65306463e0 is pointing into the stack for thread: 0x00007f652c0b1c30
stack at sp + 7 slots: 0x00007f6530646440 is pointing into the stack for thread: 0x00007f652c0b1c30


---------------  P R O C E S S  ---------------

Threads class SMR info:
_java_thread_list=0x00007f64bc117cf0, length=25, elements={
0x00007f652c025f60, 0x00007f652c0a5f00, 0x00007f652c0a7340, 0x00007f652c0adaa0,
0x00007f652c0aee50, 0x00007f652c0b0240, 0x00007f652c0b1c30, 0x00007f652c0b3140,
0x00007f652c0b4590, 0x00007f652c0d78b0, 0x00007f652c11f130, 0x00007f652c303280,
0x00007f652c336fc0, 0x00007f652c338e50, 0x00007f652c349020, 0x00007f64c4016fa0,
0x00007f64c42a8960, 0x00007f64c430c4c0, 0x00007f64c4488750, 0x00007f64c45f6d20,
0x00007f652c35fe10, 0x00007f652c4aa2f0, 0x00007f64b4001cf0, 0x00007f64bc11a850,
0x00007f64bc117440
}

Java Threads: ( => current thread )
  0x00007f652c025f60 JavaThread "main" [_thread_blocked, id=83, stack(0x00007f65335bc000,0x00007f65336bc000)]
  0x00007f652c0a5f00 JavaThread "Reference Handler" daemon [_thread_blocked, id=87, stack(0x00007f6530d2e000,0x00007f6530e2e000)]
  0x00007f652c0a7340 JavaThread "Finalizer" daemon [_thread_blocked, id=88, stack(0x00007f6530c2e000,0x00007f6530d2e000)]
  0x00007f652c0adaa0 JavaThread "Signal Dispatcher" daemon [_thread_blocked, id=89, stack(0x00007f6530848000,0x00007f6530948000)]
  0x00007f652c0aee50 JavaThread "Service Thread" daemon [_thread_blocked, id=90, stack(0x00007f6530748000,0x00007f6530848000)]
  0x00007f652c0b0240 JavaThread "Monitor Deflation Thread" daemon [_thread_blocked, id=91, stack(0x00007f6530648000,0x00007f6530748000)]
=>0x00007f652c0b1c30 JavaThread "JVMCI-native CompilerThread0" daemon [_thread_in_vm, id=92, stack(0x00007f6530448000,0x00007f6530648000)]
  0x00007f652c0b3140 JavaThread "C1 CompilerThread0" daemon [_thread_blocked, id=93, stack(0x00007f6530248000,0x00007f6530448000)]
  0x00007f652c0b4590 JavaThread "Sweeper thread" daemon [_thread_blocked, id=94, stack(0x00007f6530148000,0x00007f6530248000)]
  0x00007f652c0d78b0 JavaThread "Common-Cleaner" daemon [_thread_blocked, id=97, stack(0x00007f6530048000,0x00007f6530148000)]
  0x00007f652c11f130 JavaThread "Notification Thread" daemon [_thread_blocked, id=99, stack(0x00007f65133b3000,0x00007f65134b3000)]
  0x00007f652c303280 JavaThread "Active Thread: Equinox Container: 687357a1-08ef-49b2-b9d6-7d4fd526a017" [_thread_blocked, id=160, stack(0x00007f65131b1000,0x00007f65132b1000)]
  0x00007f652c336fc0 JavaThread "Framework Event Dispatcher: Equinox Container: 687357a1-08ef-49b2-b9d6-7d4fd526a017" daemon [_thread_blocked, id=161, stack(0x00007f6510d00000,0x00007f6510e00000)]
  0x00007f652c338e50 JavaThread "Start Level: Equinox Container: 687357a1-08ef-49b2-b9d6-7d4fd526a017" daemon [_thread_blocked, id=162, stack(0x00007f6510b00000,0x00007f6510c00000)]
  0x00007f652c349020 JavaThread "Refresh Thread: Equinox Container: 687357a1-08ef-49b2-b9d6-7d4fd526a017" daemon [_thread_blocked, id=173, stack(0x00007f6510900000,0x00007f6510a00000)]
  0x00007f64c4016fa0 JavaThread "SCR Component Actor" daemon [_thread_blocked, id=174, stack(0x00007f6510700000,0x00007f6510800000)]
  0x00007f64c42a8960 JavaThread "Worker-JM" [_thread_blocked, id=186, stack(0x00007f6510300000,0x00007f6510400000)]
  0x00007f64c430c4c0 JavaThread "Worker-0: Refreshing workspace" [_thread_blocked, id=197, stack(0x00007f6510100000,0x00007f6510200000)]
  0x00007f64c4488750 JavaThread "Java indexing" daemon [_thread_blocked, id=199, stack(0x00007f64dab00000,0x00007f64dac00000)]
  0x00007f64c45f6d20 JavaThread "Bundle File Closer" daemon [_thread_blocked, id=200, stack(0x00007f64da900000,0x00007f64daa00000)]
  0x00007f652c35fe10 JavaThread "pool-3-thread-1" [_thread_blocked, id=212, stack(0x00007f64da700000,0x00007f64da800000)]
  0x00007f652c4aa2f0 JavaThread "pool-2-thread-1" [_thread_blocked, id=219, stack(0x00007f64da500000,0x00007f64da600000)]
  0x00007f64b4001cf0 JavaThread "Worker-3: Compacting resource model" [_thread_blocked, id=224, stack(0x00007f64da300000,0x00007f64da400000)]
  0x00007f64bc11a850 JavaThread "Thread-3" [_thread_blocked, id=422, stack(0x00007f6510600000,0x00007f6510700000)]
  0x00007f64bc117440 JavaThread "Worker-6" [_thread_blocked, id=4925, stack(0x00007f64d9b00000,0x00007f64d9c00000)]

Other Threads:
  0x00007f652c0a1640 VMThread "VM Thread" [stack: 0x00007f6530e30000,0x00007f6530f30000] [id=86] _threads_hazard_ptr=0x00007f64bc117cf0
  0x00007f652c120ad0 WatcherThread [stack: 0x00007f65132b3000,0x00007f65133b3000] [id=100]
  0x00007f652c03d860 GCTaskThread "GC Thread#0" [stack: 0x00007f653317f000,0x00007f653327f000] [id=85]

Threads with active compile tasks:
JVMCI-native CompilerThread0  1452399 8599       4       java.io.StringWriter::write (11 bytes)

VM state: synchronizing (normal execution)

VM Mutex/Monitor currently owned by a thread:  ([mutex/lock_event])
[0x00007f652c023110] Threads_lock - owner thread: 0x00007f652c0a1640
[0x00007f652c0238c0] Heap_lock - owner thread: 0x00007f64c430c4c0

OutOfMemory and StackOverflow Exception counts:
OutOfMemoryError java_heap_errors=2
LinkageErrors=68

Heap address: 0x00000000e0000000, size: 512 MB, Compressed Oops mode: 32-bit

CDS archive(s) mapped at: [0x0000000800000000-0x0000000800bc8000-0x0000000800bc8000), size 12353536, SharedBaseAddress: 0x0000000800000000, ArchiveRelocationMode: 0.
Compressed class space mapped at: 0x0000000800c00000-0x0000000840c00000, reserved size: 1073741824
Narrow klass base: 0x0000000800000000, Narrow klass shift: 0, Narrow klass range: 0x100000000

GC Precious Log:
 CPUs: 4 total, 1 available
 Memory: 1024M
 Large Page Support: Disabled
 NUMA Support: Disabled
 Compressed Oops: Enabled (32-bit)
 Alignments: Space 512K, Generation 512K, Heap 2M
 Heap Min Capacity: 100M
 Heap Initial Capacity: 100M
 Heap Max Capacity: 512M
 Pre-touch: Disabled
 Parallel Workers: 1

Heap:
 PSYoungGen      total 64512K, used 33791K [0x00000000f5580000, 0x00000000fb880000, 0x0000000100000000)
  eden space 33792K, 99% used [0x00000000f5580000,0x00000000f767fff8,0x00000000f7680000)
  from space 30720K, 0% used [0x00000000f9a80000,0x00000000f9a80000,0x00000000fb880000)
  to   space 13312K, 0% used [0x00000000f7680000,0x00000000f7680000,0x00000000f8380000)
 ParOldGen       total 349696K, used 349695K [0x00000000e0000000, 0x00000000f5580000, 0x00000000f5580000)
  object space 349696K, 99% used [0x00000000e0000000,0x00000000f557fef8,0x00000000f5580000)
 Metaspace       used 57051K, committed 58240K, reserved 1105920K
  class space    used 5644K, committed 6080K, reserved 1048576K

Card table byte_map: [0x00007f653327f000,0x00007f6533380000] _byte_map_base: 0x00007f6532b7f000

Marking Bits: (ParMarkBitMap*) 0x00007f65349cf4c0
 Begin Bits: [0x00007f65320d2000, 0x00007f65328d2000)
 End Bits:   [0x00007f65328d2000, 0x00007f65330d2000)

Polling page: 0x00007f6533599000

Metaspace:

Usage:
  Non-class:     50.20 MB used.
      Class:      5.51 MB used.
       Both:     55.71 MB used.

Virtual space:
  Non-class space:       56.00 MB reserved,      50.94 MB ( 91%) committed,  7 nodes.
      Class space:        1.00 GB reserved,       5.94 MB ( <1%) committed,  1 nodes.
             Both:        1.05 GB reserved,      56.88 MB (  5%) committed. 

Chunk freelists:
   Non-Class:  456.00 KB
       Class:  2.15 MB
        Both:  2.60 MB

MaxMetaspaceSize: unlimited
CompressedClassSpaceSize: 1.00 GB
Initial GC threshold: 21.00 MB
Current GC threshold: 94.69 MB
CDS: on
MetaspaceReclaimPolicy: balanced
 - commit_granule_bytes: 65536.
 - commit_granule_words: 8192.
 - virtual_space_node_default_size: 1048576.
 - enlarge_chunks_in_place: 1.
 - new_chunks_are_fully_committed: 0.
 - uncommit_free_chunks: 1.
 - use_allocation_guard: 0.
 - handle_deallocations: 1.


Internal statistics:

num_allocs_failed_limit: 6.
num_arena_births: 482.
num_arena_deaths: 148.
num_vsnodes_births: 8.
num_vsnodes_deaths: 0.
num_space_committed: 909.
num_space_uncommitted: 0.
num_chunks_returned_to_freelist: 210.
num_chunks_taken_from_freelist: 2702.
num_chunk_merges: 85.
num_chunk_splits: 1759.
num_chunks_enlarged: 1096.
num_purges: 2.
num_inconsistent_stats: 0.

CodeHeap 'non-profiled nmethods': size=120036Kb used=2420Kb max_used=2420Kb free=117615Kb
 bounds [0x00007f651af7a000, 0x00007f651b1ea000, 0x00007f65224b3000]
CodeHeap 'profiled nmethods': size=120032Kb used=13261Kb max_used=15780Kb free=106770Kb
 bounds [0x00007f6513a42000, 0x00007f65149b2000, 0x00007f651af7a000]
CodeHeap 'non-nmethods': size=5692Kb used=1383Kb max_used=1394Kb free=4308Kb
 bounds [0x00007f65134b3000, 0x00007f6513723000, 0x00007f6513a42000]
 total_blobs=7208 nmethods=6491 adapters=613
 compilation: enabled
              stopped_count=0, restarted_count=0
 full_count=0

JVMCI Events (20 events):
Event: 1145.130 Thread 0x00007f652c0b1c30 destroyed JavaVM[6]@0x00007f64b2a9e340 for JVMCI runtime 0
Event: 1145.130 Thread 0x00007f652c0b1c30 compacted oop handles in JVMCI runtime 0 from 42 to 42
Event: 1145.130 Thread 0x00007f652c0b1c30 releasing handles for JVMCI runtime 0: oop handles=42, metadata handles={total=88, live=77, blocks=35}
Event: 1145.130 Thread 0x00007f652c0b1c30 detached from JVMCI runtime 0
Event: 1161.041 Thread 0x00007f652c0b1c30 attached to JVMCI runtime 0
Event: 1161.045 Thread 0x00007f652c0b1c30 created JavaVM[7]@0x00007f64b2a9e340 for JVMCI runtime 0
Event: 1163.912 Thread 0x00007f652c0b1c30 initializing JVMCI runtime 0
Event: 1163.912 Thread 0x00007f652c0b1c30 done waiting for JavaVM references initialization in JVMCI runtime 0
Event: 1175.447 Thread 0x00007f652c0b1c30 initialized JVMCI runtime 0
Event: 1199.697 Thread 0x00007f652c0b1c30 detaching from JVMCI runtime 0: releasing idle compiler thread (0 other threads still attached)
Event: 1199.697 Thread 0x00007f652c0b1c30 shutting down HotSpotJVMCIRuntime for JVMCI runtime 0
Event: 1199.697 Thread 0x00007f652c0b1c30 shut down JVMCI runtime 0
Event: 1199.699 Thread 0x00007f652c0b1c30 destroyed JavaVM[7]@0x00007f64b2a9e340 for JVMCI runtime 0
Event: 1199.699 Thread 0x00007f652c0b1c30 compacted oop handles in JVMCI runtime 0 from 48 to 48
Event: 1199.699 Thread 0x00007f652c0b1c30 releasing handles for JVMCI runtime 0: oop handles=48, metadata handles={total=93, live=82, blocks=35}
Event: 1199.699 Thread 0x00007f652c0b1c30 detached from JVMCI runtime 0
Event: 1389.083 Thread 0x00007f652c0b1c30 attached to JVMCI runtime 0
Event: 1389.090 Thread 0x00007f652c0b1c30 created JavaVM[8]@0x00007f64b2a9e340 for JVMCI runtime 0
Event: 1389.090 Thread 0x00007f652c0b1c30 initializing JVMCI runtime 0
Event: 1389.090 Thread 0x00007f652c0b1c30 done waiting for JavaVM references initialization in JVMCI runtime 0

Compilation events (20 events):
Event: 1073.198 Thread 0x00007f652c0b3140 nmethod 8588 0x00007f6513b62010 code [0x00007f6513b621c0, 0x00007f6513b622e0]
Event: 1077.438 Thread 0x00007f652c0b3140 8589       3       java.util.concurrent.locks.LockSupport::parkNanos (29 bytes)
Event: 1079.564 Thread 0x00007f652c0b3140 nmethod 8589 0x00007f6513ae7510 code [0x00007f6513ae76e0, 0x00007f6513ae78e0]
Event: 1086.815 Thread 0x00007f652c0b1c30 8590       4       java.lang.Thread::interrupted (23 bytes)
Event: 1088.941 Thread 0x00007f652c0b3140 8591       3       java.util.concurrent.locks.AbstractQueuedSynchronizer$Node::clearStatus (12 bytes)
Event: 1093.339 Thread 0x00007f652c0b3140 nmethod 8591 0x00007f6513cee990 code [0x00007f6513ceeb40, 0x00007f6513ceeca0]
Event: 1093.339 Thread 0x00007f652c0b3140 8592       3       jdk.internal.misc.Unsafe::putIntOpaque (9 bytes)
Event: 1093.339 Thread 0x00007f652c0b3140 nmethod 8592 0x00007f6513cce190 code [0x00007f6513cce320, 0x00007f6513cce430]
Event: 1102.814 Thread 0x00007f652c0b3140 8593   !   3       java.util.concurrent.locks.AbstractQueuedSynchronizer::acquire (407 bytes)
Event: 1102.821 Thread 0x00007f652c0b3140 nmethod 8593 0x00007f6514488410 code [0x00007f6514488780, 0x00007f651448a5a0]
Event: 1125.919 Thread 0x00007f652c0b1c30 nmethod 8590 0x00007f651b1d6510 code [0x00007f651b1d66a0, 0x00007f651b1d6730]
Event: 1161.041 Thread 0x00007f652c0b1c30 8594       4       java.util.HashMap::keySet (25 bytes)
Event: 1196.515 Thread 0x00007f652c0b1c30 nmethod 8594 0x00007f651b1d6810 code [0x00007f651b1d69a0, 0x00007f651b1d6a90]
Event: 1285.002 Thread 0x00007f652c0b3140 8595       1       org.eclipse.core.runtime.Status::getException (5 bytes)
Event: 1285.002 Thread 0x00007f652c0b3140 nmethod 8595 0x00007f651b1d6b90 code [0x00007f651b1d6d20, 0x00007f651b1d6df0]
Event: 1337.501 Thread 0x00007f652c0b3140 8596       3       org.eclipse.core.internal.jobs.DeadlockDetector::indexOf (43 bytes)
Event: 1341.605 Thread 0x00007f652c0b3140 nmethod 8596 0x00007f65144e8b10 code [0x00007f65144e8d00, 0x00007f65144e9b90]
Event: 1364.703 Thread 0x00007f652c0b3140 8598       3       java.util.concurrent.ThreadPoolExecutor::workerCountOf (5 bytes)
Event: 1364.704 Thread 0x00007f652c0b3140 nmethod 8598 0x00007f6513a6c390 code [0x00007f6513a6c520, 0x00007f6513a6c610]
Event: 1389.083 Thread 0x00007f652c0b1c30 8599       4       java.io.StringWriter::write (11 bytes)

GC Heap History (20 events):
Event: 1431.015 GC heap before
{Heap before GC invocations=655 (full 570):
 PSYoungGen      total 64512K, used 33791K [0x00000000f5580000, 0x00000000fb880000, 0x0000000100000000)
  eden space 33792K, 99% used [0x00000000f5580000,0x00000000f767ffd0,0x00000000f7680000)
  from space 30720K, 0% used [0x00000000f9a80000,0x00000000f9a80000,0x00000000fb880000)
  to   space 13312K, 0% used [0x00000000f7680000,0x00000000f7680000,0x00000000f8380000)
 ParOldGen       total 349696K, used 349689K [0x00000000e0000000, 0x00000000f5580000, 0x00000000f5580000)
  object space 349696K, 99% used [0x00000000e0000000,0x00000000f557e440,0x00000000f5580000)
 Metaspace       used 57049K, committed 58240K, reserved 1105920K
  class space    used 5644K, committed 6080K, reserved 1048576K
}
Event: 1433.120 GC heap after
{Heap after GC invocations=655 (full 570):
 PSYoungGen      total 47104K, used 33791K [0x00000000f5580000, 0x00000000fb880000, 0x0000000100000000)
  eden space 33792K, 99% used [0x00000000f5580000,0x00000000f767ffb0,0x00000000f7680000)
  from space 13312K, 0% used [0x00000000f7680000,0x00000000f7680000,0x00000000f8380000)
  to   space 30720K, 0% used [0x00000000f9a80000,0x00000000f9a80000,0x00000000fb880000)
 ParOldGen       total 349696K, used 349689K [0x00000000e0000000, 0x00000000f5580000, 0x00000000f5580000)
  object space 349696K, 99% used [0x00000000e0000000,0x00000000f557e440,0x00000000f5580000)
 Metaspace       used 57049K, committed 58240K, reserved 1105920K
  class space    used 5644K, committed 6080K, reserved 1048576K
}
Event: 1433.121 GC heap before
{Heap before GC invocations=656 (full 571):
 PSYoungGen      total 47104K, used 33792K [0x00000000f5580000, 0x00000000fb880000, 0x0000000100000000)
  eden space 33792K, 100% used [0x00000000f5580000,0x00000000f7680000,0x00000000f7680000)
  from space 13312K, 0% used [0x00000000f7680000,0x00000000f7680000,0x00000000f8380000)
  to   space 30720K, 0% used [0x00000000f9a80000,0x00000000f9a80000,0x00000000fb880000)
 ParOldGen       total 349696K, used 349694K [0x00000000e0000000, 0x00000000f5580000, 0x00000000f5580000)
  object space 349696K, 99% used [0x00000000e0000000,0x00000000f557fa18,0x00000000f5580000)
 Metaspace       used 57050K, committed 58240K, reserved 1105920K
  class space    used 5644K, committed 6080K, reserved 1048576K
}
Event: 1435.756 GC heap after
{Heap after GC invocations=656 (full 571):
 PSYoungGen      total 64512K, used 33791K [0x00000000f5580000, 0x00000000fb880000, 0x0000000100000000)
  eden space 33792K, 99% used [0x00000000f5580000,0x00000000f767ffc8,0x00000000f7680000)
  from space 30720K, 0% used [0x00000000f9a80000,0x00000000f9a80000,0x00000000fb880000)
  to   space 13312K, 0% used [0x00000000f7680000,0x00000000f7680000,0x00000000f8380000)
 ParOldGen       total 349696K, used 349690K [0x00000000e0000000, 0x00000000f5580000, 0x00000000f5580000)
  object space 349696K, 99% used [0x00000000e0000000,0x00000000f557e9f0,0x00000000f5580000)
 Metaspace       used 57050K, committed 58240K, reserved 1105920K
  class space    used 5644K, committed 6080K, reserved 1048576K
}
Event: 1435.758 GC heap before
{Heap before GC invocations=657 (full 572):
 PSYoungGen      total 64512K, used 33792K [0x00000000f5580000, 0x00000000fb880000, 0x0000000100000000)
  eden space 33792K, 100% used [0x00000000f5580000,0x00000000f7680000,0x00000000f7680000)
  from space 30720K, 0% used [0x00000000f9a80000,0x00000000f9a80000,0x00000000fb880000)
  to   space 13312K, 0% used [0x00000000f7680000,0x00000000f7680000,0x00000000f8380000)
 ParOldGen       total 349696K, used 349690K [0x00000000e0000000, 0x00000000f5580000, 0x00000000f5580000)
  object space 349696K, 99% used [0x00000000e0000000,0x00000000f557e9f0,0x00000000f5580000)
 Metaspace       used 57050K, committed 58240K, reserved 1105920K
  class space    used 5644K, committed 6080K, reserved 1048576K
}
Event: 1437.833 GC heap after
{Heap after GC invocations=657 (full 572):
 PSYoungGen      total 47104K, used 33791K [0x00000000f5580000, 0x00000000fb880000, 0x0000000100000000)
  eden space 33792K, 99% used [0x00000000f5580000,0x00000000f767ffe0,0x00000000f7680000)
  from space 13312K, 0% used [0x00000000f7680000,0x00000000f7680000,0x00000000f8380000)
  to   space 30720K, 0% used [0x00000000f9a80000,0x00000000f9a80000,0x00000000fb880000)
 ParOldGen       total 349696K, used 349690K [0x00000000e0000000, 0x00000000f5580000, 0x00000000f5580000)
  object space 349696K, 99% used [0x00000000e0000000,0x00000000f557e9f0,0x00000000f5580000)
 Metaspace       used 57050K, committed 58240K, reserved 1105920K
  class space    used 5644K, committed 6080K, reserved 1048576K
}
Event: 1437.833 GC heap before
{Heap before GC invocations=658 (full 573):
 PSYoungGen      total 47104K, used 33792K [0x00000000f5580000, 0x00000000fb880000, 0x0000000100000000)
  eden space 33792K, 100% used [0x00000000f5580000,0x00000000f7680000,0x00000000f7680000)
  from space 13312K, 0% used [0x00000000f7680000,0x00000000f7680000,0x00000000f8380000)
  to   space 30720K, 0% used [0x00000000f9a80000,0x00000000f9a80000,0x00000000fb880000)
 ParOldGen       total 349696K, used 349690K [0x00000000e0000000, 0x00000000f5580000, 0x00000000f5580000)
  object space 349696K, 99% used [0x00000000e0000000,0x00000000f557e9f0,0x00000000f5580000)
 Metaspace       used 57050K, committed 58240K, reserved 1105920K
  class space    used 5644K, committed 6080K, reserved 1048576K
}
Event: 1439.803 GC heap after
{Heap after GC invocations=658 (full 573):
 PSYoungGen      total 64512K, used 33791K [0x00000000f5580000, 0x00000000fb880000, 0x0000000100000000)
  eden space 33792K, 99% used [0x00000000f5580000,0x00000000f767ffe0,0x00000000f7680000)
  from space 30720K, 0% used [0x00000000f9a80000,0x00000000f9a80000,0x00000000fb880000)
  to   space 13312K, 0% used [0x00000000f7680000,0x00000000f7680000,0x00000000f8380000)
 ParOldGen       total 349696K, used 349690K [0x00000000e0000000, 0x00000000f5580000, 0x00000000f5580000)
  object space 349696K, 99% used [0x00000000e0000000,0x00000000f557e9f0,0x00000000f5580000)
 Metaspace       used 57050K, committed 58240K, reserved 1105920K
  class space    used 5644K, committed 6080K, reserved 1048576K
}
Event: 1439.804 GC heap before
{Heap before GC invocations=659 (full 574):
 PSYoungGen      total 64512K, used 33792K [0x00000000f5580000, 0x00000000fb880000, 0x0000000100000000)
  eden space 33792K, 100% used [0x00000000f5580000,0x00000000f7680000,0x00000000f7680000)
  from space 30720K, 0% used [0x00000000f9a80000,0x00000000f9a80000,0x00000000fb880000)
  to   space 13312K, 0% used [0x00000000f7680000,0x00000000f7680000,0x00000000f8380000)
 ParOldGen       total 349696K, used 349695K [0x00000000e0000000, 0x00000000f5580000, 0x00000000f5580000)
  object space 349696K, 99% used [0x00000000e0000000,0x00000000f557ffe0,0x00000000f5580000)
 Metaspace       used 57051K, committed 58240K, reserved 1105920K
  class space    used 5644K, committed 6080K, reserved 1048576K
}
Event: 1441.829 GC heap after
{Heap after GC invocations=659 (full 574):
 PSYoungGen      total 47104K, used 33791K [0x00000000f5580000, 0x00000000fb880000, 0x0000000100000000)
  eden space 33792K, 99% used [0x00000000f5580000,0x00000000f767ffd8,0x00000000f7680000)
  from space 13312K, 0% used [0x00000000f7680000,0x00000000f7680000,0x00000000f8380000)
  to   space 30720K, 0% used [0x00000000f9a80000,0x00000000f9a80000,0x00000000fb880000)
 ParOldGen       total 349696K, used 349694K [0x00000000e0000000, 0x00000000f5580000, 0x00000000f5580000)
  object space 349696K, 99% used [0x00000000e0000000,0x00000000f557fa00,0x00000000f5580000)
 Metaspace       used 57051K, committed 58240K, reserved 1105920K
  class space    used 5644K, committed 6080K, reserved 1048576K
}
Event: 1441.832 GC heap before
{Heap before GC invocations=660 (full 575):
 PSYoungGen      total 47104K, used 33791K [0x00000000f5580000, 0x00000000fb880000, 0x0000000100000000)
  eden space 33792K, 99% used [0x00000000f5580000,0x00000000f767fff8,0x00000000f7680000)
  from space 13312K, 0% used [0x00000000f7680000,0x00000000f7680000,0x00000000f8380000)
  to   space 30720K, 0% used [0x00000000f9a80000,0x00000000f9a80000,0x00000000fb880000)
 ParOldGen       total 349696K, used 349694K [0x00000000e0000000, 0x00000000f5580000, 0x00000000f5580000)
  object space 349696K, 99% used [0x00000000e0000000,0x00000000f557fa00,0x00000000f5580000)
 Metaspace       used 57051K, committed 58240K, reserved 1105920K
  class space    used 5644K, committed 6080K, reserved 1048576K
}
Event: 1444.006 GC heap after
{Heap after GC invocations=660 (full 575):
 PSYoungGen      total 64512K, used 33791K [0x00000000f5580000, 0x00000000fb880000, 0x0000000100000000)
  eden space 33792K, 99% used [0x00000000f5580000,0x00000000f767ffd8,0x00000000f7680000)
  from space 30720K, 0% used [0x00000000f9a80000,0x00000000f9a80000,0x00000000fb880000)
  to   space 13312K, 0% used [0x00000000f7680000,0x00000000f7680000,0x00000000f8380000)
 ParOldGen       total 349696K, used 349694K [0x00000000e0000000, 0x00000000f5580000, 0x00000000f5580000)
  object space 349696K, 99% used [0x00000000e0000000,0x00000000f557fa00,0x00000000f5580000)
 Metaspace       used 57051K, committed 58240K, reserved 1105920K
  class space    used 5644K, committed 6080K, reserved 1048576K
}
Event: 1444.006 GC heap before
{Heap before GC invocations=661 (full 576):
 PSYoungGen      total 64512K, used 33791K [0x00000000f5580000, 0x00000000fb880000, 0x0000000100000000)
  eden space 33792K, 99% used [0x00000000f5580000,0x00000000f767fff8,0x00000000f7680000)
  from space 30720K, 0% used [0x00000000f9a80000,0x00000000f9a80000,0x00000000fb880000)
  to   space 13312K, 0% used [0x00000000f7680000,0x00000000f7680000,0x00000000f8380000)
 ParOldGen       total 349696K, used 349694K [0x00000000e0000000, 0x00000000f5580000, 0x00000000f5580000)
  object space 349696K, 99% used [0x00000000e0000000,0x00000000f557fa00,0x00000000f5580000)
 Metaspace       used 57051K, committed 58240K, reserved 1105920K
  class space    used 5644K, committed 6080K, reserved 1048576K
}
Event: 1446.020 GC heap after
{Heap after GC invocations=661 (full 576):
 PSYoungGen      total 47104K, used 33791K [0x00000000f5580000, 0x00000000fb880000, 0x0000000100000000)
  eden space 33792K, 99% used [0x00000000f5580000,0x00000000f767ffd8,0x00000000f7680000)
  from space 13312K, 0% used [0x00000000f7680000,0x00000000f7680000,0x00000000f8380000)
  to   space 30720K, 0% used [0x00000000f9a80000,0x00000000f9a80000,0x00000000fb880000)
 ParOldGen       total 349696K, used 349694K [0x00000000e0000000, 0x00000000f5580000, 0x00000000f5580000)
  object space 349696K, 99% used [0x00000000e0000000,0x00000000f557fa00,0x00000000f5580000)
 Metaspace       used 57051K, committed 58240K, reserved 1105920K
  class space    used 5644K, committed 6080K, reserved 1048576K
}
Event: 1446.021 GC heap before
{Heap before GC invocations=662 (full 577):
 PSYoungGen      total 47104K, used 33791K [0x00000000f5580000, 0x00000000fb880000, 0x0000000100000000)
  eden space 33792K, 99% used [0x00000000f5580000,0x00000000f767fff8,0x00000000f7680000)
  from space 13312K, 0% used [0x00000000f7680000,0x00000000f7680000,0x00000000f8380000)
  to   space 30720K, 0% used [0x00000000f9a80000,0x00000000f9a80000,0x00000000fb880000)
 ParOldGen       total 349696K, used 349694K [0x00000000e0000000, 0x00000000f5580000, 0x00000000f5580000)
  object space 349696K, 99% used [0x00000000e0000000,0x00000000f557fa00,0x00000000f5580000)
 Metaspace       used 57051K, committed 58240K, reserved 1105920K
  class space    used 5644K, committed 6080K, reserved 1048576K
}
Event: 1448.214 GC heap after
{Heap after GC invocations=662 (full 577):
 PSYoungGen      total 64512K, used 33791K [0x00000000f5580000, 0x00000000fb880000, 0x0000000100000000)
  eden space 33792K, 99% used [0x00000000f5580000,0x00000000f767ffd8,0x00000000f7680000)
  from space 30720K, 0% used [0x00000000f9a80000,0x00000000f9a80000,0x00000000fb880000)
  to   space 13312K, 0% used [0x00000000f7680000,0x00000000f7680000,0x00000000f8380000)
 ParOldGen       total 349696K, used 349694K [0x00000000e0000000, 0x00000000f5580000, 0x00000000f5580000)
  object space 349696K, 99% used [0x00000000e0000000,0x00000000f557fa00,0x00000000f5580000)
 Metaspace       used 57051K, committed 58240K, reserved 1105920K
  class space    used 5644K, committed 6080K, reserved 1048576K
}
Event: 1448.215 GC heap before
{Heap before GC invocations=663 (full 578):
 PSYoungGen      total 64512K, used 33791K [0x00000000f5580000, 0x00000000fb880000, 0x0000000100000000)
  eden space 33792K, 99% used [0x00000000f5580000,0x00000000f767fff8,0x00000000f7680000)
  from space 30720K, 0% used [0x00000000f9a80000,0x00000000f9a80000,0x00000000fb880000)
  to   space 13312K, 0% used [0x00000000f7680000,0x00000000f7680000,0x00000000f8380000)
 ParOldGen       total 349696K, used 349694K [0x00000000e0000000, 0x00000000f5580000, 0x00000000f5580000)
  object space 349696K, 99% used [0x00000000e0000000,0x00000000f557fa00,0x00000000f5580000)
 Metaspace       used 57051K, committed 58240K, reserved 1105920K
  class space    used 5644K, committed 6080K, reserved 1048576K
}
Event: 1450.166 GC heap after
{Heap after GC invocations=663 (full 578):
 PSYoungGen      total 47104K, used 33791K [0x00000000f5580000, 0x00000000fb880000, 0x0000000100000000)
  eden space 33792K, 99% used [0x00000000f5580000,0x00000000f767ffb8,0x00000000f7680000)
  from space 13312K, 0% used [0x00000000f7680000,0x00000000f7680000,0x00000000f8380000)
  to   space 30720K, 0% used [0x00000000f9a80000,0x00000000f9a80000,0x00000000fb880000)
 ParOldGen       total 349696K, used 349694K [0x00000000e0000000, 0x00000000f5580000, 0x00000000f5580000)
  object space 349696K, 99% used [0x00000000e0000000,0x00000000f557fa00,0x00000000f5580000)
 Metaspace       used 57051K, committed 58240K, reserved 1105920K
  class space    used 5644K, committed 6080K, reserved 1048576K
}
Event: 1450.166 GC heap before
{Heap before GC invocations=664 (full 579):
 PSYoungGen      total 47104K, used 33791K [0x00000000f5580000, 0x00000000fb880000, 0x0000000100000000)
  eden space 33792K, 99% used [0x00000000f5580000,0x00000000f767ffb8,0x00000000f7680000)
  from space 13312K, 0% used [0x00000000f7680000,0x00000000f7680000,0x00000000f8380000)
  to   space 30720K, 0% used [0x00000000f9a80000,0x00000000f9a80000,0x00000000fb880000)
 ParOldGen       total 349696K, used 349694K [0x00000000e0000000, 0x00000000f5580000, 0x00000000f5580000)
  object space 349696K, 99% used [0x00000000e0000000,0x00000000f557fa00,0x00000000f5580000)
 Metaspace       used 57051K, committed 58240K, reserved 1105920K
  class space    used 5644K, committed 6080K, reserved 1048576K
}
Event: 1452.210 GC heap after
{Heap after GC invocations=664 (full 579):
 PSYoungGen      total 64512K, used 33791K [0x00000000f5580000, 0x00000000fb880000, 0x0000000100000000)
  eden space 33792K, 99% used [0x00000000f5580000,0x00000000f767ffa0,0x00000000f7680000)
  from space 30720K, 0% used [0x00000000f9a80000,0x00000000f9a80000,0x00000000fb880000)
  to   space 13312K, 0% used [0x00000000f7680000,0x00000000f7680000,0x00000000f8380000)
 ParOldGen       total 349696K, used 349693K [0x00000000e0000000, 0x00000000f5580000, 0x00000000f5580000)
  object space 349696K, 99% used [0x00000000e0000000,0x00000000f557f518,0x00000000f5580000)
 Metaspace       used 57051K, committed 58240K, reserved 1105920K
  class space    used 5644K, committed 6080K, reserved 1048576K
}

Dll operation events (9 events):
Event: 0.005 Loaded shared library /nix/store/gpxl5qgg8kicmcvivwmybwjlpf7wh20l-graalvm17-ce-22.3.0/lib/libjava.so
Event: 0.089 Loaded shared library /nix/store/gpxl5qgg8kicmcvivwmybwjlpf7wh20l-graalvm17-ce-22.3.0/lib/libjsvml.so
Event: 0.712 Loaded shared library /nix/store/gpxl5qgg8kicmcvivwmybwjlpf7wh20l-graalvm17-ce-22.3.0/lib/libnio.so
Event: 0.738 Loaded shared library /nix/store/gpxl5qgg8kicmcvivwmybwjlpf7wh20l-graalvm17-ce-22.3.0/lib/libzip.so
Event: 0.747 Loaded shared library /nix/store/gpxl5qgg8kicmcvivwmybwjlpf7wh20l-graalvm17-ce-22.3.0/lib/libjvmcicompiler.so
Event: 2.828 Loaded shared library /nix/store/gpxl5qgg8kicmcvivwmybwjlpf7wh20l-graalvm17-ce-22.3.0/lib/libjimage.so
Event: 4.797 Loaded shared library /nix/store/gpxl5qgg8kicmcvivwmybwjlpf7wh20l-graalvm17-ce-22.3.0/lib/libnet.so
Event: 12.370 Loaded shared library /home/runner/.cache/jdt-language-server/config/org.eclipse.equinox.launcher/org.eclipse.equinox.launcher.gtk.linux.x86_64_1.2.400.v20211117-0650/eclipse_11600.so
Event: 26.862 Loaded shared library /nix/store/gpxl5qgg8kicmcvivwmybwjlpf7wh20l-graalvm17-ce-22.3.0/lib/libextnet.so

Deoptimization events (20 events):
Event: 108.721 Thread 0x00007f64c4488750 DEOPT PACKING pc=0x00007f65144e3d85 sp=0x00007f64dabfe530
Event: 108.721 Thread 0x00007f64c4488750 DEOPT UNPACKING pc=0x00007f6513505325 sp=0x00007f64dabfda20 mode 0
Event: 108.724 Thread 0x00007f64c4488750 DEOPT PACKING pc=0x00007f65144e3d85 sp=0x00007f64dabfe530
Event: 108.724 Thread 0x00007f64c4488750 DEOPT UNPACKING pc=0x00007f6513505325 sp=0x00007f64dabfda20 mode 0
Event: 108.726 Thread 0x00007f64c4488750 DEOPT PACKING pc=0x00007f65144e3d85 sp=0x00007f64dabfe530
Event: 108.726 Thread 0x00007f64c4488750 DEOPT UNPACKING pc=0x00007f6513505325 sp=0x00007f64dabfda20 mode 0
Event: 108.801 Thread 0x00007f64c4488750 DEOPT PACKING pc=0x00007f65144e3d85 sp=0x00007f64dabfe530
Event: 108.801 Thread 0x00007f64c4488750 DEOPT UNPACKING pc=0x00007f6513505325 sp=0x00007f64dabfda20 mode 0
Event: 108.805 Thread 0x00007f64c4488750 DEOPT PACKING pc=0x00007f65144e3d85 sp=0x00007f64dabfe530
Event: 108.805 Thread 0x00007f64c4488750 DEOPT UNPACKING pc=0x00007f6513505325 sp=0x00007f64dabfda20 mode 0
Event: 108.807 Thread 0x00007f64c4488750 DEOPT PACKING pc=0x00007f65144e3d85 sp=0x00007f64dabfe530
Event: 108.807 Thread 0x00007f64c4488750 DEOPT UNPACKING pc=0x00007f6513505325 sp=0x00007f64dabfda20 mode 0
Event: 108.815 Thread 0x00007f64c4488750 DEOPT PACKING pc=0x00007f65144e3d85 sp=0x00007f64dabfe530
Event: 108.815 Thread 0x00007f64c4488750 DEOPT UNPACKING pc=0x00007f6513505325 sp=0x00007f64dabfda20 mode 0
Event: 108.817 Thread 0x00007f64c4488750 DEOPT PACKING pc=0x00007f65144e3d85 sp=0x00007f64dabfe530
Event: 108.817 Thread 0x00007f64c4488750 DEOPT UNPACKING pc=0x00007f6513505325 sp=0x00007f64dabfda20 mode 0
Event: 108.823 Thread 0x00007f64c4488750 DEOPT PACKING pc=0x00007f65144e3d85 sp=0x00007f64dabfe530
Event: 108.823 Thread 0x00007f64c4488750 DEOPT UNPACKING pc=0x00007f6513505325 sp=0x00007f64dabfda20 mode 0
Event: 108.897 Thread 0x00007f64c4488750 DEOPT PACKING pc=0x00007f65144e3d85 sp=0x00007f64dabfe530
Event: 108.897 Thread 0x00007f64c4488750 DEOPT UNPACKING pc=0x00007f6513505325 sp=0x00007f64dabfda20 mode 0

Classes unloaded (20 events):
Event: 122.656 Thread 0x00007f652c0a1640 Unloading class 0x0000000800f00000 'jdk/internal/reflect/GeneratedConstructorAccessor8'
Event: 122.656 Thread 0x00007f652c0a1640 Unloading class 0x0000000800d99000 'java/lang/invoke/LambdaForm$MH+0x0000000800d99000'
Event: 122.656 Thread 0x00007f652c0a1640 Unloading class 0x0000000800d98c00 'java/lang/invoke/LambdaForm$MH+0x0000000800d98c00'
Event: 122.656 Thread 0x00007f652c0a1640 Unloading class 0x0000000800d98800 'java/lang/invoke/LambdaForm$MH+0x0000000800d98800'
Event: 122.656 Thread 0x00007f652c0a1640 Unloading class 0x0000000800d98400 'java/lang/invoke/LambdaForm$MH+0x0000000800d98400'
Event: 122.656 Thread 0x00007f652c0a1640 Unloading class 0x0000000800d98000 'jdk/internal/reflect/GeneratedConstructorAccessor3'
Event: 122.657 Thread 0x00007f652c0a1640 Unloading class 0x0000000800d06800 'java/lang/invoke/LambdaForm$MH+0x0000000800d06800'
Event: 122.657 Thread 0x00007f652c0a1640 Unloading class 0x0000000800d06000 'java/lang/invoke/LambdaForm$MH+0x0000000800d06000'
Event: 122.657 Thread 0x00007f652c0a1640 Unloading class 0x0000000800d05c00 'java/lang/invoke/LambdaForm$MH+0x0000000800d05c00'
Event: 122.657 Thread 0x00007f652c0a1640 Unloading class 0x0000000800d05800 'java/lang/invoke/LambdaForm$MH+0x0000000800d05800'
Event: 122.657 Thread 0x00007f652c0a1640 Unloading class 0x0000000800d05000 'java/lang/invoke/LambdaForm$MH+0x0000000800d05000'
Event: 122.657 Thread 0x00007f652c0a1640 Unloading class 0x0000000800d04c00 'java/lang/invoke/LambdaForm$MH+0x0000000800d04c00'
Event: 122.657 Thread 0x00007f652c0a1640 Unloading class 0x0000000800d04800 'java/lang/invoke/LambdaForm$MH+0x0000000800d04800'
Event: 122.657 Thread 0x00007f652c0a1640 Unloading class 0x0000000800d04000 'java/lang/invoke/LambdaForm$MH+0x0000000800d04000'
Event: 122.657 Thread 0x00007f652c0a1640 Unloading class 0x0000000800c1d000 'jdk/internal/reflect/GeneratedMethodAccessor5'
Event: 122.657 Thread 0x00007f652c0a1640 Unloading class 0x0000000800c1cc00 'jdk/internal/reflect/GeneratedMethodAccessor4'
Event: 122.657 Thread 0x00007f652c0a1640 Unloading class 0x0000000800c1c800 'jdk/internal/reflect/GeneratedMethodAccessor3'
Event: 122.657 Thread 0x00007f652c0a1640 Unloading class 0x0000000800c1c400 'jdk/internal/reflect/GeneratedMethodAccessor2'
Event: 122.657 Thread 0x00007f652c0a1640 Unloading class 0x0000000800c1c000 'jdk/internal/reflect/GeneratedMethodAccessor1'
Event: 122.657 Thread 0x00007f652c0a1640 Unloading class 0x0000000800c01c00 'java/lang/invoke/LambdaForm$DMH+0x0000000800c01c00'

Classes redefined (0 events):
No events

Internal exceptions (20 events):
Event: 81.114 Thread 0x00007f64b4001cf0 Exception <a 'java/lang/NoSuchMethodError'{0x00000000f5e87dd0}: 'java.lang.Object java.lang.invoke.DirectMethodHandle$Holder.invokeSpecial(java.lang.Object, java.lang.Object, java.lang.Object, java.lang.Object, int, java.lang.Object)'> (0x00000000f5e87dd0) 
thrown [src/hotspot/share/interpreter/linkResolver.cpp, line 758]
Event: 81.114 Thread 0x00007f64b4001cf0 Exception <a 'java/lang/NoSuchMethodError'{0x00000000f5e8bd70}: 'java.lang.Object java.lang.invoke.Invokers$Holder.linkToTargetMethod(java.lang.Object, java.lang.Object, int, java.lang.Object, java.lang.Object)'> (0x00000000f5e8bd70) 
thrown [src/hotspot/share/interpreter/linkResolver.cpp, line 758]
Event: 87.508 Thread 0x00007f64c4488750 Implicit null exception at 0x00007f651b183d35 to 0x00007f651b184261
Event: 605.943 Thread 0x00007f652c4aa2f0 Exception <a 'java/io/FileNotFoundException'{0x00000000f554d418}> (0x00000000f554d418) 
thrown [src/hotspot/share/prims/jni.cpp, line 516]
Event: 765.624 Thread 0x00007f652c4aa2f0 Exception <a 'sun/nio/fs/UnixException'{0x00000000f555c948}> (0x00000000f555c948) 
thrown [src/hotspot/share/prims/jni.cpp, line 516]
Event: 806.858 Thread 0x00007f652c4aa2f0 Exception <a 'sun/nio/fs/UnixException'{0x00000000f555ed00}> (0x00000000f555ed00) 
thrown [src/hotspot/share/prims/jni.cpp, line 516]
Event: 857.218 Thread 0x00007f652c4aa2f0 Exception <a 'java/io/FileNotFoundException'{0x00000000f5563bb8}> (0x00000000f5563bb8) 
thrown [src/hotspot/share/prims/jni.cpp, line 516]
Event: 875.505 Thread 0x00007f64c430c4c0 Exception <a 'sun/nio/fs/UnixException'{0x00000000f5565830}> (0x00000000f5565830) 
thrown [src/hotspot/share/prims/jni.cpp, line 516]
Event: 933.307 Thread 0x00007f652c4aa2f0 Exception <a 'sun/nio/fs/UnixException'{0x00000000f5568020}> (0x00000000f5568020) 
thrown [src/hotspot/share/prims/jni.cpp, line 516]
Event: 935.465 Thread 0x00007f652c4aa2f0 Exception <a 'sun/nio/fs/UnixException'{0x00000000f55686d8}> (0x00000000f55686d8) 
thrown [src/hotspot/share/prims/jni.cpp, line 516]
Event: 978.447 Thread 0x00007f652c4aa2f0 Exception <a 'java/io/FileNotFoundException'{0x00000000f556a198}> (0x00000000f556a198) 
thrown [src/hotspot/share/prims/jni.cpp, line 516]
Event: 1017.607 Thread 0x00007f652c4aa2f0 Exception <a 'sun/nio/fs/UnixException'{0x00000000f556bba8}> (0x00000000f556bba8) 
thrown [src/hotspot/share/prims/jni.cpp, line 516]
Event: 1053.437 Thread 0x00007f652c4aa2f0 Exception <a 'sun/nio/fs/UnixException'{0x00000000f556d238}> (0x00000000f556d238) 
thrown [src/hotspot/share/prims/jni.cpp, line 516]
Event: 1112.764 Thread 0x00007f652c4aa2f0 Exception <a 'java/io/FileNotFoundException'{0x00000000f5570730}> (0x00000000f5570730) 
thrown [src/hotspot/share/prims/jni.cpp, line 516]
Event: 1266.098 Thread 0x00007f652c4aa2f0 Exception <a 'java/io/FileNotFoundException'{0x00000000f767ffa0}> (0x00000000f767ffa0) 
thrown [src/hotspot/share/prims/jni.cpp, line 516]
Event: 1275.437 Thread 0x00007f652c4aa2f0 Exception <a 'sun/nio/fs/UnixException'{0x00000000f55777a0}> (0x00000000f55777a0) 
thrown [src/hotspot/share/prims/jni.cpp, line 516]
Event: 1313.338 Thread 0x00007f652c4aa2f0 Exception <a 'java/lang/OutOfMemoryError'{0x00000000e0010b30}> (0x00000000e0010b30) 
thrown [src/hotspot/share/gc/shared/memAllocator.cpp, line 136]
Event: 1341.606 Thread 0x00007f652c4aa2f0 Exception <a 'java/lang/reflect/InvocationTargetException'{0x00000000f5579d10}> (0x00000000f5579d10) 
thrown [src/hotspot/share/runtime/reflection.cpp, line 1119]
Event: 1433.121 Thread 0x00007f64c430c4c0 Exception <a 'sun/nio/fs/UnixException'{0x00000000f557e4c0}> (0x00000000f557e4c0) 
thrown [src/hotspot/share/prims/jni.cpp, line 516]
Event: 1452.210 Thread 0x00007f652c0b1c30 Exception <a 'java/lang/OutOfMemoryError'{0x00000000e0010e00}> (0x00000000e0010e00) 
thrown [src/hotspot/share/gc/shared/memAllocator.cpp, line 136]

VM Operations (20 events):
Event: 1429.003 Executing VM operation: ParallelGCFailedAllocation
Event: 1431.015 Executing VM operation: ParallelGCFailedAllocation done
Event: 1431.015 Executing VM operation: ParallelGCFailedAllocation
Event: 1433.121 Executing VM operation: ParallelGCFailedAllocation done
Event: 1433.121 Executing VM operation: ParallelGCFailedAllocation
Event: 1435.756 Executing VM operation: ParallelGCFailedAllocation done
Event: 1435.758 Executing VM operation: ParallelGCFailedAllocation
Event: 1437.833 Executing VM operation: ParallelGCFailedAllocation done
Event: 1437.833 Executing VM operation: ParallelGCFailedAllocation
Event: 1439.803 Executing VM operation: ParallelGCFailedAllocation done
Event: 1439.803 Executing VM operation: ParallelGCFailedAllocation
Event: 1441.829 Executing VM operation: ParallelGCFailedAllocation done
Event: 1441.829 Executing VM operation: ParallelGCFailedAllocation
Event: 1444.006 Executing VM operation: ParallelGCFailedAllocation done
Event: 1444.006 Executing VM operation: ParallelGCFailedAllocation
Event: 1446.020 Executing VM operation: ParallelGCFailedAllocation done
Event: 1446.020 Executing VM operation: ParallelGCFailedAllocation
Event: 1448.214 Executing VM operation: ParallelGCFailedAllocation done
Event: 1448.215 Executing VM operation: ParallelGCFailedAllocation
Event: 1452.210 Executing VM operation: ParallelGCFailedAllocation done

Events (20 events):
Event: 96.409 Thread 0x00007f652c0b4590 flushing nmethod 0x00007f6514889a90
Event: 96.409 Thread 0x00007f652c0b4590 flushing nmethod 0x00007f651488c310
Event: 96.409 Thread 0x00007f652c0b4590 flushing nmethod 0x00007f6514899a90
Event: 96.409 Thread 0x00007f652c0b4590 flushing nmethod 0x00007f651489fe10
Event: 96.409 Thread 0x00007f652c0b4590 flushing nmethod 0x00007f65148bbc10
Event: 96.409 Thread 0x00007f652c0b4590 flushing nmethod 0x00007f651493d510
Event: 96.409 Thread 0x00007f652c0b4590 flushing nmethod 0x00007f6514985c90
Event: 124.212 Thread 0x00007f64c842a6b0 Thread exited: 0x00007f64c842a6b0
Event: 124.213 Thread 0x00007f64e00035f0 Thread exited: 0x00007f64e00035f0
Event: 137.531 Thread 0x000055ffe92848b0 Thread exited: 0x000055ffe92848b0
Event: 142.504 Thread 0x000055ffe92b8bf0 Thread exited: 0x000055ffe92b8bf0
Event: 161.615 Thread 0x00007f64ac0010d0 Thread exited: 0x00007f64ac0010d0
Event: 161.616 Thread 0x00007f64c8024230 Thread exited: 0x00007f64c8024230
Event: 462.546 Thread 0x00007f64e00023a0 Thread exited: 0x00007f64e00023a0
Event: 462.546 Thread 0x00007f64c835f5b0 Thread exited: 0x00007f64c835f5b0
Event: 501.640 Thread 0x00007f64c8425280 Thread exited: 0x00007f64c8425280
Event: 1315.704 Thread 0x00007f64bc117440 Thread added: 0x00007f64bc117440
Event: 1315.704 Protecting memory [0x00007f64d9b00000,0x00007f64d9b04000] with protection modes 0
Event: 1401.197 loading class java/util/logging/LogRecord
Event: 1401.197 loading class java/util/logging/LogRecord done


Dynamic libraries:
e0000000-f3700000 rw-p 00000000 00:00 0 
f3700000-fb880000 rw-p 00000000 00:00 0 
fb880000-100000000 ---p 00000000 00:00 0 
800000000-800449000 rw-p 00001000 00:95d 4611686019135357769             /nix/store/gpxl5qgg8kicmcvivwmybwjlpf7wh20l-graalvm17-ce-22.3.0/lib/server/classes.jsa
800449000-800bc8000 r--p 0044a000 00:95d 4611686019135357769             /nix/store/gpxl5qgg8kicmcvivwmybwjlpf7wh20l-graalvm17-ce-22.3.0/lib/server/classes.jsa
800bc8000-800c00000 ---p 00000000 00:00 0 
800c00000-800c10000 rw-p 00000000 00:00 0 
800c10000-800c30000 rw-p 00000000 00:00 0 
800c30000-800cb0000 rw-p 00000000 00:00 0 
800cb0000-800cf0000 rw-p 00000000 00:00 0 
800cf0000-800db0000 rw-p 00000000 00:00 0 
800db0000-800df0000 rw-p 00000000 00:00 0 
800df0000-800f30000 rw-p 00000000 00:00 0 
800f30000-800fb0000 rw-p 00000000 00:00 0 
800fb0000-800ff0000 rw-p 00000000 00:00 0 
800ff0000-8011f0000 rw-p 00000000 00:00 0 
8011f0000-840c00000 ---p 00000000 00:00 0 
55ffe8757000-55ffe8758000 r-xp 00000000 00:95d 4611686019099417844       /nix/store/gpxl5qgg8kicmcvivwmybwjlpf7wh20l-graalvm17-ce-22.3.0/bin/.java-wrapped
55ffe8759000-55ffe875a000 r--p 00001000 00:95d 4611686019099417844       /nix/store/gpxl5qgg8kicmcvivwmybwjlpf7wh20l-graalvm17-ce-22.3.0/bin/.java-wrapped
55ffe875a000-55ffe875b000 rw-p 00002000 00:95d 4611686019099417844       /nix/store/gpxl5qgg8kicmcvivwmybwjlpf7wh20l-graalvm17-ce-22.3.0/bin/.java-wrapped
55ffe875b000-55ffe875c000 rw-p 00004000 00:95d 4611686019099417844       /nix/store/gpxl5qgg8kicmcvivwmybwjlpf7wh20l-graalvm17-ce-22.3.0/bin/.java-wrapped
55ffe875c000-55ffe875d000 rw-p 00005000 00:95d 4611686019099417844       /nix/store/gpxl5qgg8kicmcvivwmybwjlpf7wh20l-graalvm17-ce-22.3.0/bin/.java-wrapped
55ffe925c000-55ffe9308000 rw-p 00000000 00:00 0                          [heap]
7f64a24b3000-7f64ac000000 r--s 00000000 00:95d 4611686019135192581       /nix/store/gpxl5qgg8kicmcvivwmybwjlpf7wh20l-graalvm17-ce-22.3.0/lib/modules
7f64ac000000-7f64ac365000 rw-p 00000000 00:00 0 
7f64ac365000-7f64b0000000 ---p 00000000 00:00 0 
7f64b1e00000-7f64b1f00000 ---p 00000000 00:00 0 
7f64b1f00000-7f64b24af000 r--p 01122000 00:95d 4611686019135190040       /nix/store/gpxl5qgg8kicmcvivwmybwjlpf7wh20l-graalvm17-ce-22.3.0/lib/libjvmcicompiler.so
7f64b24af000-7f64b2600000 r--p 00000000 00:00 0 
7f64b2600000-7f64b263d000 rw-p 00000000 00:00 0 
7f64b263d000-7f64b2b5d000 rw-p 0185f000 00:95d 4611686019135190040       /nix/store/gpxl5qgg8kicmcvivwmybwjlpf7wh20l-graalvm17-ce-22.3.0/lib/libjvmcicompiler.so
7f64b2b5d000-7f64b2f44000 r--p 01d7f000 00:95d 4611686019135190040       /nix/store/gpxl5qgg8kicmcvivwmybwjlpf7wh20l-graalvm17-ce-22.3.0/lib/libjvmcicompiler.so
7f64b3000000-7f64b30f0000 rw-p 00000000 00:00 0 
7f64b30f0000-7f64b3130000 rw-p 00000000 00:00 0 
7f64b3130000-7f64b3200000 ---p 00000000 00:00 0 
7f64b3200000-7f64b33c0000 rw-p 00000000 00:00 0 
7f64b33c0000-7f64b3800000 ---p 00000000 00:00 0 
7f64b3800000-7f64b39f0000 rw-p 00000000 00:00 0 
7f64b39f0000-7f64b4000000 rw-p 00000000 00:00 0 
7f64b4000000-7f64b40fc000 rw-p 00000000 00:00 0 
7f64b40fc000-7f64b8000000 ---p 00000000 00:00 0 
7f64b8000000-7f64b8021000 rw-p 00000000 00:00 0 
7f64b8021000-7f64bc000000 ---p 00000000 00:00 0 
7f64bc000000-7f64bc191000 rw-p 00000000 00:00 0 
7f64bc191000-7f64c0000000 ---p 00000000 00:00 0 
7f64c1000000-7f64c10f0000 rw-p 00000000 00:00 0 
7f64c10f0000-7f64c11f0000 rw-p 00000000 00:00 0 
7f64c11f0000-7f64c17f0000 rw-p 00000000 00:00 0 
7f64c17f0000-7f64c18f0000 rw-p 00000000 00:00 0 
7f64c18f0000-7f64c19b0000 rw-p 00000000 00:00 0 
7f64c19b0000-7f64c1ab0000 rw-p 00000000 00:00 0 
7f64c1ab0000-7f64c1af0000 rw-p 00000000 00:00 0 
7f64c1af0000-7f64c1cf0000 rw-p 00000000 00:00 0 
7f64c1cf0000-7f64c1df0000 rw-p 00000000 00:00 0 
7f64c1df0000-7f64c1ff0000 rw-p 00000000 00:00 0 
7f64c1ff0000-7f64c20f0000 rw-p 00000000 00:00 0 
7f64c20f0000-7f64c21f0000 rw-p 00000000 00:00 0 
7f64c21f0000-7f64c27b0000 rw-p 00000000 00:00 0 
7f64c27b0000-7f64c27f0000 rw-p 00000000 00:00 0 
7f64c27f0000-7f64c28f0000 rw-p 00000000 00:00 0 
7f64c28f0000-7f64c29f0000 rw-p 00000000 00:00 0 
7f64c29f0000-7f64c2cf0000 rw-p 00000000 00:00 0 
7f64c2cf0000-7f64c2df0000 rw-p 00000000 00:00 0 
7f64c2df0000-7f64c3000000 rw-p 00000000 00:00 0 
7f64c4000000-7f64c48d1000 rw-p 00000000 00:00 0 
7f64c48d1000-7f64c8000000 ---p 00000000 00:00 0 
7f64c8000000-7f64c84fb000 rw-p 00000000 00:00 0 
7f64c84fb000-7f64cc000000 ---p 00000000 00:00 0 
7f64cc000000-7f64cc021000 rw-p 00000000 00:00 0 
7f64cc021000-7f64d0000000 ---p 00000000 00:00 0 
7f64d0000000-7f64d0021000 rw-p 00000000 00:00 0 
7f64d0021000-7f64d4000000 ---p 00000000 00:00 0 
7f64d4000000-7f64d4021000 rw-p 00000000 00:00 0 
7f64d4021000-7f64d8000000 ---p 00000000 00:00 0 
7f64d8400000-7f64d8410000 r-xp 00000000 00:94c 384                       /home/runner/.cache/jdt-language-server/config/org.eclipse.equinox.launcher/org.eclipse.equinox.launcher.gtk.linux.x86_64_1.2.400.v20211117-0650/eclipse_11600.so
7f64d8410000-7f64d860f000 ---p 00010000 00:94c 384                       /home/runner/.cache/jdt-language-server/config/org.eclipse.equinox.launcher/org.eclipse.equinox.launcher.gtk.linux.x86_64_1.2.400.v20211117-0650/eclipse_11600.so
7f64d860f000-7f64d8610000 r--p 0000f000 00:94c 384                       /home/runner/.cache/jdt-language-server/config/org.eclipse.equinox.launcher/org.eclipse.equinox.launcher.gtk.linux.x86_64_1.2.400.v20211117-0650/eclipse_11600.so
7f64d8610000-7f64d8611000 rw-p 00010000 00:94c 384                       /home/runner/.cache/jdt-language-server/config/org.eclipse.equinox.launcher/org.eclipse.equinox.launcher.gtk.linux.x86_64_1.2.400.v20211117-0650/eclipse_11600.so
7f64d9500000-7f64d9504000 ---p 00000000 00:00 0 
7f64d9504000-7f64d9600000 rw-p 00000000 00:00 0 
7f64d9700000-7f64d9704000 ---p 00000000 00:00 0 
7f64d9704000-7f64d9800000 rw-p 00000000 00:00 0 
7f64d9900000-7f64d9904000 ---p 00000000 00:00 0 
7f64d9904000-7f64d9a00000 rw-p 00000000 00:00 0 
7f64d9b00000-7f64d9b04000 ---p 00000000 00:00 0 
7f64d9b04000-7f64d9c00000 rw-p 00000000 00:00 0 
7f64d9d00000-7f64d9d04000 ---p 00000000 00:00 0 
7f64d9d04000-7f64d9e00000 rw-p 00000000 00:00 0 
7f64d9f00000-7f64d9f04000 ---p 00000000 00:00 0 
7f64d9f04000-7f64da000000 rw-p 00000000 00:00 0 
7f64da100000-7f64da104000 ---p 00000000 00:00 0 
7f64da104000-7f64da200000 rw-p 00000000 00:00 0 
7f64da300000-7f64da304000 ---p 00000000 00:00 0 
7f64da304000-7f64da400000 rw-p 00000000 00:00 0 
7f64da500000-7f64da504000 ---p 00000000 00:00 0 
7f64da504000-7f64da600000 rw-p 00000000 00:00 0 
7f64da700000-7f64da704000 ---p 00000000 00:00 0 
7f64da704000-7f64da800000 rw-p 00000000 00:00 0 
7f64da900000-7f64da904000 ---p 00000000 00:00 0 
7f64da904000-7f64daa00000 rw-p 00000000 00:00 0 
7f64dab00000-7f64dab04000 ---p 00000000 00:00 0 
7f64dab04000-7f64dac00000 rw-p 00000000 00:00 0 
7f64dad00000-7f64dad04000 ---p 00000000 00:00 0 
7f64dad04000-7f64dae00000 rw-p 00000000 00:00 0 
7f64dba68000-7f64dbf00000 rw-p 00000000 00:00 0 
7f64dc000000-7f64dc021000 rw-p 00000000 00:00 0 
7f64dc021000-7f64e0000000 ---p 00000000 00:00 0 
7f64e0000000-7f64e0021000 rw-p 00000000 00:00 0 
7f64e0021000-7f64e4000000 ---p 00000000 00:00 0 
7f64e4000000-7f64e4022000 rw-p 00000000 00:00 0 
7f64e4022000-7f64e8000000 ---p 00000000 00:00 0 
7f64e8000000-7f64e8021000 rw-p 00000000 00:00 0 
7f64e8021000-7f64ec000000 ---p 00000000 00:00 0 
7f64ec000000-7f64ec0cf000 rw-p 00000000 00:00 0 
7f64ec0cf000-7f64f0000000 ---p 00000000 00:00 0 
7f64f0000000-7f64f0b79000 rw-p 00000000 00:00 0 
7f64f0b79000-7f64f4000000 ---p 00000000 00:00 0 
7f64f4000000-7f64f4021000 rw-p 00000000 00:00 0 
7f64f4021000-7f64f8000000 ---p 00000000 00:00 0 
7f64f8000000-7f64f821b000 rw-p 00000000 00:00 0 
7f64f821b000-7f64fc000000 ---p 00000000 00:00 0 
7f64fc000000-7f64fc021000 rw-p 00000000 00:00 0 
7f64fc021000-7f6500000000 ---p 00000000 00:00 0 
7f6500000000-7f6500021000 rw-p 00000000 00:00 0 
7f6500021000-7f6504000000 ---p 00000000 00:00 0 
7f6504000000-7f6504021000 rw-p 00000000 00:00 0 
7f6504021000-7f6508000000 ---p 00000000 00:00 0 
7f6508000000-7f6508021000 rw-p 00000000 00:00 0 
7f6508021000-7f650c000000 ---p 00000000 00:00 0 
7f650c000000-7f650c058000 rw-p 00000000 00:00 0 
7f650c058000-7f6510000000 ---p 00000000 00:00 0 
7f6510100000-7f6510104000 ---p 00000000 00:00 0 
7f6510104000-7f6510200000 rw-p 00000000 00:00 0 
7f6510300000-7f6510304000 ---p 00000000 00:00 0 
7f6510304000-7f6510400000 rw-p 00000000 00:00 0 
7f6510500000-7f6510504000 ---p 00000000 00:00 0 
7f6510504000-7f6510600000 rw-p 00000000 00:00 0 
7f6510600000-7f6510604000 ---p 00000000 00:00 0 
7f6510604000-7f6510700000 rw-p 00000000 00:00 0 
7f6510700000-7f6510704000 ---p 00000000 00:00 0 
7f6510704000-7f6510800000 rw-p 00000000 00:00 0 
7f6510900000-7f6510904000 ---p 00000000 00:00 0 
7f6510904000-7f6510a00000 rw-p 00000000 00:00 0 
7f6510b00000-7f6510b04000 ---p 00000000 00:00 0 
7f6510b04000-7f6510c00000 rw-p 00000000 00:00 0 
7f6510d00000-7f6510d04000 ---p 00000000 00:00 0 
7f6510d04000-7f6510e00000 rw-p 00000000 00:00 0 
7f6510e00000-7f6512f6a000 r-xp 00000000 00:95d 4611686019135190040       /nix/store/gpxl5qgg8kicmcvivwmybwjlpf7wh20l-graalvm17-ce-22.3.0/lib/libjvmcicompiler.so
7f6512f6a000-7f6513169000 ---p 0216a000 00:95d 4611686019135190040       /nix/store/gpxl5qgg8kicmcvivwmybwjlpf7wh20l-graalvm17-ce-22.3.0/lib/libjvmcicompiler.so
7f6513169000-7f651316a000 r--p 02169000 00:95d 4611686019135190040       /nix/store/gpxl5qgg8kicmcvivwmybwjlpf7wh20l-graalvm17-ce-22.3.0/lib/libjvmcicompiler.so
7f651316a000-7f651316c000 rw-p 0216a000 00:95d 4611686019135190040       /nix/store/gpxl5qgg8kicmcvivwmybwjlpf7wh20l-graalvm17-ce-22.3.0/lib/libjvmcicompiler.so
7f651316c000-7f651316d000 rw-p 00000000 00:00 0 
7f651316d000-7f6513172000 rw-p 023c3000 00:95d 4611686019135190040       /nix/store/gpxl5qgg8kicmcvivwmybwjlpf7wh20l-graalvm17-ce-22.3.0/lib/libjvmcicompiler.so
7f65131b1000-7f65131b5000 ---p 00000000 00:00 0 
7f65131b5000-7f65132b1000 rw-p 00000000 00:00 0 
7f65132b1000-7f65132b2000 ---p 00000000 00:00 0 
7f65132b2000-7f65133b3000 rw-p 00000000 00:00 0 
7f65133b3000-7f65133b7000 ---p 00000000 00:00 0 
7f65133b7000-7f65134b3000 rw-p 00000000 00:00 0 
7f65134b3000-7f6513723000 rwxp 00000000 00:00 0 
7f6513723000-7f6513a42000 ---p 00000000 00:00 0 
7f6513a42000-7f65149b2000 rwxp 00000000 00:00 0 
7f65149b2000-7f651af7a000 ---p 00000000 00:00 0 
7f651af7a000-7f651b1ea000 rwxp 00000000 00:00 0 
7f651b1ea000-7f65224b3000 ---p 00000000 00:00 0 
7f65224b3000-7f652c000000 r--s 00000000 00:95d 4611686019135192581       /nix/store/gpxl5qgg8kicmcvivwmybwjlpf7wh20l-graalvm17-ce-22.3.0/lib/modules
7f652c000000-7f652c604000 rw-p 00000000 00:00 0 
7f652c604000-7f6530000000 ---p 00000000 00:00 0 
7f6530048000-7f653004c000 ---p 00000000 00:00 0 
7f653004c000-7f6530148000 rw-p 00000000 00:00 0 
7f6530148000-7f653014c000 ---p 00000000 00:00 0 
7f653014c000-7f6530248000 rw-p 00000000 00:00 0 
7f6530248000-7f653024c000 ---p 00000000 00:00 0 
7f653024c000-7f6530448000 rw-p 00000000 00:00 0 
7f6530448000-7f653044c000 ---p 00000000 00:00 0 
7f653044c000-7f6530648000 rw-p 00000000 00:00 0 
7f6530648000-7f653064c000 ---p 00000000 00:00 0 
7f653064c000-7f6530748000 rw-p 00000000 00:00 0 
7f6530748000-7f653074c000 ---p 00000000 00:00 0 
7f653074c000-7f6530848000 rw-p 00000000 00:00 0 
7f6530848000-7f653084c000 ---p 00000000 00:00 0 
7f653084c000-7f6530948000 rw-p 00000000 00:00 0 
7f6530948000-7f6530c2e000 r--p 00000000 00:81d 28444448                  /usr/lib/locale/locale-archive
7f6530c2e000-7f6530c32000 ---p 00000000 00:00 0 
7f6530c32000-7f6530d2e000 rw-p 00000000 00:00 0 
7f6530d2e000-7f6530d32000 ---p 00000000 00:00 0 
7f6530d32000-7f6530e2e000 rw-p 00000000 00:00 0 
7f6530e2e000-7f6530e2f000 ---p 00000000 00:00 0 
7f6530e2f000-7f6530f30000 rw-p 00000000 00:00 0 
7f6530f30000-7f6530ffe000 r-xp 00000000 00:95d 4611686019135190036       /nix/store/gpxl5qgg8kicmcvivwmybwjlpf7wh20l-graalvm17-ce-22.3.0/lib/libjsvml.so
7f6530ffe000-7f6530fff000 r--p 000cd000 00:95d 4611686019135190036       /nix/store/gpxl5qgg8kicmcvivwmybwjlpf7wh20l-graalvm17-ce-22.3.0/lib/libjsvml.so
7f6530fff000-7f6531000000 rw-p 000ce000 00:95d 4611686019135190036       /nix/store/gpxl5qgg8kicmcvivwmybwjlpf7wh20l-graalvm17-ce-22.3.0/lib/libjsvml.so
7f6531000000-7f65313f0000 rw-p 00000000 00:00 0 
7f65313f0000-7f65316f0000 rw-p 00000000 00:00 0 
7f65316f0000-7f6531800000 rw-p 00000000 00:00 0 
7f653183d000-7f653183f000 r-xp 00000000 00:95d 4611686019135190017       /nix/store/gpxl5qgg8kicmcvivwmybwjlpf7wh20l-graalvm17-ce-22.3.0/lib/libextnet.so
7f653183f000-7f6531840000 r--p 00001000 00:95d 4611686019135190017       /nix/store/gpxl5qgg8kicmcvivwmybwjlpf7wh20l-graalvm17-ce-22.3.0/lib/libextnet.so
7f6531840000-7f6531841000 rw-p 00002000 00:95d 4611686019135190017       /nix/store/gpxl5qgg8kicmcvivwmybwjlpf7wh20l-graalvm17-ce-22.3.0/lib/libextnet.so
7f6531841000-7f6531842000 rw-p 00004000 00:95d 4611686019135190017       /nix/store/gpxl5qgg8kicmcvivwmybwjlpf7wh20l-graalvm17-ce-22.3.0/lib/libextnet.so
7f6531842000-7f6531846000 ---p 00000000 00:00 0 
7f6531846000-7f6531864000 rw-p 00000000 00:00 0 
7f6531864000-7f653186b000 r-xp 00000000 00:95d 4611686019135192580       /nix/store/gpxl5qgg8kicmcvivwmybwjlpf7wh20l-graalvm17-ce-22.3.0/lib/libzip.so
7f653186b000-7f653186c000 ---p 00007000 00:95d 4611686019135192580       /nix/store/gpxl5qgg8kicmcvivwmybwjlpf7wh20l-graalvm17-ce-22.3.0/lib/libzip.so
7f653186c000-7f653186d000 r--p 00007000 00:95d 4611686019135192580       /nix/store/gpxl5qgg8kicmcvivwmybwjlpf7wh20l-graalvm17-ce-22.3.0/lib/libzip.so
7f653186d000-7f653186e000 rw-p 00008000 00:95d 4611686019135192580       /nix/store/gpxl5qgg8kicmcvivwmybwjlpf7wh20l-graalvm17-ce-22.3.0/lib/libzip.so
7f653186e000-7f6531870000 rw-p 0000b000 00:95d 4611686019135192580       /nix/store/gpxl5qgg8kicmcvivwmybwjlpf7wh20l-graalvm17-ce-22.3.0/lib/libzip.so
7f6531870000-7f6531885000 r-xp 00000000 00:95d 4611686019135192570       /nix/store/gpxl5qgg8kicmcvivwmybwjlpf7wh20l-graalvm17-ce-22.3.0/lib/libnet.so
7f6531885000-7f6531886000 ---p 00015000 00:95d 4611686019135192570       /nix/store/gpxl5qgg8kicmcvivwmybwjlpf7wh20l-graalvm17-ce-22.3.0/lib/libnet.so
7f6531886000-7f6531887000 r--p 00015000 00:95d 4611686019135192570       /nix/store/gpxl5qgg8kicmcvivwmybwjlpf7wh20l-graalvm17-ce-22.3.0/lib/libnet.so
7f6531887000-7f6531888000 rw-p 00016000 00:95d 4611686019135192570       /nix/store/gpxl5qgg8kicmcvivwmybwjlpf7wh20l-graalvm17-ce-22.3.0/lib/libnet.so
7f6531888000-7f653188b000 rw-p 0001b000 00:95d 4611686019135192570       /nix/store/gpxl5qgg8kicmcvivwmybwjlpf7wh20l-graalvm17-ce-22.3.0/lib/libnet.so
7f653188b000-7f653189e000 r-xp 00000000 00:95d 4611686019135192571       /nix/store/gpxl5qgg8kicmcvivwmybwjlpf7wh20l-graalvm17-ce-22.3.0/lib/libnio.so
7f653189e000-7f653189f000 r--p 00012000 00:95d 4611686019135192571       /nix/store/gpxl5qgg8kicmcvivwmybwjlpf7wh20l-graalvm17-ce-22.3.0/lib/libnio.so
7f653189f000-7f65318a0000 rw-p 00013000 00:95d 4611686019135192571       /nix/store/gpxl5qgg8kicmcvivwmybwjlpf7wh20l-graalvm17-ce-22.3.0/lib/libnio.so
7f65318a0000-7f65318a5000 rw-p 00019000 00:95d 4611686019135192571       /nix/store/gpxl5qgg8kicmcvivwmybwjlpf7wh20l-graalvm17-ce-22.3.0/lib/libnio.so
7f65318a5000-7f653317d000 rw-p 00000000 00:00 0 
7f653317d000-7f653317e000 ---p 00000000 00:00 0 
7f653317e000-7f653331b000 rw-p 00000000 00:00 0 
7f653331b000-7f653335c000 rw-p 00000000 00:00 0 
7f653335c000-7f653337f000 ---p 00000000 00:00 0 
7f653337f000-7f6533385000 rw-p 00000000 00:00 0 
7f6533385000-7f653346b000 ---p 00000000 00:00 0 
7f653346b000-7f653348a000 rw-p 00000000 00:00 0 
7f653348a000-7f6533556000 ---p 00000000 00:00 0 
7f6533556000-7f653355b000 rw-p 00000000 00:00 0 
7f653355b000-7f6533562000 ---p 00000000 00:00 0 
7f6533562000-7f6533586000 r-xp 00000000 00:95d 4611686019135190028       /nix/store/gpxl5qgg8kicmcvivwmybwjlpf7wh20l-graalvm17-ce-22.3.0/lib/libjava.so
7f6533586000-7f6533587000 ---p 00024000 00:95d 4611686019135190028       /nix/store/gpxl5qgg8kicmcvivwmybwjlpf7wh20l-graalvm17-ce-22.3.0/lib/libjava.so
7f6533587000-7f6533588000 r--p 00024000 00:95d 4611686019135190028       /nix/store/gpxl5qgg8kicmcvivwmybwjlpf7wh20l-graalvm17-ce-22.3.0/lib/libjava.so
7f6533588000-7f6533589000 rw-p 00025000 00:95d 4611686019135190028       /nix/store/gpxl5qgg8kicmcvivwmybwjlpf7wh20l-graalvm17-ce-22.3.0/lib/libjava.so
7f6533589000-7f653358a000 rw-p 00000000 00:00 0 
7f653358a000-7f6533591000 rw-p 0002f000 00:95d 4611686019135190028       /nix/store/gpxl5qgg8kicmcvivwmybwjlpf7wh20l-graalvm17-ce-22.3.0/lib/libjava.so
7f6533591000-7f6533599000 rw-s 00000000 00:767 381                       /tmp/hsperfdata_runner/35
7f6533599000-7f653359a000 ---p 00000000 00:00 0 
7f653359a000-7f653359b000 r--p 00000000 00:00 0 
7f653359b000-7f653359c000 rwxp 00000000 00:00 0 
7f653359c000-7f65335b7000 r-xp 00000000 00:95d 4611686019135190032       /nix/store/gpxl5qgg8kicmcvivwmybwjlpf7wh20l-graalvm17-ce-22.3.0/lib/libjimage.so
7f65335b7000-7f65335b8000 ---p 0001b000 00:95d 4611686019135190032       /nix/store/gpxl5qgg8kicmcvivwmybwjlpf7wh20l-graalvm17-ce-22.3.0/lib/libjimage.so
7f65335b8000-7f65335ba000 r--p 0001b000 00:95d 4611686019135190032       /nix/store/gpxl5qgg8kicmcvivwmybwjlpf7wh20l-graalvm17-ce-22.3.0/lib/libjimage.so
7f65335ba000-7f65335bb000 rw-p 0001d000 00:95d 4611686019135190032       /nix/store/gpxl5qgg8kicmcvivwmybwjlpf7wh20l-graalvm17-ce-22.3.0/lib/libjimage.so
7f65335bb000-7f65335bc000 rw-p 00024000 00:95d 4611686019135190032       /nix/store/gpxl5qgg8kicmcvivwmybwjlpf7wh20l-graalvm17-ce-22.3.0/lib/libjimage.so
7f65335bc000-7f65335c0000 ---p 00000000 00:00 0 
7f65335c0000-7f65336bc000 rw-p 00000000 00:00 0 
7f65336bc000-7f65336ca000 r--p 00000000 00:95d 4611686019027979927       /nix/store/4nlgxhb09sdr51nc9hdm8az5b08vzkgx-glibc-2.35-163/lib/libm.so.6
7f65336ca000-7f653373d000 r-xp 0000e000 00:95d 4611686019027979927       /nix/store/4nlgxhb09sdr51nc9hdm8az5b08vzkgx-glibc-2.35-163/lib/libm.so.6
7f653373d000-7f653379a000 r--p 00081000 00:95d 4611686019027979927       /nix/store/4nlgxhb09sdr51nc9hdm8az5b08vzkgx-glibc-2.35-163/lib/libm.so.6
7f653379a000-7f653379b000 r--p 000dd000 00:95d 4611686019027979927       /nix/store/4nlgxhb09sdr51nc9hdm8az5b08vzkgx-glibc-2.35-163/lib/libm.so.6
7f653379b000-7f653379c000 rw-p 000de000 00:95d 4611686019027979927       /nix/store/4nlgxhb09sdr51nc9hdm8az5b08vzkgx-glibc-2.35-163/lib/libm.so.6
7f653379c000-7f653379d000 r--p 00000000 00:95d 4611686019027979946       /nix/store/4nlgxhb09sdr51nc9hdm8az5b08vzkgx-glibc-2.35-163/lib/librt.so.1
7f653379d000-7f653379e000 r-xp 00001000 00:95d 4611686019027979946       /nix/store/4nlgxhb09sdr51nc9hdm8az5b08vzkgx-glibc-2.35-163/lib/librt.so.1
7f653379e000-7f653379f000 r--p 00002000 00:95d 4611686019027979946       /nix/store/4nlgxhb09sdr51nc9hdm8az5b08vzkgx-glibc-2.35-163/lib/librt.so.1
7f653379f000-7f65337a0000 r--p 00002000 00:95d 4611686019027979946       /nix/store/4nlgxhb09sdr51nc9hdm8az5b08vzkgx-glibc-2.35-163/lib/librt.so.1
7f65337a0000-7f65337a1000 rw-p 00003000 00:95d 4611686019027979946       /nix/store/4nlgxhb09sdr51nc9hdm8az5b08vzkgx-glibc-2.35-163/lib/librt.so.1
7f65337a1000-7f65348b4000 r-xp 00000000 00:95d 4611686019135360866       /nix/store/gpxl5qgg8kicmcvivwmybwjlpf7wh20l-graalvm17-ce-22.3.0/lib/server/libjvm.so
7f65348b4000-7f65348b5000 ---p 01113000 00:95d 4611686019135360866       /nix/store/gpxl5qgg8kicmcvivwmybwjlpf7wh20l-graalvm17-ce-22.3.0/lib/server/libjvm.so
7f65348b5000-7f653496a000 r--p 01113000 00:95d 4611686019135360866       /nix/store/gpxl5qgg8kicmcvivwmybwjlpf7wh20l-graalvm17-ce-22.3.0/lib/server/libjvm.so
7f653496a000-7f653499e000 rw-p 011c8000 00:95d 4611686019135360866       /nix/store/gpxl5qgg8kicmcvivwmybwjlpf7wh20l-graalvm17-ce-22.3.0/lib/server/libjvm.so
7f653499e000-7f65349fa000 rw-p 00000000 00:00 0 
7f65349fa000-7f6534a22000 r--p 00000000 00:95d 4611686019027979918       /nix/store/4nlgxhb09sdr51nc9hdm8az5b08vzkgx-glibc-2.35-163/lib/libc.so.6
7f6534a22000-7f6534b98000 r-xp 00028000 00:95d 4611686019027979918       /nix/store/4nlgxhb09sdr51nc9hdm8az5b08vzkgx-glibc-2.35-163/lib/libc.so.6
7f6534b98000-7f6534bf0000 r--p 0019e000 00:95d 4611686019027979918       /nix/store/4nlgxhb09sdr51nc9hdm8az5b08vzkgx-glibc-2.35-163/lib/libc.so.6
7f6534bf0000-7f6534bf4000 r--p 001f6000 00:95d 4611686019027979918       /nix/store/4nlgxhb09sdr51nc9hdm8az5b08vzkgx-glibc-2.35-163/lib/libc.so.6
7f6534bf4000-7f6534bf6000 rw-p 001fa000 00:95d 4611686019027979918       /nix/store/4nlgxhb09sdr51nc9hdm8az5b08vzkgx-glibc-2.35-163/lib/libc.so.6
7f6534bf6000-7f6534c05000 rw-p 00000000 00:00 0 
7f6534c05000-7f6534c06000 r--p 00000000 00:95d 4611686019027979923       /nix/store/4nlgxhb09sdr51nc9hdm8az5b08vzkgx-glibc-2.35-163/lib/libdl.so.2
7f6534c06000-7f6534c07000 r-xp 00001000 00:95d 4611686019027979923       /nix/store/4nlgxhb09sdr51nc9hdm8az5b08vzkgx-glibc-2.35-163/lib/libdl.so.2
7f6534c07000-7f6534c08000 r--p 00002000 00:95d 4611686019027979923       /nix/store/4nlgxhb09sdr51nc9hdm8az5b08vzkgx-glibc-2.35-163/lib/libdl.so.2
7f6534c08000-7f6534c09000 r--p 00002000 00:95d 4611686019027979923       /nix/store/4nlgxhb09sdr51nc9hdm8az5b08vzkgx-glibc-2.35-163/lib/libdl.so.2
7f6534c09000-7f6534c0a000 rw-p 00003000 00:95d 4611686019027979923       /nix/store/4nlgxhb09sdr51nc9hdm8az5b08vzkgx-glibc-2.35-163/lib/libdl.so.2
7f6534c0a000-7f6534c0b000 r--p 00000000 00:95d 4611686019027979942       /nix/store/4nlgxhb09sdr51nc9hdm8az5b08vzkgx-glibc-2.35-163/lib/libpthread.so.0
7f6534c0b000-7f6534c0c000 r-xp 00001000 00:95d 4611686019027979942       /nix/store/4nlgxhb09sdr51nc9hdm8az5b08vzkgx-glibc-2.35-163/lib/libpthread.so.0
7f6534c0c000-7f6534c0d000 r--p 00002000 00:95d 4611686019027979942       /nix/store/4nlgxhb09sdr51nc9hdm8az5b08vzkgx-glibc-2.35-163/lib/libpthread.so.0
7f6534c0d000-7f6534c0e000 r--p 00002000 00:95d 4611686019027979942       /nix/store/4nlgxhb09sdr51nc9hdm8az5b08vzkgx-glibc-2.35-163/lib/libpthread.so.0
7f6534c0e000-7f6534c0f000 rw-p 00003000 00:95d 4611686019027979942       /nix/store/4nlgxhb09sdr51nc9hdm8az5b08vzkgx-glibc-2.35-163/lib/libpthread.so.0
7f6534c0f000-7f6534c1d000 r-xp 00000000 00:95d 4611686019135190033       /nix/store/gpxl5qgg8kicmcvivwmybwjlpf7wh20l-graalvm17-ce-22.3.0/lib/libjli.so
7f6534c1d000-7f6534c1e000 ---p 0000e000 00:95d 4611686019135190033       /nix/store/gpxl5qgg8kicmcvivwmybwjlpf7wh20l-graalvm17-ce-22.3.0/lib/libjli.so
7f6534c1e000-7f6534c1f000 r--p 0000e000 00:95d 4611686019135190033       /nix/store/gpxl5qgg8kicmcvivwmybwjlpf7wh20l-graalvm17-ce-22.3.0/lib/libjli.so
7f6534c1f000-7f6534c20000 rw-p 0000f000 00:95d 4611686019135190033       /nix/store/gpxl5qgg8kicmcvivwmybwjlpf7wh20l-graalvm17-ce-22.3.0/lib/libjli.so
7f6534c20000-7f6534c21000 rw-p 00012000 00:95d 4611686019135190033       /nix/store/gpxl5qgg8kicmcvivwmybwjlpf7wh20l-graalvm17-ce-22.3.0/lib/libjli.so
7f6534c21000-7f6534c24000 r--p 00000000 00:95d 4611686019106210071       /nix/store/026hln0aq1hyshaxsdvhg0kmcm6yf45r-zlib-1.2.13/lib/libz.so.1.2.13
7f6534c24000-7f6534c36000 r-xp 00003000 00:95d 4611686019106210071       /nix/store/026hln0aq1hyshaxsdvhg0kmcm6yf45r-zlib-1.2.13/lib/libz.so.1.2.13
7f6534c36000-7f6534c3d000 r--p 00015000 00:95d 4611686019106210071       /nix/store/026hln0aq1hyshaxsdvhg0kmcm6yf45r-zlib-1.2.13/lib/libz.so.1.2.13
7f6534c3d000-7f6534c3e000 r--p 0001b000 00:95d 4611686019106210071       /nix/store/026hln0aq1hyshaxsdvhg0kmcm6yf45r-zlib-1.2.13/lib/libz.so.1.2.13
7f6534c3e000-7f6534c3f000 rw-p 0001c000 00:95d 4611686019106210071       /nix/store/026hln0aq1hyshaxsdvhg0kmcm6yf45r-zlib-1.2.13/lib/libz.so.1.2.13
7f6534c3f000-7f6534c41000 rw-p 00000000 00:00 0 
7f6534c41000-7f6534c43000 r--p 00000000 00:95d 4611686019027979912       /nix/store/4nlgxhb09sdr51nc9hdm8az5b08vzkgx-glibc-2.35-163/lib/ld-linux-x86-64.so.2
7f6534c43000-7f6534c6a000 r-xp 00002000 00:95d 4611686019027979912       /nix/store/4nlgxhb09sdr51nc9hdm8az5b08vzkgx-glibc-2.35-163/lib/ld-linux-x86-64.so.2
7f6534c6a000-7f6534c76000 r--p 00029000 00:95d 4611686019027979912       /nix/store/4nlgxhb09sdr51nc9hdm8az5b08vzkgx-glibc-2.35-163/lib/ld-linux-x86-64.so.2
7f6534c76000-7f6534c78000 r--p 00034000 00:95d 4611686019027979912       /nix/store/4nlgxhb09sdr51nc9hdm8az5b08vzkgx-glibc-2.35-163/lib/ld-linux-x86-64.so.2
7f6534c78000-7f6534c7a000 rw-p 00036000 00:95d 4611686019027979912       /nix/store/4nlgxhb09sdr51nc9hdm8az5b08vzkgx-glibc-2.35-163/lib/ld-linux-x86-64.so.2
7fffcc1f8000-7fffcc21c000 rw-p 00000000 00:00 0                          [stack]
7fffcc307000-7fffcc30b000 r--p 00000000 00:00 0                          [vvar]
7fffcc30b000-7fffcc30d000 r-xp 00000000 00:00 0                          [vdso]
ffffffffff600000-ffffffffff601000 --xp 00000000 00:00 0                  [vsyscall]


VM Arguments:
jvm_args: -XX:ThreadPriorityPolicy=1 -XX:+UnlockExperimentalVMOptions -XX:+EnableJVMCIProduct -XX:JVMCIThreadsPerNativeLibraryRuntime=1 -XX:-UnlockExperimentalVMOptions -Declipse.application=org.eclipse.jdt.ls.core.id1 -Dosgi.bundles.defaultStartLevel=4 -Declipse.product=org.eclipse.jdt.ls.core.product -Dlog.level=ALL -Xverify:none -XX:+UseParallelGC -XX:GCTimeRatio=4 -XX:AdaptiveSizePolicyWeight=90 -Dsun.zip.disableMemoryMapping=true -Xmx512m -Xms100m 
java_command: /nix/store/a7s9klvriqi68xz3qjc0qyfl5h86xc16-jdt-language-server-1.9.0/share/java/plugins/org.eclipse.equinox.launcher_1.6.400.v20210924-0641.jar --add-modules=ALL-SYSTEM --add-opens java.base/java.util=ALL-UNNAMED --add-opens java.base/java.lang=ALL-UNNAMED -configuration /home/runner/.cache/jdt-language-server/config -data /home/runner/.cache/jdt-language-server/data/home/runner/javaBasics
java_class_path (initial): /nix/store/a7s9klvriqi68xz3qjc0qyfl5h86xc16-jdt-language-server-1.9.0/share/java/plugins/org.eclipse.equinox.launcher_1.6.400.v20210924-0641.jar
Launcher Type: SUN_STANDARD

[Global flags]
    uintx AdaptiveSizePolicyWeight                 = 90                                        {product} {command line}
     intx CICompilerCount                          = 2                                         {product} {ergonomic}
     bool EnableJVMCIProduct                       = true                                {JVMCI product} {jimage}
    uintx GCTimeRatio                              = 4                                         {product} {command line}
   size_t InitialHeapSize                          = 104857600                                 {product} {command line}
     uint JVMCIThreadsPerNativeLibraryRuntime      = 1                                   {JVMCI product} {jimage}
   size_t MaxHeapSize                              = 536870912                                 {product} {command line}
   size_t MaxNewSize                               = 178782208                                 {product} {ergonomic}
   size_t MinHeapDeltaBytes                        = 524288                                    {product} {ergonomic}
   size_t MinHeapSize                              = 104857600                                 {product} {command line}
   size_t NewSize                                  = 34603008                                  {product} {ergonomic}
    uintx NonNMethodCodeHeapSize                   = 5826188                                {pd product} {ergonomic}
    uintx NonProfiledCodeHeapSize                  = 122916026                              {pd product} {ergonomic}
   size_t OldSize                                  = 70254592                                  {product} {ergonomic}
    uintx ProfiledCodeHeapSize                     = 122916026                              {pd product} {ergonomic}
    uintx ReservedCodeCacheSize                    = 251658240                              {pd product} {ergonomic}
     bool SegmentedCodeCache                       = true                                      {product} {ergonomic}
   size_t SoftMaxHeapSize                          = 536870912                              {manageable} {ergonomic}
     intx ThreadPriorityPolicy                     = 1                                         {product} {jimage}
     bool UseCompressedClassPointers               = true                           {product lp64_product} {ergonomic}
     bool UseCompressedOops                        = true                           {product lp64_product} {ergonomic}
     bool UseParallelGC                            = true                                      {product} {command line}

Logging:
Log output configuration:
 #0: stdout all=warning uptime,level,tags
 #1: stderr all=off uptime,level,tags

Environment Variables:
JAVA_HOME=/nix/store/gpxl5qgg8kicmcvivwmybwjlpf7wh20l-graalvm17-ce-22.3.0
PATH=/nix/store/1d6ian3r8kdzspw8hacjhl3xkp40g1lj-binutils-wrapper-2.39/bin:/nix/store/dq0xwmsk1g0i2ayg6pb7y87na2knzylh-gcc-wrapper-11.3.0/bin:/nix/store/bap4d0lpcrhpwmpb8ayjcgkmvfj62lnq-bash-interactive-5.1-p16/bin:/nix/store/pr5n59mb4jzmfx6kanwxly0l07p861fg-patchelf-0.15.0/bin:/nix/store/1gf2flfqnpqbr1b4p4qz2f72y42bs56r-gcc-11.3.0/bin:/nix/store/57xv61c5zi8pphjbcwxxjlgc34p61ic9-glibc-2.35-163-bin/bin:/nix/store/a7gvj343m05j2s32xcnwr35v31ynlypr-coreutils-9.1/bin:/nix/store/039g378vc3pc3dvi9dzdlrd0i4q93qwf-binutils-2.39/bin:/nix/store/gpxl5qgg8kicmcvivwmybwjlpf7wh20l-graalvm17-ce-22.3.0/bin:/nix/store/6z9ag3ihc8mq2hzsw48lhbznvzny65nz-apache-maven-3.8.6/bin:/nix/store/a7s9klvriqi68xz3qjc0qyfl5h86xc16-jdt-language-server-1.9.0/bin:/nix/store/48ifl2w60a3zp7yskbpnvn8jp9jdsb7k-java-debug/bin:/nix/store/mydc6f4k2z73xlcz7ilif3v2lcaiqvza-findutils-4.9.0/bin:/nix/store/j9p3g8472iijd50vhdprx0nmk2fqn5gv-diffutils-3.8/bin:/nix/store/89zs7rms6x00xfq4dq6m7mjnhkr8a6r4-gnused-4.8/bin:/nix/store/86bp03jkmsl6f92w0yzg4s59g5mhxwmy-gnugrep-3.7/bin:/nix/store/hwcdqw4jrjnd37wxqgsd47hd0j8bnj09-gawk-5.1.1/bin:/nix/store/cfbhw8r8ags41vwqaz47r583d0p4h4a1-gnutar-1.34/bin:/nix/store/p3m1ndl1lapwrlh698bnb5lvvxh67378-gzip-1.12/bin:/nix/store/a8mhcagrsly7c7mpjrpsnaahk4aax056-bzip2-1.0.8-bin/bin:/nix/store/mblgz65m3zv9x548a3d5m96fj2pbwr09-gnumake-4.3/bin:/nix/store/dsd5gz46hdbdk2rfdimqddhq6m8m8fqs-bash-5.1-p16/bin:/nix/store/v7ljksji50mg3w61dykaa3n3y79n6nil-patch-2.7.6/bin:/nix/store/zlcnmqq14jz5x9439jf937mvayyl63da-xz-5.2.7-bin/bin:/nix/store/y6aj732zm9m87c82fpvf103a1xb22blp-file-5.43/bin:/nix/store/i4kzir3m7mrisxmf5xvlnkw01x4qaqr4-prybar-elisp-0.0.0-e0d9a52/bin:/nix/store/lwwivxf6h7x3cvxp9zv8sj0mv7dak99r-prybar-lua-0.0.0-e0d9a52/bin:/nix/store/gxj28g1cg4hq3qanmjv07156h800qr58-prybar-python3-0.0.0-e0d9a52/bin:/nix/store/hshkjnxrgidigf8x75vg6lqng2xlx9i3-prybar-sqlite-0.0.0-e0d9a52/bin:/nix/store/c4w01bpjgyy5ixmwdk8m1pw87zq4sl26-prybar-tcl-0.0.0-e0d9a52/bin:/nix/store/hpbvrlwd5viqmvcaisb3x0118i913a9n-st
LD_LIBRARY_PATH=/nix/store/a4pff549sk2idnkpzk5nsfps3mdkdnvm-cups-2.4.2-lib/lib:/nix/store/72mqxxhh3cy5yifh92wh2yb8cl2hikyy-cairo-1.16.0/lib:/nix/store/2k366jrbsra97gjfxwvrhvixjfxdach5-glib-2.74.1/lib:/nix/store/2j2znigd8ak37rlwh9khz0ry3clqlw1l-gtk+3-3.24.34/lib:/nix/store/hisqvx32cd57apbpcsnkpx6k3549wql1-libglvnd-1.4.0/lib:/nix/store/p36pgcv991mq5srvg765b78yqpxvk3qs-mesa-21.3.3-drivers/lib:/nix/store/mav4251if1ahjq5vkpwycyyvnmy459c4-pulseaudio-14.2/lib
DISPLAY=:0
LANG=en_US.UTF-8

Signal Handlers:
   SIGSEGV: crash_handler in libjvm.so, mask=11100100010111111101111111111110, flags=SA_RESTART|SA_SIGINFO
    SIGBUS: crash_handler in libjvm.so, mask=11100100010111111101111111111110, flags=SA_RESTART|SA_SIGINFO
    SIGFPE: crash_handler in libjvm.so, mask=11100100010111111101111111111110, flags=SA_RESTART|SA_SIGINFO
   SIGPIPE: IsolateEnterStub_IgnoreSIGPIPEStartupHook_noopSignalHandler_8f19bff2f35b5f630d83b364d6b2339320d4ec70_216e8361c6bc87a8f89f58cc10d3b2fd4415bf87 in libjvmcicompiler.so, mask=00000000000000000000000000000000, flags=SA_RESTART
  *** Handler was modified!
  *** Expected: javaSignalHandler in libjvm.so, mask=11100100110111111111111111111110, flags=SA_RESTART|SA_SIGINFO
   SIGXFSZ: javaSignalHandler in libjvm.so, mask=11100100010111111101111111111110, flags=SA_RESTART|SA_SIGINFO
    SIGILL: crash_handler in libjvm.so, mask=11100100010111111101111111111110, flags=SA_RESTART|SA_SIGINFO
   SIGUSR2: SR_handler in libjvm.so, mask=00000000000000000000000000000000, flags=SA_RESTART|SA_SIGINFO
    SIGHUP: UserHandler in libjvm.so, mask=11100100010111111101111111111110, flags=SA_RESTART|SA_SIGINFO
    SIGINT: UserHandler in libjvm.so, mask=11100100010111111101111111111110, flags=SA_RESTART|SA_SIGINFO
   SIGTERM: UserHandler in libjvm.so, mask=11100100010111111101111111111110, flags=SA_RESTART|SA_SIGINFO
   SIGQUIT: UserHandler in libjvm.so, mask=11100100010111111101111111111110, flags=SA_RESTART|SA_SIGINFO
  *** Handler was modified!
  *** Expected: javaSignalHandler in libjvm.so, mask=11100100110111111111111111111110, flags=SA_RESTART|SA_SIGINFO
   SIGTRAP: crash_handler in libjvm.so, mask=11100100010111111101111111111110, flags=SA_RESTART|SA_SIGINFO


---------------  S Y S T E M  ---------------

OS:
DISTRIB_ID=Ubuntu
DISTRIB_RELEASE=20.04
DISTRIB_CODENAME=focal
DISTRIB_DESCRIPTION="Ubuntu 20.04.2 LTS"
uname: Linux 6.2.0-1013-gcp #13~22.04.1-Ubuntu SMP Wed Aug 30 20:41:15 UTC 2023 x86_64
OS uptime: 0 days 3:57 hours
libc: glibc 2.35 NPTL 2.35 
rlimit (soft/hard): STACK 8192k/infinity , CORE infinity/infinity , NPROC infinity/infinity , NOFILE 5242/5242 , AS infinity/infinity , CPU infinity/infinity , DATA infinity/infinity , FSIZE infinity/infinity , MEMLOCK 8192k/8192k
load average: 9.58 9.94 9.37

/proc/meminfo:
MemTotal:       32856000 kB
MemFree:        12650188 kB
MemAvailable:   24486308 kB
Buffers:         1793388 kB
Cached:          9716504 kB
SwapCached:            0 kB
Active:          5383700 kB
Inactive:       13417568 kB
Active(anon):       8216 kB
Inactive(anon):  7171168 kB
Active(file):    5375484 kB
Inactive(file):  6246400 kB
Unevictable:       28524 kB
Mlocked:           28524 kB
SwapTotal:             0 kB
SwapFree:              0 kB
Zswap:                 0 kB
Zswapped:              0 kB
Dirty:              1452 kB
Writeback:             0 kB
AnonPages:       6803652 kB
Mapped:          1435312 kB
Shmem:             13548 kB
KReclaimable:     679928 kB
Slab:             993304 kB
SReclaimable:     679928 kB
SUnreclaim:       313376 kB
KernelStack:       84112 kB
PageTables:       119292 kB
SecPageTables:         0 kB
NFS_Unstable:          0 kB
Bounce:                0 kB
WritebackTmp:          0 kB
CommitLimit:    16428000 kB
Committed_AS:   29505504 kB
VmallocTotal:   34359738367 kB
VmallocUsed:      105960 kB
VmallocChunk:          0 kB
Percpu:            11680 kB
HardwareCorrupted:     0 kB
AnonHugePages:    274432 kB
ShmemHugePages:        0 kB
ShmemPmdMapped:        0 kB
FileHugePages:         0 kB
FilePmdMapped:         0 kB
HugePages_Total:       0
HugePages_Free:        0
HugePages_Rsvd:        0
HugePages_Surp:        0
Hugepagesize:       2048 kB
Hugetlb:               0 kB
DirectMap4k:      217912 kB
DirectMap2M:     9216000 kB
DirectMap1G:    26214400 kB

/sys/kernel/mm/transparent_hugepage/enabled: always [madvise] never
/sys/kernel/mm/transparent_hugepage/defrag (defrag/compaction efforts parameter): always defer defer+madvise [madvise] never

Process Memory:
Virtual Size: 3871756K (peak: 3915980K)
Resident Set Size: 752704K (peak: 786548K) (anon: 554652K, file: 198052K, shmem: 0K)
Swapped out: 0K
C-Heap outstanding allocations: 42719K, retained: 9464K
glibc malloc tunables: (default)

/proc/sys/kernel/threads-max (system-wide limit on the number of threads): 256622
/proc/sys/vm/max_map_count (maximum number of memory map areas a process may have): 65530
/proc/sys/kernel/pid_max (system-wide limit on number of process identifiers): 4194304

container (cgroup) information:
container_type: cgroupv2
cpu_cpuset_cpus: not supported
cpu_memory_nodes: not supported
active_processor_count: 1
cpu_quota: 50000
cpu_period: 100000
cpu_shares: no shares
memory_limit_in_bytes: 1048576 k
memory_and_swap_limit_in_bytes: unlimited
memory_soft_limit_in_bytes: 524288 k
memory_usage_in_bytes: 924980 k
memory_max_usage_in_bytes: not supported
maximum number of tasks: not supported
current number of tasks: not supported

KVM virtualization detected
Steal ticks since vm start: 707
Steal ticks percentage since vm start:  0.001

CPU: total 4 (initial active 1) (2 cores per cpu, 2 threads per core) family 6 model 79 stepping 0 microcode 0xffffffff, cx8, cmov, fxsr, ht, mmx, 3dnowpref, sse, sse2, sse3, ssse3, sse4.1, sse4.2, popcnt, lzcnt, tsc, tscinvbit, avx, avx2, aes, erms, clmul, bmi1, bmi2, rtm, adx, fma, vzeroupper, clflush, hv
CPU Model and flags from /proc/cpuinfo:
model name	: Intel(R) Xeon(R) CPU @ 2.20GHz
flags		: fpu vme de pse tsc msr pae mce cx8 apic sep mtrr pge mca cmov pat pse36 clflush mmx fxsr sse sse2 ss ht syscall nx pdpe1gb rdtscp lm constant_tsc rep_good nopl xtopology nonstop_tsc cpuid tsc_known_freq pni pclmulqdq ssse3 fma cx16 pcid sse4_1 sse4_2 x2apic movbe popcnt aes xsave avx f16c rdrand hypervisor lahf_lm abm 3dnowprefetch invpcid_single pti ssbd ibrs ibpb stibp fsgsbase tsc_adjust bmi1 hle avx2 smep bmi2 erms invpcid rtm rdseed adx smap xsaveopt arat md_clear arch_capabilities

Online cpus: 0-3
Offline cpus: 
BIOS frequency limitation: <Not Available>
Frequency switch latency (ns): <Not Available>
Available cpu frequencies: <Not Available>
Current governor: <Not Available>
Core performance/turbo boost: <Not Available>

Memory: 4k page, physical 1048576k(123592k free), swap 0k(0k free)
Page Sizes: 4k

vm_info: OpenJDK 64-Bit Server VM (17.0.5+8-jvmci-22.3-b08) for linux-amd64 JRE (17.0.5+8-jvmci-22.3-b08), built on Oct 19 2022 09:01:27 by "buildslave" with gcc 10.3.0

END.
